[2025-10-06T20:04:37.344+0000] {processor.py:157} INFO - Started process (PID=56) to work on /opt/airflow/dags/dbt_dag_parser_v2.py
[2025-10-06T20:04:37.345+0000] {processor.py:829} INFO - Processing file /opt/airflow/dags/dbt_dag_parser_v2.py for tasks to queue
[2025-10-06T20:04:37.348+0000] {logging_mixin.py:151} INFO - [2025-10-06T20:04:37.347+0000] {dagbag.py:539} INFO - Filling up the DagBag from /opt/airflow/dags/dbt_dag_parser_v2.py
[2025-10-06T20:04:37.350+0000] {processor.py:841} WARNING - No viable dags retrieved from /opt/airflow/dags/dbt_dag_parser_v2.py
[2025-10-06T20:04:37.370+0000] {processor.py:179} INFO - Processing /opt/airflow/dags/dbt_dag_parser_v2.py took 0.031 seconds
[2025-10-06T20:05:07.495+0000] {processor.py:157} INFO - Started process (PID=82) to work on /opt/airflow/dags/dbt_dag_parser_v2.py
[2025-10-06T20:05:07.498+0000] {processor.py:829} INFO - Processing file /opt/airflow/dags/dbt_dag_parser_v2.py for tasks to queue
[2025-10-06T20:05:07.501+0000] {logging_mixin.py:151} INFO - [2025-10-06T20:05:07.500+0000] {dagbag.py:539} INFO - Filling up the DagBag from /opt/airflow/dags/dbt_dag_parser_v2.py
[2025-10-06T20:05:07.503+0000] {processor.py:841} WARNING - No viable dags retrieved from /opt/airflow/dags/dbt_dag_parser_v2.py
[2025-10-06T20:05:07.523+0000] {processor.py:179} INFO - Processing /opt/airflow/dags/dbt_dag_parser_v2.py took 0.031 seconds
[2025-10-06T20:05:37.795+0000] {processor.py:157} INFO - Started process (PID=112) to work on /opt/airflow/dags/dbt_dag_parser_v2.py
[2025-10-06T20:05:37.796+0000] {processor.py:829} INFO - Processing file /opt/airflow/dags/dbt_dag_parser_v2.py for tasks to queue
[2025-10-06T20:05:37.799+0000] {logging_mixin.py:151} INFO - [2025-10-06T20:05:37.799+0000] {dagbag.py:539} INFO - Filling up the DagBag from /opt/airflow/dags/dbt_dag_parser_v2.py
[2025-10-06T20:05:37.802+0000] {processor.py:841} WARNING - No viable dags retrieved from /opt/airflow/dags/dbt_dag_parser_v2.py
[2025-10-06T20:05:37.822+0000] {processor.py:179} INFO - Processing /opt/airflow/dags/dbt_dag_parser_v2.py took 0.031 seconds
[2025-10-06T20:06:08.097+0000] {processor.py:157} INFO - Started process (PID=140) to work on /opt/airflow/dags/dbt_dag_parser_v2.py
[2025-10-06T20:06:08.099+0000] {processor.py:829} INFO - Processing file /opt/airflow/dags/dbt_dag_parser_v2.py for tasks to queue
[2025-10-06T20:06:08.102+0000] {logging_mixin.py:151} INFO - [2025-10-06T20:06:08.102+0000] {dagbag.py:539} INFO - Filling up the DagBag from /opt/airflow/dags/dbt_dag_parser_v2.py
[2025-10-06T20:06:08.105+0000] {processor.py:841} WARNING - No viable dags retrieved from /opt/airflow/dags/dbt_dag_parser_v2.py
[2025-10-06T20:06:08.125+0000] {processor.py:179} INFO - Processing /opt/airflow/dags/dbt_dag_parser_v2.py took 0.032 seconds
[2025-10-06T20:06:38.245+0000] {processor.py:157} INFO - Started process (PID=168) to work on /opt/airflow/dags/dbt_dag_parser_v2.py
[2025-10-06T20:06:38.246+0000] {processor.py:829} INFO - Processing file /opt/airflow/dags/dbt_dag_parser_v2.py for tasks to queue
[2025-10-06T20:06:38.248+0000] {logging_mixin.py:151} INFO - [2025-10-06T20:06:38.248+0000] {dagbag.py:539} INFO - Filling up the DagBag from /opt/airflow/dags/dbt_dag_parser_v2.py
[2025-10-06T20:06:38.251+0000] {processor.py:841} WARNING - No viable dags retrieved from /opt/airflow/dags/dbt_dag_parser_v2.py
[2025-10-06T20:06:38.272+0000] {processor.py:179} INFO - Processing /opt/airflow/dags/dbt_dag_parser_v2.py took 0.032 seconds
[2025-10-06T20:07:08.697+0000] {processor.py:157} INFO - Started process (PID=194) to work on /opt/airflow/dags/dbt_dag_parser_v2.py
[2025-10-06T20:07:08.706+0000] {processor.py:829} INFO - Processing file /opt/airflow/dags/dbt_dag_parser_v2.py for tasks to queue
[2025-10-06T20:07:08.709+0000] {logging_mixin.py:151} INFO - [2025-10-06T20:07:08.709+0000] {dagbag.py:539} INFO - Filling up the DagBag from /opt/airflow/dags/dbt_dag_parser_v2.py
[2025-10-06T20:07:08.712+0000] {processor.py:841} WARNING - No viable dags retrieved from /opt/airflow/dags/dbt_dag_parser_v2.py
[2025-10-06T20:07:08.753+0000] {processor.py:179} INFO - Processing /opt/airflow/dags/dbt_dag_parser_v2.py took 0.060 seconds
[2025-10-06T20:07:39.289+0000] {processor.py:157} INFO - Started process (PID=219) to work on /opt/airflow/dags/dbt_dag_parser_v2.py
[2025-10-06T20:07:39.300+0000] {processor.py:829} INFO - Processing file /opt/airflow/dags/dbt_dag_parser_v2.py for tasks to queue
[2025-10-06T20:07:39.316+0000] {logging_mixin.py:151} INFO - [2025-10-06T20:07:39.316+0000] {dagbag.py:539} INFO - Filling up the DagBag from /opt/airflow/dags/dbt_dag_parser_v2.py
[2025-10-06T20:07:39.324+0000] {processor.py:841} WARNING - No viable dags retrieved from /opt/airflow/dags/dbt_dag_parser_v2.py
[2025-10-06T20:07:39.399+0000] {processor.py:179} INFO - Processing /opt/airflow/dags/dbt_dag_parser_v2.py took 0.144 seconds
[2025-10-06T20:08:10.294+0000] {processor.py:157} INFO - Started process (PID=248) to work on /opt/airflow/dags/dbt_dag_parser_v2.py
[2025-10-06T20:08:10.300+0000] {processor.py:829} INFO - Processing file /opt/airflow/dags/dbt_dag_parser_v2.py for tasks to queue
[2025-10-06T20:08:10.312+0000] {logging_mixin.py:151} INFO - [2025-10-06T20:08:10.311+0000] {dagbag.py:539} INFO - Filling up the DagBag from /opt/airflow/dags/dbt_dag_parser_v2.py
[2025-10-06T20:08:10.327+0000] {processor.py:841} WARNING - No viable dags retrieved from /opt/airflow/dags/dbt_dag_parser_v2.py
[2025-10-06T20:08:10.382+0000] {processor.py:179} INFO - Processing /opt/airflow/dags/dbt_dag_parser_v2.py took 0.111 seconds
[2025-10-06T20:08:40.611+0000] {processor.py:157} INFO - Started process (PID=270) to work on /opt/airflow/dags/dbt_dag_parser_v2.py
[2025-10-06T20:08:40.612+0000] {processor.py:829} INFO - Processing file /opt/airflow/dags/dbt_dag_parser_v2.py for tasks to queue
[2025-10-06T20:08:40.623+0000] {logging_mixin.py:151} INFO - [2025-10-06T20:08:40.623+0000] {dagbag.py:539} INFO - Filling up the DagBag from /opt/airflow/dags/dbt_dag_parser_v2.py
[2025-10-06T20:08:40.626+0000] {processor.py:841} WARNING - No viable dags retrieved from /opt/airflow/dags/dbt_dag_parser_v2.py
[2025-10-06T20:08:40.667+0000] {processor.py:179} INFO - Processing /opt/airflow/dags/dbt_dag_parser_v2.py took 0.060 seconds
[2025-10-06T20:09:11.534+0000] {processor.py:157} INFO - Started process (PID=294) to work on /opt/airflow/dags/dbt_dag_parser_v2.py
[2025-10-06T20:09:11.536+0000] {processor.py:829} INFO - Processing file /opt/airflow/dags/dbt_dag_parser_v2.py for tasks to queue
[2025-10-06T20:09:11.539+0000] {logging_mixin.py:151} INFO - [2025-10-06T20:09:11.539+0000] {dagbag.py:539} INFO - Filling up the DagBag from /opt/airflow/dags/dbt_dag_parser_v2.py
[2025-10-06T20:09:11.542+0000] {processor.py:841} WARNING - No viable dags retrieved from /opt/airflow/dags/dbt_dag_parser_v2.py
[2025-10-06T20:09:11.592+0000] {processor.py:179} INFO - Processing /opt/airflow/dags/dbt_dag_parser_v2.py took 0.074 seconds
[2025-10-06T20:09:41.900+0000] {processor.py:157} INFO - Started process (PID=316) to work on /opt/airflow/dags/dbt_dag_parser_v2.py
[2025-10-06T20:09:41.901+0000] {processor.py:829} INFO - Processing file /opt/airflow/dags/dbt_dag_parser_v2.py for tasks to queue
[2025-10-06T20:09:41.911+0000] {logging_mixin.py:151} INFO - [2025-10-06T20:09:41.911+0000] {dagbag.py:539} INFO - Filling up the DagBag from /opt/airflow/dags/dbt_dag_parser_v2.py
[2025-10-06T20:09:41.914+0000] {processor.py:841} WARNING - No viable dags retrieved from /opt/airflow/dags/dbt_dag_parser_v2.py
[2025-10-06T20:09:41.966+0000] {processor.py:179} INFO - Processing /opt/airflow/dags/dbt_dag_parser_v2.py took 0.082 seconds
[2025-10-06T20:10:12.267+0000] {processor.py:157} INFO - Started process (PID=339) to work on /opt/airflow/dags/dbt_dag_parser_v2.py
[2025-10-06T20:10:12.269+0000] {processor.py:829} INFO - Processing file /opt/airflow/dags/dbt_dag_parser_v2.py for tasks to queue
[2025-10-06T20:10:12.271+0000] {logging_mixin.py:151} INFO - [2025-10-06T20:10:12.271+0000] {dagbag.py:539} INFO - Filling up the DagBag from /opt/airflow/dags/dbt_dag_parser_v2.py
[2025-10-06T20:10:12.280+0000] {processor.py:841} WARNING - No viable dags retrieved from /opt/airflow/dags/dbt_dag_parser_v2.py
[2025-10-06T20:10:12.302+0000] {processor.py:179} INFO - Processing /opt/airflow/dags/dbt_dag_parser_v2.py took 0.040 seconds
[2025-10-06T20:10:42.588+0000] {processor.py:157} INFO - Started process (PID=363) to work on /opt/airflow/dags/dbt_dag_parser_v2.py
[2025-10-06T20:10:42.589+0000] {processor.py:829} INFO - Processing file /opt/airflow/dags/dbt_dag_parser_v2.py for tasks to queue
[2025-10-06T20:10:42.592+0000] {logging_mixin.py:151} INFO - [2025-10-06T20:10:42.592+0000] {dagbag.py:539} INFO - Filling up the DagBag from /opt/airflow/dags/dbt_dag_parser_v2.py
[2025-10-06T20:10:42.595+0000] {processor.py:841} WARNING - No viable dags retrieved from /opt/airflow/dags/dbt_dag_parser_v2.py
[2025-10-06T20:10:42.626+0000] {processor.py:179} INFO - Processing /opt/airflow/dags/dbt_dag_parser_v2.py took 0.043 seconds
[2025-10-06T20:11:12.907+0000] {processor.py:157} INFO - Started process (PID=386) to work on /opt/airflow/dags/dbt_dag_parser_v2.py
[2025-10-06T20:11:12.908+0000] {processor.py:829} INFO - Processing file /opt/airflow/dags/dbt_dag_parser_v2.py for tasks to queue
[2025-10-06T20:11:12.911+0000] {logging_mixin.py:151} INFO - [2025-10-06T20:11:12.911+0000] {dagbag.py:539} INFO - Filling up the DagBag from /opt/airflow/dags/dbt_dag_parser_v2.py
[2025-10-06T20:11:12.914+0000] {processor.py:841} WARNING - No viable dags retrieved from /opt/airflow/dags/dbt_dag_parser_v2.py
[2025-10-06T20:11:12.937+0000] {processor.py:179} INFO - Processing /opt/airflow/dags/dbt_dag_parser_v2.py took 0.035 seconds
[2025-10-06T20:11:43.273+0000] {processor.py:157} INFO - Started process (PID=409) to work on /opt/airflow/dags/dbt_dag_parser_v2.py
[2025-10-06T20:11:43.276+0000] {processor.py:829} INFO - Processing file /opt/airflow/dags/dbt_dag_parser_v2.py for tasks to queue
[2025-10-06T20:11:43.279+0000] {logging_mixin.py:151} INFO - [2025-10-06T20:11:43.278+0000] {dagbag.py:539} INFO - Filling up the DagBag from /opt/airflow/dags/dbt_dag_parser_v2.py
[2025-10-06T20:11:43.282+0000] {processor.py:841} WARNING - No viable dags retrieved from /opt/airflow/dags/dbt_dag_parser_v2.py
[2025-10-06T20:11:43.309+0000] {processor.py:179} INFO - Processing /opt/airflow/dags/dbt_dag_parser_v2.py took 0.048 seconds
[2025-10-06T20:12:13.599+0000] {processor.py:157} INFO - Started process (PID=433) to work on /opt/airflow/dags/dbt_dag_parser_v2.py
[2025-10-06T20:12:13.601+0000] {processor.py:829} INFO - Processing file /opt/airflow/dags/dbt_dag_parser_v2.py for tasks to queue
[2025-10-06T20:12:13.604+0000] {logging_mixin.py:151} INFO - [2025-10-06T20:12:13.603+0000] {dagbag.py:539} INFO - Filling up the DagBag from /opt/airflow/dags/dbt_dag_parser_v2.py
[2025-10-06T20:12:13.614+0000] {processor.py:841} WARNING - No viable dags retrieved from /opt/airflow/dags/dbt_dag_parser_v2.py
[2025-10-06T20:12:13.636+0000] {processor.py:179} INFO - Processing /opt/airflow/dags/dbt_dag_parser_v2.py took 0.042 seconds
[2025-10-06T20:12:44.429+0000] {processor.py:157} INFO - Started process (PID=455) to work on /opt/airflow/dags/dbt_dag_parser_v2.py
[2025-10-06T20:12:44.440+0000] {processor.py:829} INFO - Processing file /opt/airflow/dags/dbt_dag_parser_v2.py for tasks to queue
[2025-10-06T20:12:44.443+0000] {logging_mixin.py:151} INFO - [2025-10-06T20:12:44.443+0000] {dagbag.py:539} INFO - Filling up the DagBag from /opt/airflow/dags/dbt_dag_parser_v2.py
[2025-10-06T20:12:44.458+0000] {processor.py:841} WARNING - No viable dags retrieved from /opt/airflow/dags/dbt_dag_parser_v2.py
[2025-10-06T20:12:44.480+0000] {processor.py:179} INFO - Processing /opt/airflow/dags/dbt_dag_parser_v2.py took 0.072 seconds
[2025-10-06T20:13:14.626+0000] {processor.py:157} INFO - Started process (PID=474) to work on /opt/airflow/dags/dbt_dag_parser_v2.py
[2025-10-06T20:13:14.628+0000] {processor.py:829} INFO - Processing file /opt/airflow/dags/dbt_dag_parser_v2.py for tasks to queue
[2025-10-06T20:13:14.631+0000] {logging_mixin.py:151} INFO - [2025-10-06T20:13:14.631+0000] {dagbag.py:539} INFO - Filling up the DagBag from /opt/airflow/dags/dbt_dag_parser_v2.py
[2025-10-06T20:13:14.634+0000] {processor.py:841} WARNING - No viable dags retrieved from /opt/airflow/dags/dbt_dag_parser_v2.py
[2025-10-06T20:13:14.657+0000] {processor.py:179} INFO - Processing /opt/airflow/dags/dbt_dag_parser_v2.py took 0.036 seconds
[2025-10-06T20:13:45.006+0000] {processor.py:157} INFO - Started process (PID=497) to work on /opt/airflow/dags/dbt_dag_parser_v2.py
[2025-10-06T20:13:45.026+0000] {processor.py:829} INFO - Processing file /opt/airflow/dags/dbt_dag_parser_v2.py for tasks to queue
[2025-10-06T20:13:45.034+0000] {logging_mixin.py:151} INFO - [2025-10-06T20:13:45.033+0000] {dagbag.py:539} INFO - Filling up the DagBag from /opt/airflow/dags/dbt_dag_parser_v2.py
[2025-10-06T20:13:45.051+0000] {processor.py:841} WARNING - No viable dags retrieved from /opt/airflow/dags/dbt_dag_parser_v2.py
[2025-10-06T20:13:45.097+0000] {processor.py:179} INFO - Processing /opt/airflow/dags/dbt_dag_parser_v2.py took 0.096 seconds
[2025-10-06T20:14:15.620+0000] {processor.py:157} INFO - Started process (PID=526) to work on /opt/airflow/dags/dbt_dag_parser_v2.py
[2025-10-06T20:14:15.621+0000] {processor.py:829} INFO - Processing file /opt/airflow/dags/dbt_dag_parser_v2.py for tasks to queue
[2025-10-06T20:14:15.634+0000] {logging_mixin.py:151} INFO - [2025-10-06T20:14:15.633+0000] {dagbag.py:539} INFO - Filling up the DagBag from /opt/airflow/dags/dbt_dag_parser_v2.py
[2025-10-06T20:14:15.636+0000] {processor.py:841} WARNING - No viable dags retrieved from /opt/airflow/dags/dbt_dag_parser_v2.py
[2025-10-06T20:14:15.679+0000] {processor.py:179} INFO - Processing /opt/airflow/dags/dbt_dag_parser_v2.py took 0.065 seconds
[2025-10-06T20:14:46.147+0000] {processor.py:157} INFO - Started process (PID=548) to work on /opt/airflow/dags/dbt_dag_parser_v2.py
[2025-10-06T20:14:46.150+0000] {processor.py:829} INFO - Processing file /opt/airflow/dags/dbt_dag_parser_v2.py for tasks to queue
[2025-10-06T20:14:46.152+0000] {logging_mixin.py:151} INFO - [2025-10-06T20:14:46.152+0000] {dagbag.py:539} INFO - Filling up the DagBag from /opt/airflow/dags/dbt_dag_parser_v2.py
[2025-10-06T20:14:46.155+0000] {processor.py:841} WARNING - No viable dags retrieved from /opt/airflow/dags/dbt_dag_parser_v2.py
[2025-10-06T20:14:46.199+0000] {processor.py:179} INFO - Processing /opt/airflow/dags/dbt_dag_parser_v2.py took 0.062 seconds
[2025-10-06T20:15:16.543+0000] {processor.py:157} INFO - Started process (PID=572) to work on /opt/airflow/dags/dbt_dag_parser_v2.py
[2025-10-06T20:15:16.549+0000] {processor.py:829} INFO - Processing file /opt/airflow/dags/dbt_dag_parser_v2.py for tasks to queue
[2025-10-06T20:15:16.552+0000] {logging_mixin.py:151} INFO - [2025-10-06T20:15:16.552+0000] {dagbag.py:539} INFO - Filling up the DagBag from /opt/airflow/dags/dbt_dag_parser_v2.py
[2025-10-06T20:15:16.555+0000] {processor.py:841} WARNING - No viable dags retrieved from /opt/airflow/dags/dbt_dag_parser_v2.py
[2025-10-06T20:15:16.605+0000] {processor.py:179} INFO - Processing /opt/airflow/dags/dbt_dag_parser_v2.py took 0.075 seconds
[2025-10-06T20:15:46.924+0000] {processor.py:157} INFO - Started process (PID=595) to work on /opt/airflow/dags/dbt_dag_parser_v2.py
[2025-10-06T20:15:46.926+0000] {processor.py:829} INFO - Processing file /opt/airflow/dags/dbt_dag_parser_v2.py for tasks to queue
[2025-10-06T20:15:46.929+0000] {logging_mixin.py:151} INFO - [2025-10-06T20:15:46.929+0000] {dagbag.py:539} INFO - Filling up the DagBag from /opt/airflow/dags/dbt_dag_parser_v2.py
[2025-10-06T20:15:46.932+0000] {processor.py:841} WARNING - No viable dags retrieved from /opt/airflow/dags/dbt_dag_parser_v2.py
[2025-10-06T20:15:46.954+0000] {processor.py:179} INFO - Processing /opt/airflow/dags/dbt_dag_parser_v2.py took 0.035 seconds
[2025-10-06T20:16:17.134+0000] {processor.py:157} INFO - Started process (PID=619) to work on /opt/airflow/dags/dbt_dag_parser_v2.py
[2025-10-06T20:16:17.140+0000] {processor.py:829} INFO - Processing file /opt/airflow/dags/dbt_dag_parser_v2.py for tasks to queue
[2025-10-06T20:16:17.143+0000] {logging_mixin.py:151} INFO - [2025-10-06T20:16:17.143+0000] {dagbag.py:539} INFO - Filling up the DagBag from /opt/airflow/dags/dbt_dag_parser_v2.py
[2025-10-06T20:16:17.146+0000] {processor.py:841} WARNING - No viable dags retrieved from /opt/airflow/dags/dbt_dag_parser_v2.py
[2025-10-06T20:16:17.176+0000] {processor.py:179} INFO - Processing /opt/airflow/dags/dbt_dag_parser_v2.py took 0.047 seconds
[2025-10-06T20:16:47.639+0000] {processor.py:157} INFO - Started process (PID=640) to work on /opt/airflow/dags/dbt_dag_parser_v2.py
[2025-10-06T20:16:47.642+0000] {processor.py:829} INFO - Processing file /opt/airflow/dags/dbt_dag_parser_v2.py for tasks to queue
[2025-10-06T20:16:47.645+0000] {logging_mixin.py:151} INFO - [2025-10-06T20:16:47.644+0000] {dagbag.py:539} INFO - Filling up the DagBag from /opt/airflow/dags/dbt_dag_parser_v2.py
[2025-10-06T20:16:47.648+0000] {processor.py:841} WARNING - No viable dags retrieved from /opt/airflow/dags/dbt_dag_parser_v2.py
[2025-10-06T20:16:47.668+0000] {processor.py:179} INFO - Processing /opt/airflow/dags/dbt_dag_parser_v2.py took 0.033 seconds
[2025-10-06T20:17:17.860+0000] {processor.py:157} INFO - Started process (PID=659) to work on /opt/airflow/dags/dbt_dag_parser_v2.py
[2025-10-06T20:17:17.862+0000] {processor.py:829} INFO - Processing file /opt/airflow/dags/dbt_dag_parser_v2.py for tasks to queue
[2025-10-06T20:17:17.865+0000] {logging_mixin.py:151} INFO - [2025-10-06T20:17:17.864+0000] {dagbag.py:539} INFO - Filling up the DagBag from /opt/airflow/dags/dbt_dag_parser_v2.py
[2025-10-06T20:17:17.867+0000] {processor.py:841} WARNING - No viable dags retrieved from /opt/airflow/dags/dbt_dag_parser_v2.py
[2025-10-06T20:17:17.894+0000] {processor.py:179} INFO - Processing /opt/airflow/dags/dbt_dag_parser_v2.py took 0.039 seconds
[2025-10-06T20:17:48.262+0000] {processor.py:157} INFO - Started process (PID=682) to work on /opt/airflow/dags/dbt_dag_parser_v2.py
[2025-10-06T20:17:48.273+0000] {processor.py:829} INFO - Processing file /opt/airflow/dags/dbt_dag_parser_v2.py for tasks to queue
[2025-10-06T20:17:48.276+0000] {logging_mixin.py:151} INFO - [2025-10-06T20:17:48.276+0000] {dagbag.py:539} INFO - Filling up the DagBag from /opt/airflow/dags/dbt_dag_parser_v2.py
[2025-10-06T20:17:48.299+0000] {processor.py:841} WARNING - No viable dags retrieved from /opt/airflow/dags/dbt_dag_parser_v2.py
[2025-10-06T20:17:48.345+0000] {processor.py:179} INFO - Processing /opt/airflow/dags/dbt_dag_parser_v2.py took 0.092 seconds
[2025-10-06T20:18:18.611+0000] {processor.py:157} INFO - Started process (PID=705) to work on /opt/airflow/dags/dbt_dag_parser_v2.py
[2025-10-06T20:18:18.612+0000] {processor.py:829} INFO - Processing file /opt/airflow/dags/dbt_dag_parser_v2.py for tasks to queue
[2025-10-06T20:18:18.615+0000] {logging_mixin.py:151} INFO - [2025-10-06T20:18:18.615+0000] {dagbag.py:539} INFO - Filling up the DagBag from /opt/airflow/dags/dbt_dag_parser_v2.py
[2025-10-06T20:18:18.618+0000] {processor.py:841} WARNING - No viable dags retrieved from /opt/airflow/dags/dbt_dag_parser_v2.py
[2025-10-06T20:18:18.643+0000] {processor.py:179} INFO - Processing /opt/airflow/dags/dbt_dag_parser_v2.py took 0.037 seconds
[2025-10-06T20:18:48.951+0000] {processor.py:157} INFO - Started process (PID=728) to work on /opt/airflow/dags/dbt_dag_parser_v2.py
[2025-10-06T20:18:48.954+0000] {processor.py:829} INFO - Processing file /opt/airflow/dags/dbt_dag_parser_v2.py for tasks to queue
[2025-10-06T20:18:48.957+0000] {logging_mixin.py:151} INFO - [2025-10-06T20:18:48.957+0000] {dagbag.py:539} INFO - Filling up the DagBag from /opt/airflow/dags/dbt_dag_parser_v2.py
[2025-10-06T20:18:48.980+0000] {processor.py:841} WARNING - No viable dags retrieved from /opt/airflow/dags/dbt_dag_parser_v2.py
[2025-10-06T20:18:49.038+0000] {processor.py:179} INFO - Processing /opt/airflow/dags/dbt_dag_parser_v2.py took 0.092 seconds
[2025-10-06T20:19:19.428+0000] {processor.py:157} INFO - Started process (PID=751) to work on /opt/airflow/dags/dbt_dag_parser_v2.py
[2025-10-06T20:19:19.429+0000] {processor.py:829} INFO - Processing file /opt/airflow/dags/dbt_dag_parser_v2.py for tasks to queue
[2025-10-06T20:19:19.441+0000] {logging_mixin.py:151} INFO - [2025-10-06T20:19:19.440+0000] {dagbag.py:539} INFO - Filling up the DagBag from /opt/airflow/dags/dbt_dag_parser_v2.py
[2025-10-06T20:19:19.444+0000] {processor.py:841} WARNING - No viable dags retrieved from /opt/airflow/dags/dbt_dag_parser_v2.py
[2025-10-06T20:19:19.515+0000] {processor.py:179} INFO - Processing /opt/airflow/dags/dbt_dag_parser_v2.py took 0.114 seconds
[2025-10-06T20:19:49.866+0000] {processor.py:157} INFO - Started process (PID=774) to work on /opt/airflow/dags/dbt_dag_parser_v2.py
[2025-10-06T20:19:49.874+0000] {processor.py:829} INFO - Processing file /opt/airflow/dags/dbt_dag_parser_v2.py for tasks to queue
[2025-10-06T20:19:49.878+0000] {logging_mixin.py:151} INFO - [2025-10-06T20:19:49.877+0000] {dagbag.py:539} INFO - Filling up the DagBag from /opt/airflow/dags/dbt_dag_parser_v2.py
[2025-10-06T20:19:49.885+0000] {processor.py:841} WARNING - No viable dags retrieved from /opt/airflow/dags/dbt_dag_parser_v2.py
[2025-10-06T20:19:49.958+0000] {processor.py:179} INFO - Processing /opt/airflow/dags/dbt_dag_parser_v2.py took 0.114 seconds
[2025-10-06T20:20:20.234+0000] {processor.py:157} INFO - Started process (PID=797) to work on /opt/airflow/dags/dbt_dag_parser_v2.py
[2025-10-06T20:20:20.238+0000] {processor.py:829} INFO - Processing file /opt/airflow/dags/dbt_dag_parser_v2.py for tasks to queue
[2025-10-06T20:20:20.242+0000] {logging_mixin.py:151} INFO - [2025-10-06T20:20:20.241+0000] {dagbag.py:539} INFO - Filling up the DagBag from /opt/airflow/dags/dbt_dag_parser_v2.py
[2025-10-06T20:20:20.256+0000] {processor.py:841} WARNING - No viable dags retrieved from /opt/airflow/dags/dbt_dag_parser_v2.py
[2025-10-06T20:20:20.299+0000] {processor.py:179} INFO - Processing /opt/airflow/dags/dbt_dag_parser_v2.py took 0.079 seconds
[2025-10-06T20:20:51.087+0000] {processor.py:157} INFO - Started process (PID=819) to work on /opt/airflow/dags/dbt_dag_parser_v2.py
[2025-10-06T20:20:51.088+0000] {processor.py:829} INFO - Processing file /opt/airflow/dags/dbt_dag_parser_v2.py for tasks to queue
[2025-10-06T20:20:51.106+0000] {logging_mixin.py:151} INFO - [2025-10-06T20:20:51.106+0000] {dagbag.py:539} INFO - Filling up the DagBag from /opt/airflow/dags/dbt_dag_parser_v2.py
[2025-10-06T20:20:51.110+0000] {processor.py:841} WARNING - No viable dags retrieved from /opt/airflow/dags/dbt_dag_parser_v2.py
[2025-10-06T20:20:51.151+0000] {processor.py:179} INFO - Processing /opt/airflow/dags/dbt_dag_parser_v2.py took 0.086 seconds
[2025-10-06T20:21:21.374+0000] {processor.py:157} INFO - Started process (PID=839) to work on /opt/airflow/dags/dbt_dag_parser_v2.py
[2025-10-06T20:21:21.376+0000] {processor.py:829} INFO - Processing file /opt/airflow/dags/dbt_dag_parser_v2.py for tasks to queue
[2025-10-06T20:21:21.388+0000] {logging_mixin.py:151} INFO - [2025-10-06T20:21:21.388+0000] {dagbag.py:539} INFO - Filling up the DagBag from /opt/airflow/dags/dbt_dag_parser_v2.py
[2025-10-06T20:21:21.391+0000] {processor.py:841} WARNING - No viable dags retrieved from /opt/airflow/dags/dbt_dag_parser_v2.py
[2025-10-06T20:21:21.438+0000] {processor.py:179} INFO - Processing /opt/airflow/dags/dbt_dag_parser_v2.py took 0.077 seconds
[2025-10-06T20:21:51.769+0000] {processor.py:157} INFO - Started process (PID=869) to work on /opt/airflow/dags/dbt_dag_parser_v2.py
[2025-10-06T20:21:51.778+0000] {processor.py:829} INFO - Processing file /opt/airflow/dags/dbt_dag_parser_v2.py for tasks to queue
[2025-10-06T20:21:51.781+0000] {logging_mixin.py:151} INFO - [2025-10-06T20:21:51.781+0000] {dagbag.py:539} INFO - Filling up the DagBag from /opt/airflow/dags/dbt_dag_parser_v2.py
[2025-10-06T20:21:51.785+0000] {processor.py:841} WARNING - No viable dags retrieved from /opt/airflow/dags/dbt_dag_parser_v2.py
[2025-10-06T20:21:51.843+0000] {processor.py:179} INFO - Processing /opt/airflow/dags/dbt_dag_parser_v2.py took 0.089 seconds
[2025-10-06T20:22:21.972+0000] {processor.py:157} INFO - Started process (PID=891) to work on /opt/airflow/dags/dbt_dag_parser_v2.py
[2025-10-06T20:22:21.978+0000] {processor.py:829} INFO - Processing file /opt/airflow/dags/dbt_dag_parser_v2.py for tasks to queue
[2025-10-06T20:22:21.981+0000] {logging_mixin.py:151} INFO - [2025-10-06T20:22:21.981+0000] {dagbag.py:539} INFO - Filling up the DagBag from /opt/airflow/dags/dbt_dag_parser_v2.py
[2025-10-06T20:22:21.985+0000] {processor.py:841} WARNING - No viable dags retrieved from /opt/airflow/dags/dbt_dag_parser_v2.py
[2025-10-06T20:22:22.056+0000] {processor.py:179} INFO - Processing /opt/airflow/dags/dbt_dag_parser_v2.py took 0.093 seconds
[2025-10-06T20:22:52.129+0000] {processor.py:157} INFO - Started process (PID=914) to work on /opt/airflow/dags/dbt_dag_parser_v2.py
[2025-10-06T20:22:52.130+0000] {processor.py:829} INFO - Processing file /opt/airflow/dags/dbt_dag_parser_v2.py for tasks to queue
[2025-10-06T20:22:52.133+0000] {logging_mixin.py:151} INFO - [2025-10-06T20:22:52.133+0000] {dagbag.py:539} INFO - Filling up the DagBag from /opt/airflow/dags/dbt_dag_parser_v2.py
[2025-10-06T20:22:52.136+0000] {processor.py:841} WARNING - No viable dags retrieved from /opt/airflow/dags/dbt_dag_parser_v2.py
[2025-10-06T20:22:52.161+0000] {processor.py:179} INFO - Processing /opt/airflow/dags/dbt_dag_parser_v2.py took 0.045 seconds
[2025-10-06T20:23:22.461+0000] {processor.py:157} INFO - Started process (PID=944) to work on /opt/airflow/dags/dbt_dag_parser_v2.py
[2025-10-06T20:23:22.463+0000] {processor.py:829} INFO - Processing file /opt/airflow/dags/dbt_dag_parser_v2.py for tasks to queue
[2025-10-06T20:23:22.466+0000] {logging_mixin.py:151} INFO - [2025-10-06T20:23:22.465+0000] {dagbag.py:539} INFO - Filling up the DagBag from /opt/airflow/dags/dbt_dag_parser_v2.py
[2025-10-06T20:23:22.469+0000] {processor.py:841} WARNING - No viable dags retrieved from /opt/airflow/dags/dbt_dag_parser_v2.py
[2025-10-06T20:23:22.501+0000] {processor.py:179} INFO - Processing /opt/airflow/dags/dbt_dag_parser_v2.py took 0.045 seconds
[2025-10-06T20:23:52.620+0000] {processor.py:157} INFO - Started process (PID=967) to work on /opt/airflow/dags/dbt_dag_parser_v2.py
[2025-10-06T20:23:52.621+0000] {processor.py:829} INFO - Processing file /opt/airflow/dags/dbt_dag_parser_v2.py for tasks to queue
[2025-10-06T20:23:52.624+0000] {logging_mixin.py:151} INFO - [2025-10-06T20:23:52.624+0000] {dagbag.py:539} INFO - Filling up the DagBag from /opt/airflow/dags/dbt_dag_parser_v2.py
[2025-10-06T20:23:52.627+0000] {processor.py:841} WARNING - No viable dags retrieved from /opt/airflow/dags/dbt_dag_parser_v2.py
[2025-10-06T20:23:52.649+0000] {processor.py:179} INFO - Processing /opt/airflow/dags/dbt_dag_parser_v2.py took 0.033 seconds
[2025-10-06T20:24:22.975+0000] {processor.py:157} INFO - Started process (PID=991) to work on /opt/airflow/dags/dbt_dag_parser_v2.py
[2025-10-06T20:24:22.978+0000] {processor.py:829} INFO - Processing file /opt/airflow/dags/dbt_dag_parser_v2.py for tasks to queue
[2025-10-06T20:24:22.981+0000] {logging_mixin.py:151} INFO - [2025-10-06T20:24:22.981+0000] {dagbag.py:539} INFO - Filling up the DagBag from /opt/airflow/dags/dbt_dag_parser_v2.py
[2025-10-06T20:24:22.984+0000] {processor.py:841} WARNING - No viable dags retrieved from /opt/airflow/dags/dbt_dag_parser_v2.py
[2025-10-06T20:24:23.007+0000] {processor.py:179} INFO - Processing /opt/airflow/dags/dbt_dag_parser_v2.py took 0.036 seconds
[2025-10-06T20:24:53.758+0000] {processor.py:157} INFO - Started process (PID=1019) to work on /opt/airflow/dags/dbt_dag_parser_v2.py
[2025-10-06T20:24:53.770+0000] {processor.py:829} INFO - Processing file /opt/airflow/dags/dbt_dag_parser_v2.py for tasks to queue
[2025-10-06T20:24:53.774+0000] {logging_mixin.py:151} INFO - [2025-10-06T20:24:53.774+0000] {dagbag.py:539} INFO - Filling up the DagBag from /opt/airflow/dags/dbt_dag_parser_v2.py
[2025-10-06T20:24:53.787+0000] {processor.py:841} WARNING - No viable dags retrieved from /opt/airflow/dags/dbt_dag_parser_v2.py
[2025-10-06T20:24:53.907+0000] {processor.py:179} INFO - Processing /opt/airflow/dags/dbt_dag_parser_v2.py took 0.174 seconds
[2025-10-06T20:25:24.279+0000] {processor.py:157} INFO - Started process (PID=1046) to work on /opt/airflow/dags/dbt_dag_parser_v2.py
[2025-10-06T20:25:24.281+0000] {processor.py:829} INFO - Processing file /opt/airflow/dags/dbt_dag_parser_v2.py for tasks to queue
[2025-10-06T20:25:24.284+0000] {logging_mixin.py:151} INFO - [2025-10-06T20:25:24.284+0000] {dagbag.py:539} INFO - Filling up the DagBag from /opt/airflow/dags/dbt_dag_parser_v2.py
[2025-10-06T20:25:24.288+0000] {processor.py:841} WARNING - No viable dags retrieved from /opt/airflow/dags/dbt_dag_parser_v2.py
[2025-10-06T20:25:24.317+0000] {processor.py:179} INFO - Processing /opt/airflow/dags/dbt_dag_parser_v2.py took 0.042 seconds
[2025-10-06T20:25:54.537+0000] {processor.py:157} INFO - Started process (PID=1069) to work on /opt/airflow/dags/dbt_dag_parser_v2.py
[2025-10-06T20:25:54.540+0000] {processor.py:829} INFO - Processing file /opt/airflow/dags/dbt_dag_parser_v2.py for tasks to queue
[2025-10-06T20:25:54.543+0000] {logging_mixin.py:151} INFO - [2025-10-06T20:25:54.542+0000] {dagbag.py:539} INFO - Filling up the DagBag from /opt/airflow/dags/dbt_dag_parser_v2.py
[2025-10-06T20:25:54.545+0000] {processor.py:841} WARNING - No viable dags retrieved from /opt/airflow/dags/dbt_dag_parser_v2.py
[2025-10-06T20:25:54.567+0000] {processor.py:179} INFO - Processing /opt/airflow/dags/dbt_dag_parser_v2.py took 0.034 seconds
[2025-10-06T20:26:24.926+0000] {processor.py:157} INFO - Started process (PID=1092) to work on /opt/airflow/dags/dbt_dag_parser_v2.py
[2025-10-06T20:26:24.928+0000] {processor.py:829} INFO - Processing file /opt/airflow/dags/dbt_dag_parser_v2.py for tasks to queue
[2025-10-06T20:26:24.931+0000] {logging_mixin.py:151} INFO - [2025-10-06T20:26:24.931+0000] {dagbag.py:539} INFO - Filling up the DagBag from /opt/airflow/dags/dbt_dag_parser_v2.py
[2025-10-06T20:26:24.934+0000] {processor.py:841} WARNING - No viable dags retrieved from /opt/airflow/dags/dbt_dag_parser_v2.py
[2025-10-06T20:26:24.955+0000] {processor.py:179} INFO - Processing /opt/airflow/dags/dbt_dag_parser_v2.py took 0.034 seconds
[2025-10-06T20:26:55.265+0000] {processor.py:157} INFO - Started process (PID=1116) to work on /opt/airflow/dags/dbt_dag_parser_v2.py
[2025-10-06T20:26:55.268+0000] {processor.py:829} INFO - Processing file /opt/airflow/dags/dbt_dag_parser_v2.py for tasks to queue
[2025-10-06T20:26:55.271+0000] {logging_mixin.py:151} INFO - [2025-10-06T20:26:55.270+0000] {dagbag.py:539} INFO - Filling up the DagBag from /opt/airflow/dags/dbt_dag_parser_v2.py
[2025-10-06T20:26:55.274+0000] {processor.py:841} WARNING - No viable dags retrieved from /opt/airflow/dags/dbt_dag_parser_v2.py
[2025-10-06T20:26:55.295+0000] {processor.py:179} INFO - Processing /opt/airflow/dags/dbt_dag_parser_v2.py took 0.034 seconds
[2025-10-06T20:27:25.815+0000] {processor.py:157} INFO - Started process (PID=1139) to work on /opt/airflow/dags/dbt_dag_parser_v2.py
[2025-10-06T20:27:25.817+0000] {processor.py:829} INFO - Processing file /opt/airflow/dags/dbt_dag_parser_v2.py for tasks to queue
[2025-10-06T20:27:25.820+0000] {logging_mixin.py:151} INFO - [2025-10-06T20:27:25.819+0000] {dagbag.py:539} INFO - Filling up the DagBag from /opt/airflow/dags/dbt_dag_parser_v2.py
[2025-10-06T20:27:25.823+0000] {processor.py:841} WARNING - No viable dags retrieved from /opt/airflow/dags/dbt_dag_parser_v2.py
[2025-10-06T20:27:25.859+0000] {processor.py:179} INFO - Processing /opt/airflow/dags/dbt_dag_parser_v2.py took 0.048 seconds
[2025-10-06T20:27:56.143+0000] {processor.py:157} INFO - Started process (PID=1163) to work on /opt/airflow/dags/dbt_dag_parser_v2.py
[2025-10-06T20:27:56.146+0000] {processor.py:829} INFO - Processing file /opt/airflow/dags/dbt_dag_parser_v2.py for tasks to queue
[2025-10-06T20:27:56.149+0000] {logging_mixin.py:151} INFO - [2025-10-06T20:27:56.149+0000] {dagbag.py:539} INFO - Filling up the DagBag from /opt/airflow/dags/dbt_dag_parser_v2.py
[2025-10-06T20:27:56.153+0000] {processor.py:841} WARNING - No viable dags retrieved from /opt/airflow/dags/dbt_dag_parser_v2.py
[2025-10-06T20:27:56.175+0000] {processor.py:179} INFO - Processing /opt/airflow/dags/dbt_dag_parser_v2.py took 0.038 seconds
[2025-10-06T20:28:26.510+0000] {processor.py:157} INFO - Started process (PID=1185) to work on /opt/airflow/dags/dbt_dag_parser_v2.py
[2025-10-06T20:28:26.513+0000] {processor.py:829} INFO - Processing file /opt/airflow/dags/dbt_dag_parser_v2.py for tasks to queue
[2025-10-06T20:28:26.515+0000] {logging_mixin.py:151} INFO - [2025-10-06T20:28:26.515+0000] {dagbag.py:539} INFO - Filling up the DagBag from /opt/airflow/dags/dbt_dag_parser_v2.py
[2025-10-06T20:28:26.518+0000] {processor.py:841} WARNING - No viable dags retrieved from /opt/airflow/dags/dbt_dag_parser_v2.py
[2025-10-06T20:28:26.540+0000] {processor.py:179} INFO - Processing /opt/airflow/dags/dbt_dag_parser_v2.py took 0.034 seconds
[2025-10-06T20:28:56.849+0000] {processor.py:157} INFO - Started process (PID=1208) to work on /opt/airflow/dags/dbt_dag_parser_v2.py
[2025-10-06T20:28:56.850+0000] {processor.py:829} INFO - Processing file /opt/airflow/dags/dbt_dag_parser_v2.py for tasks to queue
[2025-10-06T20:28:56.852+0000] {logging_mixin.py:151} INFO - [2025-10-06T20:28:56.852+0000] {dagbag.py:539} INFO - Filling up the DagBag from /opt/airflow/dags/dbt_dag_parser_v2.py
[2025-10-06T20:28:56.855+0000] {processor.py:841} WARNING - No viable dags retrieved from /opt/airflow/dags/dbt_dag_parser_v2.py
[2025-10-06T20:28:56.877+0000] {processor.py:179} INFO - Processing /opt/airflow/dags/dbt_dag_parser_v2.py took 0.033 seconds
[2025-10-06T20:29:27.368+0000] {processor.py:157} INFO - Started process (PID=1235) to work on /opt/airflow/dags/dbt_dag_parser_v2.py
[2025-10-06T20:29:27.376+0000] {processor.py:829} INFO - Processing file /opt/airflow/dags/dbt_dag_parser_v2.py for tasks to queue
[2025-10-06T20:29:27.380+0000] {logging_mixin.py:151} INFO - [2025-10-06T20:29:27.379+0000] {dagbag.py:539} INFO - Filling up the DagBag from /opt/airflow/dags/dbt_dag_parser_v2.py
[2025-10-06T20:29:27.391+0000] {processor.py:841} WARNING - No viable dags retrieved from /opt/airflow/dags/dbt_dag_parser_v2.py
[2025-10-06T20:29:27.433+0000] {processor.py:179} INFO - Processing /opt/airflow/dags/dbt_dag_parser_v2.py took 0.082 seconds
[2025-10-06T20:29:57.587+0000] {processor.py:157} INFO - Started process (PID=1258) to work on /opt/airflow/dags/dbt_dag_parser_v2.py
[2025-10-06T20:29:57.588+0000] {processor.py:829} INFO - Processing file /opt/airflow/dags/dbt_dag_parser_v2.py for tasks to queue
[2025-10-06T20:29:57.591+0000] {logging_mixin.py:151} INFO - [2025-10-06T20:29:57.591+0000] {dagbag.py:539} INFO - Filling up the DagBag from /opt/airflow/dags/dbt_dag_parser_v2.py
[2025-10-06T20:29:57.595+0000] {processor.py:841} WARNING - No viable dags retrieved from /opt/airflow/dags/dbt_dag_parser_v2.py
[2025-10-06T20:29:57.622+0000] {processor.py:179} INFO - Processing /opt/airflow/dags/dbt_dag_parser_v2.py took 0.041 seconds
[2025-10-06T20:30:28.119+0000] {processor.py:157} INFO - Started process (PID=1281) to work on /opt/airflow/dags/dbt_dag_parser_v2.py
[2025-10-06T20:30:28.121+0000] {processor.py:829} INFO - Processing file /opt/airflow/dags/dbt_dag_parser_v2.py for tasks to queue
[2025-10-06T20:30:28.125+0000] {logging_mixin.py:151} INFO - [2025-10-06T20:30:28.124+0000] {dagbag.py:539} INFO - Filling up the DagBag from /opt/airflow/dags/dbt_dag_parser_v2.py
[2025-10-06T20:30:28.128+0000] {processor.py:841} WARNING - No viable dags retrieved from /opt/airflow/dags/dbt_dag_parser_v2.py
[2025-10-06T20:30:28.157+0000] {processor.py:179} INFO - Processing /opt/airflow/dags/dbt_dag_parser_v2.py took 0.043 seconds
[2025-10-06T20:30:58.501+0000] {processor.py:157} INFO - Started process (PID=1304) to work on /opt/airflow/dags/dbt_dag_parser_v2.py
[2025-10-06T20:30:58.503+0000] {processor.py:829} INFO - Processing file /opt/airflow/dags/dbt_dag_parser_v2.py for tasks to queue
[2025-10-06T20:30:58.505+0000] {logging_mixin.py:151} INFO - [2025-10-06T20:30:58.505+0000] {dagbag.py:539} INFO - Filling up the DagBag from /opt/airflow/dags/dbt_dag_parser_v2.py
[2025-10-06T20:30:58.508+0000] {processor.py:841} WARNING - No viable dags retrieved from /opt/airflow/dags/dbt_dag_parser_v2.py
[2025-10-06T20:30:58.529+0000] {processor.py:179} INFO - Processing /opt/airflow/dags/dbt_dag_parser_v2.py took 0.032 seconds
[2025-10-06T20:31:28.925+0000] {processor.py:157} INFO - Started process (PID=1326) to work on /opt/airflow/dags/dbt_dag_parser_v2.py
[2025-10-06T20:31:28.928+0000] {processor.py:829} INFO - Processing file /opt/airflow/dags/dbt_dag_parser_v2.py for tasks to queue
[2025-10-06T20:31:28.930+0000] {logging_mixin.py:151} INFO - [2025-10-06T20:31:28.930+0000] {dagbag.py:539} INFO - Filling up the DagBag from /opt/airflow/dags/dbt_dag_parser_v2.py
[2025-10-06T20:31:28.933+0000] {processor.py:841} WARNING - No viable dags retrieved from /opt/airflow/dags/dbt_dag_parser_v2.py
[2025-10-06T20:31:28.958+0000] {processor.py:179} INFO - Processing /opt/airflow/dags/dbt_dag_parser_v2.py took 0.037 seconds
[2025-10-06T20:31:59.483+0000] {processor.py:157} INFO - Started process (PID=1350) to work on /opt/airflow/dags/dbt_dag_parser_v2.py
[2025-10-06T20:31:59.486+0000] {processor.py:829} INFO - Processing file /opt/airflow/dags/dbt_dag_parser_v2.py for tasks to queue
[2025-10-06T20:31:59.489+0000] {logging_mixin.py:151} INFO - [2025-10-06T20:31:59.489+0000] {dagbag.py:539} INFO - Filling up the DagBag from /opt/airflow/dags/dbt_dag_parser_v2.py
[2025-10-06T20:31:59.492+0000] {processor.py:841} WARNING - No viable dags retrieved from /opt/airflow/dags/dbt_dag_parser_v2.py
[2025-10-06T20:31:59.535+0000] {processor.py:179} INFO - Processing /opt/airflow/dags/dbt_dag_parser_v2.py took 0.072 seconds
[2025-10-06T20:32:29.931+0000] {processor.py:157} INFO - Started process (PID=1374) to work on /opt/airflow/dags/dbt_dag_parser_v2.py
[2025-10-06T20:32:29.934+0000] {processor.py:829} INFO - Processing file /opt/airflow/dags/dbt_dag_parser_v2.py for tasks to queue
[2025-10-06T20:32:29.936+0000] {logging_mixin.py:151} INFO - [2025-10-06T20:32:29.936+0000] {dagbag.py:539} INFO - Filling up the DagBag from /opt/airflow/dags/dbt_dag_parser_v2.py
[2025-10-06T20:32:29.939+0000] {processor.py:841} WARNING - No viable dags retrieved from /opt/airflow/dags/dbt_dag_parser_v2.py
[2025-10-06T20:32:29.960+0000] {processor.py:179} INFO - Processing /opt/airflow/dags/dbt_dag_parser_v2.py took 0.034 seconds
[2025-10-06T20:33:00.280+0000] {processor.py:157} INFO - Started process (PID=1398) to work on /opt/airflow/dags/dbt_dag_parser_v2.py
[2025-10-06T20:33:00.281+0000] {processor.py:829} INFO - Processing file /opt/airflow/dags/dbt_dag_parser_v2.py for tasks to queue
[2025-10-06T20:33:00.285+0000] {logging_mixin.py:151} INFO - [2025-10-06T20:33:00.284+0000] {dagbag.py:539} INFO - Filling up the DagBag from /opt/airflow/dags/dbt_dag_parser_v2.py
[2025-10-06T20:33:00.288+0000] {processor.py:841} WARNING - No viable dags retrieved from /opt/airflow/dags/dbt_dag_parser_v2.py
[2025-10-06T20:33:00.314+0000] {processor.py:179} INFO - Processing /opt/airflow/dags/dbt_dag_parser_v2.py took 0.040 seconds
[2025-10-06T20:33:30.530+0000] {processor.py:157} INFO - Started process (PID=1423) to work on /opt/airflow/dags/dbt_dag_parser_v2.py
[2025-10-06T20:33:30.532+0000] {processor.py:829} INFO - Processing file /opt/airflow/dags/dbt_dag_parser_v2.py for tasks to queue
[2025-10-06T20:33:30.535+0000] {logging_mixin.py:151} INFO - [2025-10-06T20:33:30.534+0000] {dagbag.py:539} INFO - Filling up the DagBag from /opt/airflow/dags/dbt_dag_parser_v2.py
[2025-10-06T20:33:30.537+0000] {processor.py:841} WARNING - No viable dags retrieved from /opt/airflow/dags/dbt_dag_parser_v2.py
[2025-10-06T20:33:30.558+0000] {processor.py:179} INFO - Processing /opt/airflow/dags/dbt_dag_parser_v2.py took 0.033 seconds
[2025-10-06T20:34:00.907+0000] {processor.py:157} INFO - Started process (PID=1444) to work on /opt/airflow/dags/dbt_dag_parser_v2.py
[2025-10-06T20:34:00.914+0000] {processor.py:829} INFO - Processing file /opt/airflow/dags/dbt_dag_parser_v2.py for tasks to queue
[2025-10-06T20:34:00.917+0000] {logging_mixin.py:151} INFO - [2025-10-06T20:34:00.917+0000] {dagbag.py:539} INFO - Filling up the DagBag from /opt/airflow/dags/dbt_dag_parser_v2.py
[2025-10-06T20:34:00.933+0000] {processor.py:841} WARNING - No viable dags retrieved from /opt/airflow/dags/dbt_dag_parser_v2.py
[2025-10-06T20:34:00.952+0000] {processor.py:179} INFO - Processing /opt/airflow/dags/dbt_dag_parser_v2.py took 0.057 seconds
[2025-10-06T20:34:31.313+0000] {processor.py:157} INFO - Started process (PID=1467) to work on /opt/airflow/dags/dbt_dag_parser_v2.py
[2025-10-06T20:34:31.315+0000] {processor.py:829} INFO - Processing file /opt/airflow/dags/dbt_dag_parser_v2.py for tasks to queue
[2025-10-06T20:34:31.318+0000] {logging_mixin.py:151} INFO - [2025-10-06T20:34:31.317+0000] {dagbag.py:539} INFO - Filling up the DagBag from /opt/airflow/dags/dbt_dag_parser_v2.py
[2025-10-06T20:34:31.321+0000] {processor.py:841} WARNING - No viable dags retrieved from /opt/airflow/dags/dbt_dag_parser_v2.py
[2025-10-06T20:34:31.342+0000] {processor.py:179} INFO - Processing /opt/airflow/dags/dbt_dag_parser_v2.py took 0.034 seconds
[2025-10-06T20:35:01.720+0000] {processor.py:157} INFO - Started process (PID=1490) to work on /opt/airflow/dags/dbt_dag_parser_v2.py
[2025-10-06T20:35:01.722+0000] {processor.py:829} INFO - Processing file /opt/airflow/dags/dbt_dag_parser_v2.py for tasks to queue
[2025-10-06T20:35:01.725+0000] {logging_mixin.py:151} INFO - [2025-10-06T20:35:01.724+0000] {dagbag.py:539} INFO - Filling up the DagBag from /opt/airflow/dags/dbt_dag_parser_v2.py
[2025-10-06T20:35:01.732+0000] {processor.py:841} WARNING - No viable dags retrieved from /opt/airflow/dags/dbt_dag_parser_v2.py
[2025-10-06T20:35:01.777+0000] {processor.py:179} INFO - Processing /opt/airflow/dags/dbt_dag_parser_v2.py took 0.062 seconds
[2025-10-06T20:35:32.225+0000] {processor.py:157} INFO - Started process (PID=1512) to work on /opt/airflow/dags/dbt_dag_parser_v2.py
[2025-10-06T20:35:32.234+0000] {processor.py:829} INFO - Processing file /opt/airflow/dags/dbt_dag_parser_v2.py for tasks to queue
[2025-10-06T20:35:32.238+0000] {logging_mixin.py:151} INFO - [2025-10-06T20:35:32.237+0000] {dagbag.py:539} INFO - Filling up the DagBag from /opt/airflow/dags/dbt_dag_parser_v2.py
[2025-10-06T20:35:32.241+0000] {processor.py:841} WARNING - No viable dags retrieved from /opt/airflow/dags/dbt_dag_parser_v2.py
[2025-10-06T20:35:32.265+0000] {processor.py:179} INFO - Processing /opt/airflow/dags/dbt_dag_parser_v2.py took 0.046 seconds
[2025-10-06T20:36:02.617+0000] {processor.py:157} INFO - Started process (PID=1542) to work on /opt/airflow/dags/dbt_dag_parser_v2.py
[2025-10-06T20:36:02.619+0000] {processor.py:829} INFO - Processing file /opt/airflow/dags/dbt_dag_parser_v2.py for tasks to queue
[2025-10-06T20:36:02.622+0000] {logging_mixin.py:151} INFO - [2025-10-06T20:36:02.621+0000] {dagbag.py:539} INFO - Filling up the DagBag from /opt/airflow/dags/dbt_dag_parser_v2.py
[2025-10-06T20:36:02.625+0000] {processor.py:841} WARNING - No viable dags retrieved from /opt/airflow/dags/dbt_dag_parser_v2.py
[2025-10-06T20:36:02.645+0000] {processor.py:179} INFO - Processing /opt/airflow/dags/dbt_dag_parser_v2.py took 0.033 seconds
[2025-10-06T20:36:33.145+0000] {processor.py:157} INFO - Started process (PID=1565) to work on /opt/airflow/dags/dbt_dag_parser_v2.py
[2025-10-06T20:36:33.150+0000] {processor.py:829} INFO - Processing file /opt/airflow/dags/dbt_dag_parser_v2.py for tasks to queue
[2025-10-06T20:36:33.153+0000] {logging_mixin.py:151} INFO - [2025-10-06T20:36:33.153+0000] {dagbag.py:539} INFO - Filling up the DagBag from /opt/airflow/dags/dbt_dag_parser_v2.py
[2025-10-06T20:36:33.156+0000] {processor.py:841} WARNING - No viable dags retrieved from /opt/airflow/dags/dbt_dag_parser_v2.py
[2025-10-06T20:36:33.199+0000] {processor.py:179} INFO - Processing /opt/airflow/dags/dbt_dag_parser_v2.py took 0.074 seconds
[2025-10-06T20:37:03.503+0000] {processor.py:157} INFO - Started process (PID=1587) to work on /opt/airflow/dags/dbt_dag_parser_v2.py
[2025-10-06T20:37:03.505+0000] {processor.py:829} INFO - Processing file /opt/airflow/dags/dbt_dag_parser_v2.py for tasks to queue
[2025-10-06T20:37:03.508+0000] {logging_mixin.py:151} INFO - [2025-10-06T20:37:03.507+0000] {dagbag.py:539} INFO - Filling up the DagBag from /opt/airflow/dags/dbt_dag_parser_v2.py
[2025-10-06T20:37:03.510+0000] {processor.py:841} WARNING - No viable dags retrieved from /opt/airflow/dags/dbt_dag_parser_v2.py
[2025-10-06T20:37:03.531+0000] {processor.py:179} INFO - Processing /opt/airflow/dags/dbt_dag_parser_v2.py took 0.033 seconds
[2025-10-06T20:37:33.844+0000] {processor.py:157} INFO - Started process (PID=1608) to work on /opt/airflow/dags/dbt_dag_parser_v2.py
[2025-10-06T20:37:33.854+0000] {processor.py:829} INFO - Processing file /opt/airflow/dags/dbt_dag_parser_v2.py for tasks to queue
[2025-10-06T20:37:33.857+0000] {logging_mixin.py:151} INFO - [2025-10-06T20:37:33.857+0000] {dagbag.py:539} INFO - Filling up the DagBag from /opt/airflow/dags/dbt_dag_parser_v2.py
[2025-10-06T20:37:33.867+0000] {processor.py:841} WARNING - No viable dags retrieved from /opt/airflow/dags/dbt_dag_parser_v2.py
[2025-10-06T20:37:33.938+0000] {processor.py:179} INFO - Processing /opt/airflow/dags/dbt_dag_parser_v2.py took 0.115 seconds
[2025-10-06T20:38:04.313+0000] {processor.py:157} INFO - Started process (PID=1629) to work on /opt/airflow/dags/dbt_dag_parser_v2.py
[2025-10-06T20:38:04.315+0000] {processor.py:829} INFO - Processing file /opt/airflow/dags/dbt_dag_parser_v2.py for tasks to queue
[2025-10-06T20:38:04.318+0000] {logging_mixin.py:151} INFO - [2025-10-06T20:38:04.318+0000] {dagbag.py:539} INFO - Filling up the DagBag from /opt/airflow/dags/dbt_dag_parser_v2.py
[2025-10-06T20:38:04.321+0000] {processor.py:841} WARNING - No viable dags retrieved from /opt/airflow/dags/dbt_dag_parser_v2.py
[2025-10-06T20:38:04.342+0000] {processor.py:179} INFO - Processing /opt/airflow/dags/dbt_dag_parser_v2.py took 0.033 seconds
[2025-10-06T20:38:34.425+0000] {processor.py:157} INFO - Started process (PID=1653) to work on /opt/airflow/dags/dbt_dag_parser_v2.py
[2025-10-06T20:38:34.427+0000] {processor.py:829} INFO - Processing file /opt/airflow/dags/dbt_dag_parser_v2.py for tasks to queue
[2025-10-06T20:38:34.430+0000] {logging_mixin.py:151} INFO - [2025-10-06T20:38:34.429+0000] {dagbag.py:539} INFO - Filling up the DagBag from /opt/airflow/dags/dbt_dag_parser_v2.py
[2025-10-06T20:38:34.432+0000] {processor.py:841} WARNING - No viable dags retrieved from /opt/airflow/dags/dbt_dag_parser_v2.py
[2025-10-06T20:38:34.452+0000] {processor.py:179} INFO - Processing /opt/airflow/dags/dbt_dag_parser_v2.py took 0.032 seconds
[2025-10-06T20:39:04.890+0000] {processor.py:157} INFO - Started process (PID=1677) to work on /opt/airflow/dags/dbt_dag_parser_v2.py
[2025-10-06T20:39:04.892+0000] {processor.py:829} INFO - Processing file /opt/airflow/dags/dbt_dag_parser_v2.py for tasks to queue
[2025-10-06T20:39:04.894+0000] {logging_mixin.py:151} INFO - [2025-10-06T20:39:04.894+0000] {dagbag.py:539} INFO - Filling up the DagBag from /opt/airflow/dags/dbt_dag_parser_v2.py
[2025-10-06T20:39:04.897+0000] {processor.py:841} WARNING - No viable dags retrieved from /opt/airflow/dags/dbt_dag_parser_v2.py
[2025-10-06T20:39:04.918+0000] {processor.py:179} INFO - Processing /opt/airflow/dags/dbt_dag_parser_v2.py took 0.035 seconds
[2025-10-06T20:39:35.256+0000] {processor.py:157} INFO - Started process (PID=1701) to work on /opt/airflow/dags/dbt_dag_parser_v2.py
[2025-10-06T20:39:35.258+0000] {processor.py:829} INFO - Processing file /opt/airflow/dags/dbt_dag_parser_v2.py for tasks to queue
[2025-10-06T20:39:35.261+0000] {logging_mixin.py:151} INFO - [2025-10-06T20:39:35.260+0000] {dagbag.py:539} INFO - Filling up the DagBag from /opt/airflow/dags/dbt_dag_parser_v2.py
[2025-10-06T20:39:35.264+0000] {processor.py:841} WARNING - No viable dags retrieved from /opt/airflow/dags/dbt_dag_parser_v2.py
[2025-10-06T20:39:35.302+0000] {processor.py:179} INFO - Processing /opt/airflow/dags/dbt_dag_parser_v2.py took 0.051 seconds
[2025-10-06T20:40:05.594+0000] {processor.py:157} INFO - Started process (PID=1723) to work on /opt/airflow/dags/dbt_dag_parser_v2.py
[2025-10-06T20:40:05.596+0000] {processor.py:829} INFO - Processing file /opt/airflow/dags/dbt_dag_parser_v2.py for tasks to queue
[2025-10-06T20:40:05.599+0000] {logging_mixin.py:151} INFO - [2025-10-06T20:40:05.599+0000] {dagbag.py:539} INFO - Filling up the DagBag from /opt/airflow/dags/dbt_dag_parser_v2.py
[2025-10-06T20:40:05.602+0000] {processor.py:841} WARNING - No viable dags retrieved from /opt/airflow/dags/dbt_dag_parser_v2.py
[2025-10-06T20:40:05.622+0000] {processor.py:179} INFO - Processing /opt/airflow/dags/dbt_dag_parser_v2.py took 0.033 seconds
[2025-10-06T20:40:36.134+0000] {processor.py:157} INFO - Started process (PID=1752) to work on /opt/airflow/dags/dbt_dag_parser_v2.py
[2025-10-06T20:40:36.135+0000] {processor.py:829} INFO - Processing file /opt/airflow/dags/dbt_dag_parser_v2.py for tasks to queue
[2025-10-06T20:40:36.138+0000] {logging_mixin.py:151} INFO - [2025-10-06T20:40:36.137+0000] {dagbag.py:539} INFO - Filling up the DagBag from /opt/airflow/dags/dbt_dag_parser_v2.py
[2025-10-06T20:40:36.140+0000] {processor.py:841} WARNING - No viable dags retrieved from /opt/airflow/dags/dbt_dag_parser_v2.py
[2025-10-06T20:40:36.161+0000] {processor.py:179} INFO - Processing /opt/airflow/dags/dbt_dag_parser_v2.py took 0.032 seconds
[2025-10-06T20:42:07.524+0000] {processor.py:157} INFO - Started process (PID=57) to work on /opt/airflow/dags/dbt_dag_parser_v2.py
[2025-10-06T20:42:07.538+0000] {processor.py:829} INFO - Processing file /opt/airflow/dags/dbt_dag_parser_v2.py for tasks to queue
[2025-10-06T20:42:07.541+0000] {logging_mixin.py:151} INFO - [2025-10-06T20:42:07.541+0000] {dagbag.py:539} INFO - Filling up the DagBag from /opt/airflow/dags/dbt_dag_parser_v2.py
[2025-10-06T20:42:07.564+0000] {processor.py:841} WARNING - No viable dags retrieved from /opt/airflow/dags/dbt_dag_parser_v2.py
[2025-10-06T20:42:07.618+0000] {processor.py:179} INFO - Processing /opt/airflow/dags/dbt_dag_parser_v2.py took 0.111 seconds
[2025-10-06T20:42:37.890+0000] {processor.py:157} INFO - Started process (PID=78) to work on /opt/airflow/dags/dbt_dag_parser_v2.py
[2025-10-06T20:42:37.891+0000] {processor.py:829} INFO - Processing file /opt/airflow/dags/dbt_dag_parser_v2.py for tasks to queue
[2025-10-06T20:42:37.894+0000] {logging_mixin.py:151} INFO - [2025-10-06T20:42:37.893+0000] {dagbag.py:539} INFO - Filling up the DagBag from /opt/airflow/dags/dbt_dag_parser_v2.py
[2025-10-06T20:42:37.897+0000] {processor.py:841} WARNING - No viable dags retrieved from /opt/airflow/dags/dbt_dag_parser_v2.py
[2025-10-06T20:42:37.937+0000] {processor.py:179} INFO - Processing /opt/airflow/dags/dbt_dag_parser_v2.py took 0.058 seconds
[2025-10-06T20:43:08.428+0000] {processor.py:157} INFO - Started process (PID=107) to work on /opt/airflow/dags/dbt_dag_parser_v2.py
[2025-10-06T20:43:08.442+0000] {processor.py:829} INFO - Processing file /opt/airflow/dags/dbt_dag_parser_v2.py for tasks to queue
[2025-10-06T20:43:08.445+0000] {logging_mixin.py:151} INFO - [2025-10-06T20:43:08.445+0000] {dagbag.py:539} INFO - Filling up the DagBag from /opt/airflow/dags/dbt_dag_parser_v2.py
[2025-10-06T20:43:08.464+0000] {processor.py:841} WARNING - No viable dags retrieved from /opt/airflow/dags/dbt_dag_parser_v2.py
[2025-10-06T20:43:08.519+0000] {processor.py:179} INFO - Processing /opt/airflow/dags/dbt_dag_parser_v2.py took 0.111 seconds
[2025-10-06T20:43:39.034+0000] {processor.py:157} INFO - Started process (PID=130) to work on /opt/airflow/dags/dbt_dag_parser_v2.py
[2025-10-06T20:43:39.036+0000] {processor.py:829} INFO - Processing file /opt/airflow/dags/dbt_dag_parser_v2.py for tasks to queue
[2025-10-06T20:43:39.038+0000] {logging_mixin.py:151} INFO - [2025-10-06T20:43:39.038+0000] {dagbag.py:539} INFO - Filling up the DagBag from /opt/airflow/dags/dbt_dag_parser_v2.py
[2025-10-06T20:43:39.041+0000] {processor.py:841} WARNING - No viable dags retrieved from /opt/airflow/dags/dbt_dag_parser_v2.py
[2025-10-06T20:43:39.067+0000] {processor.py:179} INFO - Processing /opt/airflow/dags/dbt_dag_parser_v2.py took 0.038 seconds
[2025-10-06T20:44:09.404+0000] {processor.py:157} INFO - Started process (PID=153) to work on /opt/airflow/dags/dbt_dag_parser_v2.py
[2025-10-06T20:44:09.407+0000] {processor.py:829} INFO - Processing file /opt/airflow/dags/dbt_dag_parser_v2.py for tasks to queue
[2025-10-06T20:44:09.409+0000] {logging_mixin.py:151} INFO - [2025-10-06T20:44:09.409+0000] {dagbag.py:539} INFO - Filling up the DagBag from /opt/airflow/dags/dbt_dag_parser_v2.py
[2025-10-06T20:44:09.419+0000] {processor.py:841} WARNING - No viable dags retrieved from /opt/airflow/dags/dbt_dag_parser_v2.py
[2025-10-06T20:44:09.463+0000] {processor.py:179} INFO - Processing /opt/airflow/dags/dbt_dag_parser_v2.py took 0.069 seconds
[2025-10-06T20:44:39.762+0000] {processor.py:157} INFO - Started process (PID=177) to work on /opt/airflow/dags/dbt_dag_parser_v2.py
[2025-10-06T20:44:39.764+0000] {processor.py:829} INFO - Processing file /opt/airflow/dags/dbt_dag_parser_v2.py for tasks to queue
[2025-10-06T20:44:39.767+0000] {logging_mixin.py:151} INFO - [2025-10-06T20:44:39.766+0000] {dagbag.py:539} INFO - Filling up the DagBag from /opt/airflow/dags/dbt_dag_parser_v2.py
[2025-10-06T20:44:39.770+0000] {processor.py:841} WARNING - No viable dags retrieved from /opt/airflow/dags/dbt_dag_parser_v2.py
[2025-10-06T20:44:39.796+0000] {processor.py:179} INFO - Processing /opt/airflow/dags/dbt_dag_parser_v2.py took 0.039 seconds
[2025-10-06T20:45:10.062+0000] {processor.py:157} INFO - Started process (PID=199) to work on /opt/airflow/dags/dbt_dag_parser_v2.py
[2025-10-06T20:45:10.064+0000] {processor.py:829} INFO - Processing file /opt/airflow/dags/dbt_dag_parser_v2.py for tasks to queue
[2025-10-06T20:45:10.066+0000] {logging_mixin.py:151} INFO - [2025-10-06T20:45:10.066+0000] {dagbag.py:539} INFO - Filling up the DagBag from /opt/airflow/dags/dbt_dag_parser_v2.py
[2025-10-06T20:45:10.069+0000] {processor.py:841} WARNING - No viable dags retrieved from /opt/airflow/dags/dbt_dag_parser_v2.py
[2025-10-06T20:45:10.098+0000] {processor.py:179} INFO - Processing /opt/airflow/dags/dbt_dag_parser_v2.py took 0.041 seconds
[2025-10-06T20:45:40.420+0000] {processor.py:157} INFO - Started process (PID=222) to work on /opt/airflow/dags/dbt_dag_parser_v2.py
[2025-10-06T20:45:40.427+0000] {processor.py:829} INFO - Processing file /opt/airflow/dags/dbt_dag_parser_v2.py for tasks to queue
[2025-10-06T20:45:40.429+0000] {logging_mixin.py:151} INFO - [2025-10-06T20:45:40.429+0000] {dagbag.py:539} INFO - Filling up the DagBag from /opt/airflow/dags/dbt_dag_parser_v2.py
[2025-10-06T20:45:40.444+0000] {processor.py:841} WARNING - No viable dags retrieved from /opt/airflow/dags/dbt_dag_parser_v2.py
[2025-10-06T20:45:40.483+0000] {processor.py:179} INFO - Processing /opt/airflow/dags/dbt_dag_parser_v2.py took 0.067 seconds
[2025-10-06T20:46:10.850+0000] {processor.py:157} INFO - Started process (PID=245) to work on /opt/airflow/dags/dbt_dag_parser_v2.py
[2025-10-06T20:46:10.878+0000] {processor.py:829} INFO - Processing file /opt/airflow/dags/dbt_dag_parser_v2.py for tasks to queue
[2025-10-06T20:46:10.881+0000] {logging_mixin.py:151} INFO - [2025-10-06T20:46:10.881+0000] {dagbag.py:539} INFO - Filling up the DagBag from /opt/airflow/dags/dbt_dag_parser_v2.py
[2025-10-06T20:46:10.896+0000] {processor.py:841} WARNING - No viable dags retrieved from /opt/airflow/dags/dbt_dag_parser_v2.py
[2025-10-06T20:46:10.992+0000] {processor.py:179} INFO - Processing /opt/airflow/dags/dbt_dag_parser_v2.py took 0.147 seconds
[2025-10-06T20:46:41.588+0000] {processor.py:157} INFO - Started process (PID=273) to work on /opt/airflow/dags/dbt_dag_parser_v2.py
[2025-10-06T20:46:41.590+0000] {processor.py:829} INFO - Processing file /opt/airflow/dags/dbt_dag_parser_v2.py for tasks to queue
[2025-10-06T20:46:41.593+0000] {logging_mixin.py:151} INFO - [2025-10-06T20:46:41.592+0000] {dagbag.py:539} INFO - Filling up the DagBag from /opt/airflow/dags/dbt_dag_parser_v2.py
[2025-10-06T20:46:41.595+0000] {processor.py:841} WARNING - No viable dags retrieved from /opt/airflow/dags/dbt_dag_parser_v2.py
[2025-10-06T20:46:41.639+0000] {processor.py:179} INFO - Processing /opt/airflow/dags/dbt_dag_parser_v2.py took 0.055 seconds
[2025-10-06T20:51:35.799+0000] {processor.py:157} INFO - Started process (PID=57) to work on /opt/airflow/dags/dbt_dag_parser_v2.py
[2025-10-06T20:51:35.801+0000] {processor.py:829} INFO - Processing file /opt/airflow/dags/dbt_dag_parser_v2.py for tasks to queue
[2025-10-06T20:51:35.804+0000] {logging_mixin.py:151} INFO - [2025-10-06T20:51:35.803+0000] {dagbag.py:539} INFO - Filling up the DagBag from /opt/airflow/dags/dbt_dag_parser_v2.py
[2025-10-06T20:51:35.807+0000] {processor.py:841} WARNING - No viable dags retrieved from /opt/airflow/dags/dbt_dag_parser_v2.py
[2025-10-06T20:51:35.828+0000] {processor.py:179} INFO - Processing /opt/airflow/dags/dbt_dag_parser_v2.py took 0.034 seconds
[2025-10-06T20:53:04.001+0000] {processor.py:157} INFO - Started process (PID=55) to work on /opt/airflow/dags/dbt_dag_parser_v2.py
[2025-10-06T20:53:04.030+0000] {processor.py:829} INFO - Processing file /opt/airflow/dags/dbt_dag_parser_v2.py for tasks to queue
[2025-10-06T20:53:04.033+0000] {logging_mixin.py:151} INFO - [2025-10-06T20:53:04.033+0000] {dagbag.py:539} INFO - Filling up the DagBag from /opt/airflow/dags/dbt_dag_parser_v2.py
[2025-10-06T20:53:04.066+0000] {processor.py:841} WARNING - No viable dags retrieved from /opt/airflow/dags/dbt_dag_parser_v2.py
[2025-10-06T20:53:04.177+0000] {processor.py:179} INFO - Processing /opt/airflow/dags/dbt_dag_parser_v2.py took 0.196 seconds
[2025-10-06T20:53:34.392+0000] {processor.py:157} INFO - Started process (PID=76) to work on /opt/airflow/dags/dbt_dag_parser_v2.py
[2025-10-06T20:53:34.393+0000] {processor.py:829} INFO - Processing file /opt/airflow/dags/dbt_dag_parser_v2.py for tasks to queue
[2025-10-06T20:53:34.412+0000] {logging_mixin.py:151} INFO - [2025-10-06T20:53:34.411+0000] {dagbag.py:539} INFO - Filling up the DagBag from /opt/airflow/dags/dbt_dag_parser_v2.py
[2025-10-06T20:53:34.415+0000] {processor.py:841} WARNING - No viable dags retrieved from /opt/airflow/dags/dbt_dag_parser_v2.py
[2025-10-06T20:53:34.484+0000] {processor.py:179} INFO - Processing /opt/airflow/dags/dbt_dag_parser_v2.py took 0.096 seconds
[2025-10-06T20:57:27.256+0000] {processor.py:157} INFO - Started process (PID=61) to work on /opt/airflow/dags/dbt_dag_parser_v2.py
[2025-10-06T20:57:27.262+0000] {processor.py:829} INFO - Processing file /opt/airflow/dags/dbt_dag_parser_v2.py for tasks to queue
[2025-10-06T20:57:27.265+0000] {logging_mixin.py:151} INFO - [2025-10-06T20:57:27.265+0000] {dagbag.py:539} INFO - Filling up the DagBag from /opt/airflow/dags/dbt_dag_parser_v2.py
[2025-10-06T20:57:27.268+0000] {processor.py:841} WARNING - No viable dags retrieved from /opt/airflow/dags/dbt_dag_parser_v2.py
[2025-10-06T20:57:27.312+0000] {processor.py:179} INFO - Processing /opt/airflow/dags/dbt_dag_parser_v2.py took 0.060 seconds
[2025-10-06T20:57:57.448+0000] {processor.py:157} INFO - Started process (PID=88) to work on /opt/airflow/dags/dbt_dag_parser_v2.py
[2025-10-06T20:57:57.449+0000] {processor.py:829} INFO - Processing file /opt/airflow/dags/dbt_dag_parser_v2.py for tasks to queue
[2025-10-06T20:57:57.464+0000] {logging_mixin.py:151} INFO - [2025-10-06T20:57:57.464+0000] {dagbag.py:539} INFO - Filling up the DagBag from /opt/airflow/dags/dbt_dag_parser_v2.py
[2025-10-06T20:57:57.479+0000] {processor.py:841} WARNING - No viable dags retrieved from /opt/airflow/dags/dbt_dag_parser_v2.py
[2025-10-06T20:57:57.529+0000] {processor.py:179} INFO - Processing /opt/airflow/dags/dbt_dag_parser_v2.py took 0.097 seconds
[2025-10-06T20:58:27.926+0000] {processor.py:157} INFO - Started process (PID=120) to work on /opt/airflow/dags/dbt_dag_parser_v2.py
[2025-10-06T20:58:27.939+0000] {processor.py:829} INFO - Processing file /opt/airflow/dags/dbt_dag_parser_v2.py for tasks to queue
[2025-10-06T20:58:27.942+0000] {logging_mixin.py:151} INFO - [2025-10-06T20:58:27.941+0000] {dagbag.py:539} INFO - Filling up the DagBag from /opt/airflow/dags/dbt_dag_parser_v2.py
[2025-10-06T20:58:27.949+0000] {processor.py:841} WARNING - No viable dags retrieved from /opt/airflow/dags/dbt_dag_parser_v2.py
[2025-10-06T20:58:27.988+0000] {processor.py:179} INFO - Processing /opt/airflow/dags/dbt_dag_parser_v2.py took 0.083 seconds
[2025-10-06T20:58:58.532+0000] {processor.py:157} INFO - Started process (PID=141) to work on /opt/airflow/dags/dbt_dag_parser_v2.py
[2025-10-06T20:58:58.546+0000] {processor.py:829} INFO - Processing file /opt/airflow/dags/dbt_dag_parser_v2.py for tasks to queue
[2025-10-06T20:58:58.549+0000] {logging_mixin.py:151} INFO - [2025-10-06T20:58:58.549+0000] {dagbag.py:539} INFO - Filling up the DagBag from /opt/airflow/dags/dbt_dag_parser_v2.py
[2025-10-06T20:58:58.564+0000] {processor.py:841} WARNING - No viable dags retrieved from /opt/airflow/dags/dbt_dag_parser_v2.py
[2025-10-06T20:58:58.635+0000] {processor.py:179} INFO - Processing /opt/airflow/dags/dbt_dag_parser_v2.py took 0.124 seconds
[2025-10-06T20:59:28.691+0000] {processor.py:157} INFO - Started process (PID=166) to work on /opt/airflow/dags/dbt_dag_parser_v2.py
[2025-10-06T20:59:28.692+0000] {processor.py:829} INFO - Processing file /opt/airflow/dags/dbt_dag_parser_v2.py for tasks to queue
[2025-10-06T20:59:28.695+0000] {logging_mixin.py:151} INFO - [2025-10-06T20:59:28.695+0000] {dagbag.py:539} INFO - Filling up the DagBag from /opt/airflow/dags/dbt_dag_parser_v2.py
[2025-10-06T20:59:28.698+0000] {processor.py:841} WARNING - No viable dags retrieved from /opt/airflow/dags/dbt_dag_parser_v2.py
[2025-10-06T20:59:28.719+0000] {processor.py:179} INFO - Processing /opt/airflow/dags/dbt_dag_parser_v2.py took 0.032 seconds
[2025-10-06T20:59:59.372+0000] {processor.py:157} INFO - Started process (PID=197) to work on /opt/airflow/dags/dbt_dag_parser_v2.py
[2025-10-06T20:59:59.390+0000] {processor.py:829} INFO - Processing file /opt/airflow/dags/dbt_dag_parser_v2.py for tasks to queue
[2025-10-06T20:59:59.393+0000] {logging_mixin.py:151} INFO - [2025-10-06T20:59:59.393+0000] {dagbag.py:539} INFO - Filling up the DagBag from /opt/airflow/dags/dbt_dag_parser_v2.py
[2025-10-06T20:59:59.396+0000] {processor.py:841} WARNING - No viable dags retrieved from /opt/airflow/dags/dbt_dag_parser_v2.py
[2025-10-06T20:59:59.450+0000] {processor.py:179} INFO - Processing /opt/airflow/dags/dbt_dag_parser_v2.py took 0.083 seconds
[2025-10-06T21:00:29.814+0000] {processor.py:157} INFO - Started process (PID=220) to work on /opt/airflow/dags/dbt_dag_parser_v2.py
[2025-10-06T21:00:29.816+0000] {processor.py:829} INFO - Processing file /opt/airflow/dags/dbt_dag_parser_v2.py for tasks to queue
[2025-10-06T21:00:29.823+0000] {logging_mixin.py:151} INFO - [2025-10-06T21:00:29.822+0000] {dagbag.py:539} INFO - Filling up the DagBag from /opt/airflow/dags/dbt_dag_parser_v2.py
[2025-10-06T21:00:29.826+0000] {processor.py:841} WARNING - No viable dags retrieved from /opt/airflow/dags/dbt_dag_parser_v2.py
[2025-10-06T21:00:29.855+0000] {processor.py:179} INFO - Processing /opt/airflow/dags/dbt_dag_parser_v2.py took 0.053 seconds
[2025-10-06T21:01:00.936+0000] {processor.py:157} INFO - Started process (PID=253) to work on /opt/airflow/dags/dbt_dag_parser_v2.py
[2025-10-06T21:01:00.958+0000] {processor.py:829} INFO - Processing file /opt/airflow/dags/dbt_dag_parser_v2.py for tasks to queue
[2025-10-06T21:01:00.961+0000] {logging_mixin.py:151} INFO - [2025-10-06T21:01:00.960+0000] {dagbag.py:539} INFO - Filling up the DagBag from /opt/airflow/dags/dbt_dag_parser_v2.py
[2025-10-06T21:01:00.972+0000] {processor.py:841} WARNING - No viable dags retrieved from /opt/airflow/dags/dbt_dag_parser_v2.py
[2025-10-06T21:01:01.027+0000] {processor.py:179} INFO - Processing /opt/airflow/dags/dbt_dag_parser_v2.py took 0.108 seconds
[2025-10-06T21:01:31.726+0000] {processor.py:157} INFO - Started process (PID=284) to work on /opt/airflow/dags/dbt_dag_parser_v2.py
[2025-10-06T21:01:31.728+0000] {processor.py:829} INFO - Processing file /opt/airflow/dags/dbt_dag_parser_v2.py for tasks to queue
[2025-10-06T21:01:31.731+0000] {logging_mixin.py:151} INFO - [2025-10-06T21:01:31.730+0000] {dagbag.py:539} INFO - Filling up the DagBag from /opt/airflow/dags/dbt_dag_parser_v2.py
[2025-10-06T21:01:31.734+0000] {processor.py:841} WARNING - No viable dags retrieved from /opt/airflow/dags/dbt_dag_parser_v2.py
[2025-10-06T21:01:31.761+0000] {processor.py:179} INFO - Processing /opt/airflow/dags/dbt_dag_parser_v2.py took 0.039 seconds
[2025-10-06T21:02:02.061+0000] {processor.py:157} INFO - Started process (PID=307) to work on /opt/airflow/dags/dbt_dag_parser_v2.py
[2025-10-06T21:02:02.062+0000] {processor.py:829} INFO - Processing file /opt/airflow/dags/dbt_dag_parser_v2.py for tasks to queue
[2025-10-06T21:02:02.065+0000] {logging_mixin.py:151} INFO - [2025-10-06T21:02:02.064+0000] {dagbag.py:539} INFO - Filling up the DagBag from /opt/airflow/dags/dbt_dag_parser_v2.py
[2025-10-06T21:02:02.068+0000] {processor.py:841} WARNING - No viable dags retrieved from /opt/airflow/dags/dbt_dag_parser_v2.py
[2025-10-06T21:02:02.094+0000] {processor.py:179} INFO - Processing /opt/airflow/dags/dbt_dag_parser_v2.py took 0.038 seconds
[2025-10-06T21:02:32.406+0000] {processor.py:157} INFO - Started process (PID=331) to work on /opt/airflow/dags/dbt_dag_parser_v2.py
[2025-10-06T21:02:32.409+0000] {processor.py:829} INFO - Processing file /opt/airflow/dags/dbt_dag_parser_v2.py for tasks to queue
[2025-10-06T21:02:32.418+0000] {logging_mixin.py:151} INFO - [2025-10-06T21:02:32.417+0000] {dagbag.py:539} INFO - Filling up the DagBag from /opt/airflow/dags/dbt_dag_parser_v2.py
[2025-10-06T21:02:32.421+0000] {processor.py:841} WARNING - No viable dags retrieved from /opt/airflow/dags/dbt_dag_parser_v2.py
[2025-10-06T21:02:32.446+0000] {processor.py:179} INFO - Processing /opt/airflow/dags/dbt_dag_parser_v2.py took 0.044 seconds
[2025-10-06T21:03:02.735+0000] {processor.py:157} INFO - Started process (PID=355) to work on /opt/airflow/dags/dbt_dag_parser_v2.py
[2025-10-06T21:03:02.746+0000] {processor.py:829} INFO - Processing file /opt/airflow/dags/dbt_dag_parser_v2.py for tasks to queue
[2025-10-06T21:03:02.749+0000] {logging_mixin.py:151} INFO - [2025-10-06T21:03:02.749+0000] {dagbag.py:539} INFO - Filling up the DagBag from /opt/airflow/dags/dbt_dag_parser_v2.py
[2025-10-06T21:03:02.752+0000] {processor.py:841} WARNING - No viable dags retrieved from /opt/airflow/dags/dbt_dag_parser_v2.py
[2025-10-06T21:03:02.790+0000] {processor.py:179} INFO - Processing /opt/airflow/dags/dbt_dag_parser_v2.py took 0.060 seconds
[2025-10-06T21:03:32.961+0000] {processor.py:157} INFO - Started process (PID=379) to work on /opt/airflow/dags/dbt_dag_parser_v2.py
[2025-10-06T21:03:32.962+0000] {processor.py:829} INFO - Processing file /opt/airflow/dags/dbt_dag_parser_v2.py for tasks to queue
[2025-10-06T21:03:32.975+0000] {logging_mixin.py:151} INFO - [2025-10-06T21:03:32.974+0000] {dagbag.py:539} INFO - Filling up the DagBag from /opt/airflow/dags/dbt_dag_parser_v2.py
[2025-10-06T21:03:32.978+0000] {processor.py:841} WARNING - No viable dags retrieved from /opt/airflow/dags/dbt_dag_parser_v2.py
[2025-10-06T21:03:33.018+0000] {processor.py:179} INFO - Processing /opt/airflow/dags/dbt_dag_parser_v2.py took 0.062 seconds
[2025-10-06T21:04:03.343+0000] {processor.py:157} INFO - Started process (PID=402) to work on /opt/airflow/dags/dbt_dag_parser_v2.py
[2025-10-06T21:04:03.352+0000] {processor.py:829} INFO - Processing file /opt/airflow/dags/dbt_dag_parser_v2.py for tasks to queue
[2025-10-06T21:04:03.355+0000] {logging_mixin.py:151} INFO - [2025-10-06T21:04:03.355+0000] {dagbag.py:539} INFO - Filling up the DagBag from /opt/airflow/dags/dbt_dag_parser_v2.py
[2025-10-06T21:04:03.370+0000] {processor.py:841} WARNING - No viable dags retrieved from /opt/airflow/dags/dbt_dag_parser_v2.py
[2025-10-06T21:04:03.401+0000] {processor.py:179} INFO - Processing /opt/airflow/dags/dbt_dag_parser_v2.py took 0.066 seconds
[2025-10-06T21:04:33.656+0000] {processor.py:157} INFO - Started process (PID=433) to work on /opt/airflow/dags/dbt_dag_parser_v2.py
[2025-10-06T21:04:33.659+0000] {processor.py:829} INFO - Processing file /opt/airflow/dags/dbt_dag_parser_v2.py for tasks to queue
[2025-10-06T21:04:33.662+0000] {logging_mixin.py:151} INFO - [2025-10-06T21:04:33.661+0000] {dagbag.py:539} INFO - Filling up the DagBag from /opt/airflow/dags/dbt_dag_parser_v2.py
[2025-10-06T21:04:33.665+0000] {processor.py:841} WARNING - No viable dags retrieved from /opt/airflow/dags/dbt_dag_parser_v2.py
[2025-10-06T21:04:33.687+0000] {processor.py:179} INFO - Processing /opt/airflow/dags/dbt_dag_parser_v2.py took 0.036 seconds
[2025-10-06T21:05:04.198+0000] {processor.py:157} INFO - Started process (PID=457) to work on /opt/airflow/dags/dbt_dag_parser_v2.py
[2025-10-06T21:05:04.199+0000] {processor.py:829} INFO - Processing file /opt/airflow/dags/dbt_dag_parser_v2.py for tasks to queue
[2025-10-06T21:05:04.202+0000] {logging_mixin.py:151} INFO - [2025-10-06T21:05:04.202+0000] {dagbag.py:539} INFO - Filling up the DagBag from /opt/airflow/dags/dbt_dag_parser_v2.py
[2025-10-06T21:05:04.206+0000] {processor.py:841} WARNING - No viable dags retrieved from /opt/airflow/dags/dbt_dag_parser_v2.py
[2025-10-06T21:05:04.227+0000] {processor.py:179} INFO - Processing /opt/airflow/dags/dbt_dag_parser_v2.py took 0.041 seconds
[2025-10-06T21:05:34.556+0000] {processor.py:157} INFO - Started process (PID=477) to work on /opt/airflow/dags/dbt_dag_parser_v2.py
[2025-10-06T21:05:34.558+0000] {processor.py:829} INFO - Processing file /opt/airflow/dags/dbt_dag_parser_v2.py for tasks to queue
[2025-10-06T21:05:34.561+0000] {logging_mixin.py:151} INFO - [2025-10-06T21:05:34.561+0000] {dagbag.py:539} INFO - Filling up the DagBag from /opt/airflow/dags/dbt_dag_parser_v2.py
[2025-10-06T21:05:34.564+0000] {processor.py:841} WARNING - No viable dags retrieved from /opt/airflow/dags/dbt_dag_parser_v2.py
[2025-10-06T21:05:34.585+0000] {processor.py:179} INFO - Processing /opt/airflow/dags/dbt_dag_parser_v2.py took 0.034 seconds
[2025-10-06T21:06:04.967+0000] {processor.py:157} INFO - Started process (PID=500) to work on /opt/airflow/dags/dbt_dag_parser_v2.py
[2025-10-06T21:06:04.970+0000] {processor.py:829} INFO - Processing file /opt/airflow/dags/dbt_dag_parser_v2.py for tasks to queue
[2025-10-06T21:06:04.972+0000] {logging_mixin.py:151} INFO - [2025-10-06T21:06:04.972+0000] {dagbag.py:539} INFO - Filling up the DagBag from /opt/airflow/dags/dbt_dag_parser_v2.py
[2025-10-06T21:06:04.975+0000] {processor.py:841} WARNING - No viable dags retrieved from /opt/airflow/dags/dbt_dag_parser_v2.py
[2025-10-06T21:06:04.995+0000] {processor.py:179} INFO - Processing /opt/airflow/dags/dbt_dag_parser_v2.py took 0.032 seconds
[2025-10-06T21:06:35.392+0000] {processor.py:157} INFO - Started process (PID=523) to work on /opt/airflow/dags/dbt_dag_parser_v2.py
[2025-10-06T21:06:35.395+0000] {processor.py:829} INFO - Processing file /opt/airflow/dags/dbt_dag_parser_v2.py for tasks to queue
[2025-10-06T21:06:35.397+0000] {logging_mixin.py:151} INFO - [2025-10-06T21:06:35.397+0000] {dagbag.py:539} INFO - Filling up the DagBag from /opt/airflow/dags/dbt_dag_parser_v2.py
[2025-10-06T21:06:35.401+0000] {processor.py:841} WARNING - No viable dags retrieved from /opt/airflow/dags/dbt_dag_parser_v2.py
[2025-10-06T21:06:35.423+0000] {processor.py:179} INFO - Processing /opt/airflow/dags/dbt_dag_parser_v2.py took 0.037 seconds
[2025-10-06T21:07:05.724+0000] {processor.py:157} INFO - Started process (PID=546) to work on /opt/airflow/dags/dbt_dag_parser_v2.py
[2025-10-06T21:07:05.727+0000] {processor.py:829} INFO - Processing file /opt/airflow/dags/dbt_dag_parser_v2.py for tasks to queue
[2025-10-06T21:07:05.730+0000] {logging_mixin.py:151} INFO - [2025-10-06T21:07:05.730+0000] {dagbag.py:539} INFO - Filling up the DagBag from /opt/airflow/dags/dbt_dag_parser_v2.py
[2025-10-06T21:07:05.733+0000] {processor.py:841} WARNING - No viable dags retrieved from /opt/airflow/dags/dbt_dag_parser_v2.py
[2025-10-06T21:07:05.753+0000] {processor.py:179} INFO - Processing /opt/airflow/dags/dbt_dag_parser_v2.py took 0.034 seconds
[2025-10-06T21:07:36.061+0000] {processor.py:157} INFO - Started process (PID=570) to work on /opt/airflow/dags/dbt_dag_parser_v2.py
[2025-10-06T21:07:36.064+0000] {processor.py:829} INFO - Processing file /opt/airflow/dags/dbt_dag_parser_v2.py for tasks to queue
[2025-10-06T21:07:36.067+0000] {logging_mixin.py:151} INFO - [2025-10-06T21:07:36.066+0000] {dagbag.py:539} INFO - Filling up the DagBag from /opt/airflow/dags/dbt_dag_parser_v2.py
[2025-10-06T21:07:36.070+0000] {processor.py:841} WARNING - No viable dags retrieved from /opt/airflow/dags/dbt_dag_parser_v2.py
[2025-10-06T21:07:36.092+0000] {processor.py:179} INFO - Processing /opt/airflow/dags/dbt_dag_parser_v2.py took 0.035 seconds
[2025-10-06T21:08:06.314+0000] {processor.py:157} INFO - Started process (PID=593) to work on /opt/airflow/dags/dbt_dag_parser_v2.py
[2025-10-06T21:08:06.316+0000] {processor.py:829} INFO - Processing file /opt/airflow/dags/dbt_dag_parser_v2.py for tasks to queue
[2025-10-06T21:08:06.319+0000] {logging_mixin.py:151} INFO - [2025-10-06T21:08:06.319+0000] {dagbag.py:539} INFO - Filling up the DagBag from /opt/airflow/dags/dbt_dag_parser_v2.py
[2025-10-06T21:08:06.322+0000] {processor.py:841} WARNING - No viable dags retrieved from /opt/airflow/dags/dbt_dag_parser_v2.py
[2025-10-06T21:08:06.343+0000] {processor.py:179} INFO - Processing /opt/airflow/dags/dbt_dag_parser_v2.py took 0.034 seconds
[2025-10-06T21:08:36.645+0000] {processor.py:157} INFO - Started process (PID=616) to work on /opt/airflow/dags/dbt_dag_parser_v2.py
[2025-10-06T21:08:36.647+0000] {processor.py:829} INFO - Processing file /opt/airflow/dags/dbt_dag_parser_v2.py for tasks to queue
[2025-10-06T21:08:36.650+0000] {logging_mixin.py:151} INFO - [2025-10-06T21:08:36.650+0000] {dagbag.py:539} INFO - Filling up the DagBag from /opt/airflow/dags/dbt_dag_parser_v2.py
[2025-10-06T21:08:36.653+0000] {processor.py:841} WARNING - No viable dags retrieved from /opt/airflow/dags/dbt_dag_parser_v2.py
[2025-10-06T21:08:36.673+0000] {processor.py:179} INFO - Processing /opt/airflow/dags/dbt_dag_parser_v2.py took 0.033 seconds
[2025-10-06T21:09:07.148+0000] {processor.py:157} INFO - Started process (PID=641) to work on /opt/airflow/dags/dbt_dag_parser_v2.py
[2025-10-06T21:09:07.150+0000] {processor.py:829} INFO - Processing file /opt/airflow/dags/dbt_dag_parser_v2.py for tasks to queue
[2025-10-06T21:09:07.153+0000] {logging_mixin.py:151} INFO - [2025-10-06T21:09:07.153+0000] {dagbag.py:539} INFO - Filling up the DagBag from /opt/airflow/dags/dbt_dag_parser_v2.py
[2025-10-06T21:09:07.156+0000] {processor.py:841} WARNING - No viable dags retrieved from /opt/airflow/dags/dbt_dag_parser_v2.py
[2025-10-06T21:09:07.191+0000] {processor.py:179} INFO - Processing /opt/airflow/dags/dbt_dag_parser_v2.py took 0.048 seconds
[2025-10-06T21:09:37.614+0000] {processor.py:157} INFO - Started process (PID=666) to work on /opt/airflow/dags/dbt_dag_parser_v2.py
[2025-10-06T21:09:37.617+0000] {processor.py:829} INFO - Processing file /opt/airflow/dags/dbt_dag_parser_v2.py for tasks to queue
[2025-10-06T21:09:37.620+0000] {logging_mixin.py:151} INFO - [2025-10-06T21:09:37.620+0000] {dagbag.py:539} INFO - Filling up the DagBag from /opt/airflow/dags/dbt_dag_parser_v2.py
[2025-10-06T21:09:37.623+0000] {processor.py:841} WARNING - No viable dags retrieved from /opt/airflow/dags/dbt_dag_parser_v2.py
[2025-10-06T21:09:37.666+0000] {processor.py:179} INFO - Processing /opt/airflow/dags/dbt_dag_parser_v2.py took 0.068 seconds
[2025-10-06T21:10:07.968+0000] {processor.py:157} INFO - Started process (PID=691) to work on /opt/airflow/dags/dbt_dag_parser_v2.py
[2025-10-06T21:10:07.970+0000] {processor.py:829} INFO - Processing file /opt/airflow/dags/dbt_dag_parser_v2.py for tasks to queue
[2025-10-06T21:10:07.973+0000] {logging_mixin.py:151} INFO - [2025-10-06T21:10:07.973+0000] {dagbag.py:539} INFO - Filling up the DagBag from /opt/airflow/dags/dbt_dag_parser_v2.py
[2025-10-06T21:10:07.976+0000] {processor.py:841} WARNING - No viable dags retrieved from /opt/airflow/dags/dbt_dag_parser_v2.py
[2025-10-06T21:10:07.997+0000] {processor.py:179} INFO - Processing /opt/airflow/dags/dbt_dag_parser_v2.py took 0.035 seconds
[2025-10-06T21:10:38.556+0000] {processor.py:157} INFO - Started process (PID=714) to work on /opt/airflow/dags/dbt_dag_parser_v2.py
[2025-10-06T21:10:38.559+0000] {processor.py:829} INFO - Processing file /opt/airflow/dags/dbt_dag_parser_v2.py for tasks to queue
[2025-10-06T21:10:38.561+0000] {logging_mixin.py:151} INFO - [2025-10-06T21:10:38.561+0000] {dagbag.py:539} INFO - Filling up the DagBag from /opt/airflow/dags/dbt_dag_parser_v2.py
[2025-10-06T21:10:38.565+0000] {processor.py:841} WARNING - No viable dags retrieved from /opt/airflow/dags/dbt_dag_parser_v2.py
[2025-10-06T21:10:38.586+0000] {processor.py:179} INFO - Processing /opt/airflow/dags/dbt_dag_parser_v2.py took 0.034 seconds
[2025-10-06T21:11:09.091+0000] {processor.py:157} INFO - Started process (PID=738) to work on /opt/airflow/dags/dbt_dag_parser_v2.py
[2025-10-06T21:11:09.092+0000] {processor.py:829} INFO - Processing file /opt/airflow/dags/dbt_dag_parser_v2.py for tasks to queue
[2025-10-06T21:11:09.095+0000] {logging_mixin.py:151} INFO - [2025-10-06T21:11:09.094+0000] {dagbag.py:539} INFO - Filling up the DagBag from /opt/airflow/dags/dbt_dag_parser_v2.py
[2025-10-06T21:11:09.097+0000] {processor.py:841} WARNING - No viable dags retrieved from /opt/airflow/dags/dbt_dag_parser_v2.py
[2025-10-06T21:11:09.119+0000] {processor.py:179} INFO - Processing /opt/airflow/dags/dbt_dag_parser_v2.py took 0.033 seconds
[2025-10-06T21:11:39.460+0000] {processor.py:157} INFO - Started process (PID=760) to work on /opt/airflow/dags/dbt_dag_parser_v2.py
[2025-10-06T21:11:39.463+0000] {processor.py:829} INFO - Processing file /opt/airflow/dags/dbt_dag_parser_v2.py for tasks to queue
[2025-10-06T21:11:39.466+0000] {logging_mixin.py:151} INFO - [2025-10-06T21:11:39.465+0000] {dagbag.py:539} INFO - Filling up the DagBag from /opt/airflow/dags/dbt_dag_parser_v2.py
[2025-10-06T21:11:39.469+0000] {processor.py:841} WARNING - No viable dags retrieved from /opt/airflow/dags/dbt_dag_parser_v2.py
[2025-10-06T21:11:39.491+0000] {processor.py:179} INFO - Processing /opt/airflow/dags/dbt_dag_parser_v2.py took 0.035 seconds
[2025-10-06T21:12:09.715+0000] {processor.py:157} INFO - Started process (PID=783) to work on /opt/airflow/dags/dbt_dag_parser_v2.py
[2025-10-06T21:12:09.718+0000] {processor.py:829} INFO - Processing file /opt/airflow/dags/dbt_dag_parser_v2.py for tasks to queue
[2025-10-06T21:12:09.721+0000] {logging_mixin.py:151} INFO - [2025-10-06T21:12:09.721+0000] {dagbag.py:539} INFO - Filling up the DagBag from /opt/airflow/dags/dbt_dag_parser_v2.py
[2025-10-06T21:12:09.724+0000] {processor.py:841} WARNING - No viable dags retrieved from /opt/airflow/dags/dbt_dag_parser_v2.py
[2025-10-06T21:12:09.746+0000] {processor.py:179} INFO - Processing /opt/airflow/dags/dbt_dag_parser_v2.py took 0.036 seconds
[2025-10-06T21:12:40.033+0000] {processor.py:157} INFO - Started process (PID=806) to work on /opt/airflow/dags/dbt_dag_parser_v2.py
[2025-10-06T21:12:40.036+0000] {processor.py:829} INFO - Processing file /opt/airflow/dags/dbt_dag_parser_v2.py for tasks to queue
[2025-10-06T21:12:40.039+0000] {logging_mixin.py:151} INFO - [2025-10-06T21:12:40.038+0000] {dagbag.py:539} INFO - Filling up the DagBag from /opt/airflow/dags/dbt_dag_parser_v2.py
[2025-10-06T21:12:40.042+0000] {processor.py:841} WARNING - No viable dags retrieved from /opt/airflow/dags/dbt_dag_parser_v2.py
[2025-10-06T21:12:40.065+0000] {processor.py:179} INFO - Processing /opt/airflow/dags/dbt_dag_parser_v2.py took 0.037 seconds
[2025-10-06T21:13:10.412+0000] {processor.py:157} INFO - Started process (PID=829) to work on /opt/airflow/dags/dbt_dag_parser_v2.py
[2025-10-06T21:13:10.413+0000] {processor.py:829} INFO - Processing file /opt/airflow/dags/dbt_dag_parser_v2.py for tasks to queue
[2025-10-06T21:13:10.416+0000] {logging_mixin.py:151} INFO - [2025-10-06T21:13:10.416+0000] {dagbag.py:539} INFO - Filling up the DagBag from /opt/airflow/dags/dbt_dag_parser_v2.py
[2025-10-06T21:13:10.419+0000] {processor.py:841} WARNING - No viable dags retrieved from /opt/airflow/dags/dbt_dag_parser_v2.py
[2025-10-06T21:13:10.440+0000] {processor.py:179} INFO - Processing /opt/airflow/dags/dbt_dag_parser_v2.py took 0.032 seconds
[2025-10-06T21:13:40.909+0000] {processor.py:157} INFO - Started process (PID=852) to work on /opt/airflow/dags/dbt_dag_parser_v2.py
[2025-10-06T21:13:40.912+0000] {processor.py:829} INFO - Processing file /opt/airflow/dags/dbt_dag_parser_v2.py for tasks to queue
[2025-10-06T21:13:40.915+0000] {logging_mixin.py:151} INFO - [2025-10-06T21:13:40.915+0000] {dagbag.py:539} INFO - Filling up the DagBag from /opt/airflow/dags/dbt_dag_parser_v2.py
[2025-10-06T21:13:40.918+0000] {processor.py:841} WARNING - No viable dags retrieved from /opt/airflow/dags/dbt_dag_parser_v2.py
[2025-10-06T21:13:40.939+0000] {processor.py:179} INFO - Processing /opt/airflow/dags/dbt_dag_parser_v2.py took 0.035 seconds
[2025-10-06T21:14:11.345+0000] {processor.py:157} INFO - Started process (PID=874) to work on /opt/airflow/dags/dbt_dag_parser_v2.py
[2025-10-06T21:14:11.362+0000] {processor.py:829} INFO - Processing file /opt/airflow/dags/dbt_dag_parser_v2.py for tasks to queue
[2025-10-06T21:14:11.365+0000] {logging_mixin.py:151} INFO - [2025-10-06T21:14:11.365+0000] {dagbag.py:539} INFO - Filling up the DagBag from /opt/airflow/dags/dbt_dag_parser_v2.py
[2025-10-06T21:14:11.368+0000] {processor.py:841} WARNING - No viable dags retrieved from /opt/airflow/dags/dbt_dag_parser_v2.py
[2025-10-06T21:14:11.447+0000] {processor.py:179} INFO - Processing /opt/airflow/dags/dbt_dag_parser_v2.py took 0.108 seconds
[2025-10-06T21:14:41.728+0000] {processor.py:157} INFO - Started process (PID=893) to work on /opt/airflow/dags/dbt_dag_parser_v2.py
[2025-10-06T21:14:41.731+0000] {processor.py:829} INFO - Processing file /opt/airflow/dags/dbt_dag_parser_v2.py for tasks to queue
[2025-10-06T21:14:41.734+0000] {logging_mixin.py:151} INFO - [2025-10-06T21:14:41.733+0000] {dagbag.py:539} INFO - Filling up the DagBag from /opt/airflow/dags/dbt_dag_parser_v2.py
[2025-10-06T21:14:41.737+0000] {processor.py:841} WARNING - No viable dags retrieved from /opt/airflow/dags/dbt_dag_parser_v2.py
[2025-10-06T21:14:41.759+0000] {processor.py:179} INFO - Processing /opt/airflow/dags/dbt_dag_parser_v2.py took 0.040 seconds
[2025-10-06T21:15:12.047+0000] {processor.py:157} INFO - Started process (PID=923) to work on /opt/airflow/dags/dbt_dag_parser_v2.py
[2025-10-06T21:15:12.053+0000] {processor.py:829} INFO - Processing file /opt/airflow/dags/dbt_dag_parser_v2.py for tasks to queue
[2025-10-06T21:15:12.064+0000] {logging_mixin.py:151} INFO - [2025-10-06T21:15:12.064+0000] {dagbag.py:539} INFO - Filling up the DagBag from /opt/airflow/dags/dbt_dag_parser_v2.py
[2025-10-06T21:15:12.077+0000] {processor.py:841} WARNING - No viable dags retrieved from /opt/airflow/dags/dbt_dag_parser_v2.py
[2025-10-06T21:15:12.115+0000] {processor.py:179} INFO - Processing /opt/airflow/dags/dbt_dag_parser_v2.py took 0.085 seconds
[2025-10-06T21:15:42.322+0000] {processor.py:157} INFO - Started process (PID=946) to work on /opt/airflow/dags/dbt_dag_parser_v2.py
[2025-10-06T21:15:42.325+0000] {processor.py:829} INFO - Processing file /opt/airflow/dags/dbt_dag_parser_v2.py for tasks to queue
[2025-10-06T21:15:42.328+0000] {logging_mixin.py:151} INFO - [2025-10-06T21:15:42.327+0000] {dagbag.py:539} INFO - Filling up the DagBag from /opt/airflow/dags/dbt_dag_parser_v2.py
[2025-10-06T21:15:42.331+0000] {processor.py:841} WARNING - No viable dags retrieved from /opt/airflow/dags/dbt_dag_parser_v2.py
[2025-10-06T21:15:42.352+0000] {processor.py:179} INFO - Processing /opt/airflow/dags/dbt_dag_parser_v2.py took 0.034 seconds
[2025-10-06T21:16:12.638+0000] {processor.py:157} INFO - Started process (PID=969) to work on /opt/airflow/dags/dbt_dag_parser_v2.py
[2025-10-06T21:16:12.641+0000] {processor.py:829} INFO - Processing file /opt/airflow/dags/dbt_dag_parser_v2.py for tasks to queue
[2025-10-06T21:16:12.644+0000] {logging_mixin.py:151} INFO - [2025-10-06T21:16:12.643+0000] {dagbag.py:539} INFO - Filling up the DagBag from /opt/airflow/dags/dbt_dag_parser_v2.py
[2025-10-06T21:16:12.647+0000] {processor.py:841} WARNING - No viable dags retrieved from /opt/airflow/dags/dbt_dag_parser_v2.py
[2025-10-06T21:16:12.682+0000] {processor.py:179} INFO - Processing /opt/airflow/dags/dbt_dag_parser_v2.py took 0.049 seconds
[2025-10-06T21:16:42.990+0000] {processor.py:157} INFO - Started process (PID=993) to work on /opt/airflow/dags/dbt_dag_parser_v2.py
[2025-10-06T21:16:42.993+0000] {processor.py:829} INFO - Processing file /opt/airflow/dags/dbt_dag_parser_v2.py for tasks to queue
[2025-10-06T21:16:42.995+0000] {logging_mixin.py:151} INFO - [2025-10-06T21:16:42.995+0000] {dagbag.py:539} INFO - Filling up the DagBag from /opt/airflow/dags/dbt_dag_parser_v2.py
[2025-10-06T21:16:42.998+0000] {processor.py:841} WARNING - No viable dags retrieved from /opt/airflow/dags/dbt_dag_parser_v2.py
[2025-10-06T21:16:43.022+0000] {processor.py:179} INFO - Processing /opt/airflow/dags/dbt_dag_parser_v2.py took 0.037 seconds
[2025-10-06T21:17:13.215+0000] {processor.py:157} INFO - Started process (PID=1015) to work on /opt/airflow/dags/dbt_dag_parser_v2.py
[2025-10-06T21:17:13.218+0000] {processor.py:829} INFO - Processing file /opt/airflow/dags/dbt_dag_parser_v2.py for tasks to queue
[2025-10-06T21:17:13.221+0000] {logging_mixin.py:151} INFO - [2025-10-06T21:17:13.221+0000] {dagbag.py:539} INFO - Filling up the DagBag from /opt/airflow/dags/dbt_dag_parser_v2.py
[2025-10-06T21:17:13.224+0000] {processor.py:841} WARNING - No viable dags retrieved from /opt/airflow/dags/dbt_dag_parser_v2.py
[2025-10-06T21:17:13.244+0000] {processor.py:179} INFO - Processing /opt/airflow/dags/dbt_dag_parser_v2.py took 0.033 seconds
[2025-10-06T21:17:43.479+0000] {processor.py:157} INFO - Started process (PID=1039) to work on /opt/airflow/dags/dbt_dag_parser_v2.py
[2025-10-06T21:17:43.483+0000] {processor.py:829} INFO - Processing file /opt/airflow/dags/dbt_dag_parser_v2.py for tasks to queue
[2025-10-06T21:17:43.486+0000] {logging_mixin.py:151} INFO - [2025-10-06T21:17:43.485+0000] {dagbag.py:539} INFO - Filling up the DagBag from /opt/airflow/dags/dbt_dag_parser_v2.py
[2025-10-06T21:17:43.489+0000] {processor.py:841} WARNING - No viable dags retrieved from /opt/airflow/dags/dbt_dag_parser_v2.py
[2025-10-06T21:17:43.510+0000] {processor.py:179} INFO - Processing /opt/airflow/dags/dbt_dag_parser_v2.py took 0.035 seconds
[2025-10-06T21:18:14.013+0000] {processor.py:157} INFO - Started process (PID=1062) to work on /opt/airflow/dags/dbt_dag_parser_v2.py
[2025-10-06T21:18:14.015+0000] {processor.py:829} INFO - Processing file /opt/airflow/dags/dbt_dag_parser_v2.py for tasks to queue
[2025-10-06T21:18:14.017+0000] {logging_mixin.py:151} INFO - [2025-10-06T21:18:14.017+0000] {dagbag.py:539} INFO - Filling up the DagBag from /opt/airflow/dags/dbt_dag_parser_v2.py
[2025-10-06T21:18:14.021+0000] {processor.py:841} WARNING - No viable dags retrieved from /opt/airflow/dags/dbt_dag_parser_v2.py
[2025-10-06T21:18:14.042+0000] {processor.py:179} INFO - Processing /opt/airflow/dags/dbt_dag_parser_v2.py took 0.034 seconds
[2025-10-06T21:18:44.284+0000] {processor.py:157} INFO - Started process (PID=1085) to work on /opt/airflow/dags/dbt_dag_parser_v2.py
[2025-10-06T21:18:44.286+0000] {processor.py:829} INFO - Processing file /opt/airflow/dags/dbt_dag_parser_v2.py for tasks to queue
[2025-10-06T21:18:44.292+0000] {logging_mixin.py:151} INFO - [2025-10-06T21:18:44.291+0000] {dagbag.py:539} INFO - Filling up the DagBag from /opt/airflow/dags/dbt_dag_parser_v2.py
[2025-10-06T21:18:44.295+0000] {processor.py:841} WARNING - No viable dags retrieved from /opt/airflow/dags/dbt_dag_parser_v2.py
[2025-10-06T21:18:44.317+0000] {processor.py:179} INFO - Processing /opt/airflow/dags/dbt_dag_parser_v2.py took 0.038 seconds
[2025-10-06T21:19:14.592+0000] {processor.py:157} INFO - Started process (PID=1108) to work on /opt/airflow/dags/dbt_dag_parser_v2.py
[2025-10-06T21:19:14.593+0000] {processor.py:829} INFO - Processing file /opt/airflow/dags/dbt_dag_parser_v2.py for tasks to queue
[2025-10-06T21:19:14.596+0000] {logging_mixin.py:151} INFO - [2025-10-06T21:19:14.596+0000] {dagbag.py:539} INFO - Filling up the DagBag from /opt/airflow/dags/dbt_dag_parser_v2.py
[2025-10-06T21:19:14.599+0000] {processor.py:841} WARNING - No viable dags retrieved from /opt/airflow/dags/dbt_dag_parser_v2.py
[2025-10-06T21:19:14.625+0000] {processor.py:179} INFO - Processing /opt/airflow/dags/dbt_dag_parser_v2.py took 0.038 seconds
[2025-10-06T21:19:44.831+0000] {processor.py:157} INFO - Started process (PID=1126) to work on /opt/airflow/dags/dbt_dag_parser_v2.py
[2025-10-06T21:19:44.833+0000] {processor.py:829} INFO - Processing file /opt/airflow/dags/dbt_dag_parser_v2.py for tasks to queue
[2025-10-06T21:19:44.836+0000] {logging_mixin.py:151} INFO - [2025-10-06T21:19:44.836+0000] {dagbag.py:539} INFO - Filling up the DagBag from /opt/airflow/dags/dbt_dag_parser_v2.py
[2025-10-06T21:19:44.840+0000] {processor.py:841} WARNING - No viable dags retrieved from /opt/airflow/dags/dbt_dag_parser_v2.py
[2025-10-06T21:19:44.877+0000] {processor.py:179} INFO - Processing /opt/airflow/dags/dbt_dag_parser_v2.py took 0.059 seconds
[2025-10-06T21:20:15.087+0000] {processor.py:157} INFO - Started process (PID=1148) to work on /opt/airflow/dags/dbt_dag_parser_v2.py
[2025-10-06T21:20:15.088+0000] {processor.py:829} INFO - Processing file /opt/airflow/dags/dbt_dag_parser_v2.py for tasks to queue
[2025-10-06T21:20:15.091+0000] {logging_mixin.py:151} INFO - [2025-10-06T21:20:15.091+0000] {dagbag.py:539} INFO - Filling up the DagBag from /opt/airflow/dags/dbt_dag_parser_v2.py
[2025-10-06T21:20:15.094+0000] {processor.py:841} WARNING - No viable dags retrieved from /opt/airflow/dags/dbt_dag_parser_v2.py
[2025-10-06T21:20:15.115+0000] {processor.py:179} INFO - Processing /opt/airflow/dags/dbt_dag_parser_v2.py took 0.032 seconds
[2025-10-06T21:20:45.307+0000] {processor.py:157} INFO - Started process (PID=1171) to work on /opt/airflow/dags/dbt_dag_parser_v2.py
[2025-10-06T21:20:45.308+0000] {processor.py:829} INFO - Processing file /opt/airflow/dags/dbt_dag_parser_v2.py for tasks to queue
[2025-10-06T21:20:45.311+0000] {logging_mixin.py:151} INFO - [2025-10-06T21:20:45.310+0000] {dagbag.py:539} INFO - Filling up the DagBag from /opt/airflow/dags/dbt_dag_parser_v2.py
[2025-10-06T21:20:45.314+0000] {processor.py:841} WARNING - No viable dags retrieved from /opt/airflow/dags/dbt_dag_parser_v2.py
[2025-10-06T21:20:45.349+0000] {processor.py:179} INFO - Processing /opt/airflow/dags/dbt_dag_parser_v2.py took 0.056 seconds
[2025-10-06T21:21:15.582+0000] {processor.py:157} INFO - Started process (PID=1194) to work on /opt/airflow/dags/dbt_dag_parser_v2.py
[2025-10-06T21:21:15.586+0000] {processor.py:829} INFO - Processing file /opt/airflow/dags/dbt_dag_parser_v2.py for tasks to queue
[2025-10-06T21:21:15.589+0000] {logging_mixin.py:151} INFO - [2025-10-06T21:21:15.589+0000] {dagbag.py:539} INFO - Filling up the DagBag from /opt/airflow/dags/dbt_dag_parser_v2.py
[2025-10-06T21:21:15.593+0000] {processor.py:841} WARNING - No viable dags retrieved from /opt/airflow/dags/dbt_dag_parser_v2.py
[2025-10-06T21:21:15.635+0000] {processor.py:179} INFO - Processing /opt/airflow/dags/dbt_dag_parser_v2.py took 0.060 seconds
[2025-10-06T21:21:45.809+0000] {processor.py:157} INFO - Started process (PID=1224) to work on /opt/airflow/dags/dbt_dag_parser_v2.py
[2025-10-06T21:21:45.811+0000] {processor.py:829} INFO - Processing file /opt/airflow/dags/dbt_dag_parser_v2.py for tasks to queue
[2025-10-06T21:21:45.814+0000] {logging_mixin.py:151} INFO - [2025-10-06T21:21:45.814+0000] {dagbag.py:539} INFO - Filling up the DagBag from /opt/airflow/dags/dbt_dag_parser_v2.py
[2025-10-06T21:21:45.817+0000] {processor.py:841} WARNING - No viable dags retrieved from /opt/airflow/dags/dbt_dag_parser_v2.py
[2025-10-06T21:21:45.838+0000] {processor.py:179} INFO - Processing /opt/airflow/dags/dbt_dag_parser_v2.py took 0.034 seconds
[2025-10-06T21:22:16.055+0000] {processor.py:157} INFO - Started process (PID=1247) to work on /opt/airflow/dags/dbt_dag_parser_v2.py
[2025-10-06T21:22:16.057+0000] {processor.py:829} INFO - Processing file /opt/airflow/dags/dbt_dag_parser_v2.py for tasks to queue
[2025-10-06T21:22:16.060+0000] {logging_mixin.py:151} INFO - [2025-10-06T21:22:16.060+0000] {dagbag.py:539} INFO - Filling up the DagBag from /opt/airflow/dags/dbt_dag_parser_v2.py
[2025-10-06T21:22:16.063+0000] {processor.py:841} WARNING - No viable dags retrieved from /opt/airflow/dags/dbt_dag_parser_v2.py
[2025-10-06T21:22:16.102+0000] {processor.py:179} INFO - Processing /opt/airflow/dags/dbt_dag_parser_v2.py took 0.052 seconds
[2025-10-06T21:22:46.429+0000] {processor.py:157} INFO - Started process (PID=1270) to work on /opt/airflow/dags/dbt_dag_parser_v2.py
[2025-10-06T21:22:46.430+0000] {processor.py:829} INFO - Processing file /opt/airflow/dags/dbt_dag_parser_v2.py for tasks to queue
[2025-10-06T21:22:46.433+0000] {logging_mixin.py:151} INFO - [2025-10-06T21:22:46.433+0000] {dagbag.py:539} INFO - Filling up the DagBag from /opt/airflow/dags/dbt_dag_parser_v2.py
[2025-10-06T21:22:46.436+0000] {processor.py:841} WARNING - No viable dags retrieved from /opt/airflow/dags/dbt_dag_parser_v2.py
[2025-10-06T21:22:46.457+0000] {processor.py:179} INFO - Processing /opt/airflow/dags/dbt_dag_parser_v2.py took 0.033 seconds
[2025-10-06T21:23:16.639+0000] {processor.py:157} INFO - Started process (PID=1291) to work on /opt/airflow/dags/dbt_dag_parser_v2.py
[2025-10-06T21:23:16.641+0000] {processor.py:829} INFO - Processing file /opt/airflow/dags/dbt_dag_parser_v2.py for tasks to queue
[2025-10-06T21:23:16.644+0000] {logging_mixin.py:151} INFO - [2025-10-06T21:23:16.644+0000] {dagbag.py:539} INFO - Filling up the DagBag from /opt/airflow/dags/dbt_dag_parser_v2.py
[2025-10-06T21:23:16.667+0000] {processor.py:841} WARNING - No viable dags retrieved from /opt/airflow/dags/dbt_dag_parser_v2.py
[2025-10-06T21:23:16.698+0000] {processor.py:179} INFO - Processing /opt/airflow/dags/dbt_dag_parser_v2.py took 0.068 seconds
