[2025-10-06T20:04:37.022+0000] {processor.py:157} INFO - Started process (PID=54) to work on /opt/airflow/dags/dbt_dag_parser.py
[2025-10-06T20:04:37.023+0000] {processor.py:829} INFO - Processing file /opt/airflow/dags/dbt_dag_parser.py for tasks to queue
[2025-10-06T20:04:37.026+0000] {logging_mixin.py:151} INFO - [2025-10-06T20:04:37.026+0000] {dagbag.py:539} INFO - Filling up the DagBag from /opt/airflow/dags/dbt_dag_parser.py
[2025-10-06T20:04:37.030+0000] {processor.py:841} WARNING - No viable dags retrieved from /opt/airflow/dags/dbt_dag_parser.py
[2025-10-06T20:04:37.050+0000] {processor.py:179} INFO - Processing /opt/airflow/dags/dbt_dag_parser.py took 0.032 seconds
[2025-10-06T20:05:07.237+0000] {processor.py:157} INFO - Started process (PID=80) to work on /opt/airflow/dags/dbt_dag_parser.py
[2025-10-06T20:05:07.239+0000] {processor.py:829} INFO - Processing file /opt/airflow/dags/dbt_dag_parser.py for tasks to queue
[2025-10-06T20:05:07.242+0000] {logging_mixin.py:151} INFO - [2025-10-06T20:05:07.241+0000] {dagbag.py:539} INFO - Filling up the DagBag from /opt/airflow/dags/dbt_dag_parser.py
[2025-10-06T20:05:07.244+0000] {processor.py:841} WARNING - No viable dags retrieved from /opt/airflow/dags/dbt_dag_parser.py
[2025-10-06T20:05:07.264+0000] {processor.py:179} INFO - Processing /opt/airflow/dags/dbt_dag_parser.py took 0.031 seconds
[2025-10-06T20:05:37.679+0000] {processor.py:157} INFO - Started process (PID=110) to work on /opt/airflow/dags/dbt_dag_parser.py
[2025-10-06T20:05:37.679+0000] {processor.py:829} INFO - Processing file /opt/airflow/dags/dbt_dag_parser.py for tasks to queue
[2025-10-06T20:05:37.682+0000] {logging_mixin.py:151} INFO - [2025-10-06T20:05:37.682+0000] {dagbag.py:539} INFO - Filling up the DagBag from /opt/airflow/dags/dbt_dag_parser.py
[2025-10-06T20:05:37.685+0000] {processor.py:841} WARNING - No viable dags retrieved from /opt/airflow/dags/dbt_dag_parser.py
[2025-10-06T20:05:37.705+0000] {processor.py:179} INFO - Processing /opt/airflow/dags/dbt_dag_parser.py took 0.030 seconds
[2025-10-06T20:06:07.988+0000] {processor.py:157} INFO - Started process (PID=138) to work on /opt/airflow/dags/dbt_dag_parser.py
[2025-10-06T20:06:07.990+0000] {processor.py:829} INFO - Processing file /opt/airflow/dags/dbt_dag_parser.py for tasks to queue
[2025-10-06T20:06:07.993+0000] {logging_mixin.py:151} INFO - [2025-10-06T20:06:07.993+0000] {dagbag.py:539} INFO - Filling up the DagBag from /opt/airflow/dags/dbt_dag_parser.py
[2025-10-06T20:06:07.996+0000] {processor.py:841} WARNING - No viable dags retrieved from /opt/airflow/dags/dbt_dag_parser.py
[2025-10-06T20:06:08.016+0000] {processor.py:179} INFO - Processing /opt/airflow/dags/dbt_dag_parser.py took 0.032 seconds
[2025-10-06T20:06:38.071+0000] {processor.py:157} INFO - Started process (PID=165) to work on /opt/airflow/dags/dbt_dag_parser.py
[2025-10-06T20:06:38.072+0000] {processor.py:829} INFO - Processing file /opt/airflow/dags/dbt_dag_parser.py for tasks to queue
[2025-10-06T20:06:38.075+0000] {logging_mixin.py:151} INFO - [2025-10-06T20:06:38.074+0000] {dagbag.py:539} INFO - Filling up the DagBag from /opt/airflow/dags/dbt_dag_parser.py
[2025-10-06T20:06:38.077+0000] {processor.py:841} WARNING - No viable dags retrieved from /opt/airflow/dags/dbt_dag_parser.py
[2025-10-06T20:06:38.097+0000] {processor.py:179} INFO - Processing /opt/airflow/dags/dbt_dag_parser.py took 0.031 seconds
[2025-10-06T20:07:08.491+0000] {processor.py:157} INFO - Started process (PID=192) to work on /opt/airflow/dags/dbt_dag_parser.py
[2025-10-06T20:07:08.494+0000] {processor.py:829} INFO - Processing file /opt/airflow/dags/dbt_dag_parser.py for tasks to queue
[2025-10-06T20:07:08.496+0000] {logging_mixin.py:151} INFO - [2025-10-06T20:07:08.496+0000] {dagbag.py:539} INFO - Filling up the DagBag from /opt/airflow/dags/dbt_dag_parser.py
[2025-10-06T20:07:08.499+0000] {processor.py:841} WARNING - No viable dags retrieved from /opt/airflow/dags/dbt_dag_parser.py
[2025-10-06T20:07:08.538+0000] {processor.py:179} INFO - Processing /opt/airflow/dags/dbt_dag_parser.py took 0.062 seconds
[2025-10-06T20:07:38.962+0000] {processor.py:157} INFO - Started process (PID=217) to work on /opt/airflow/dags/dbt_dag_parser.py
[2025-10-06T20:07:38.963+0000] {processor.py:829} INFO - Processing file /opt/airflow/dags/dbt_dag_parser.py for tasks to queue
[2025-10-06T20:07:38.966+0000] {logging_mixin.py:151} INFO - [2025-10-06T20:07:38.965+0000] {dagbag.py:539} INFO - Filling up the DagBag from /opt/airflow/dags/dbt_dag_parser.py
[2025-10-06T20:07:38.973+0000] {processor.py:841} WARNING - No viable dags retrieved from /opt/airflow/dags/dbt_dag_parser.py
[2025-10-06T20:07:39.035+0000] {processor.py:179} INFO - Processing /opt/airflow/dags/dbt_dag_parser.py took 0.089 seconds
[2025-10-06T20:08:09.839+0000] {processor.py:157} INFO - Started process (PID=246) to work on /opt/airflow/dags/dbt_dag_parser.py
[2025-10-06T20:08:09.842+0000] {processor.py:829} INFO - Processing file /opt/airflow/dags/dbt_dag_parser.py for tasks to queue
[2025-10-06T20:08:09.845+0000] {logging_mixin.py:151} INFO - [2025-10-06T20:08:09.845+0000] {dagbag.py:539} INFO - Filling up the DagBag from /opt/airflow/dags/dbt_dag_parser.py
[2025-10-06T20:08:09.848+0000] {processor.py:841} WARNING - No viable dags retrieved from /opt/airflow/dags/dbt_dag_parser.py
[2025-10-06T20:08:09.891+0000] {processor.py:179} INFO - Processing /opt/airflow/dags/dbt_dag_parser.py took 0.064 seconds
[2025-10-06T20:08:40.102+0000] {processor.py:157} INFO - Started process (PID=268) to work on /opt/airflow/dags/dbt_dag_parser.py
[2025-10-06T20:08:40.123+0000] {processor.py:829} INFO - Processing file /opt/airflow/dags/dbt_dag_parser.py for tasks to queue
[2025-10-06T20:08:40.126+0000] {logging_mixin.py:151} INFO - [2025-10-06T20:08:40.125+0000] {dagbag.py:539} INFO - Filling up the DagBag from /opt/airflow/dags/dbt_dag_parser.py
[2025-10-06T20:08:40.145+0000] {processor.py:841} WARNING - No viable dags retrieved from /opt/airflow/dags/dbt_dag_parser.py
[2025-10-06T20:08:40.253+0000] {processor.py:179} INFO - Processing /opt/airflow/dags/dbt_dag_parser.py took 0.155 seconds
[2025-10-06T20:09:10.424+0000] {processor.py:157} INFO - Started process (PID=292) to work on /opt/airflow/dags/dbt_dag_parser.py
[2025-10-06T20:09:10.430+0000] {processor.py:829} INFO - Processing file /opt/airflow/dags/dbt_dag_parser.py for tasks to queue
[2025-10-06T20:09:10.433+0000] {logging_mixin.py:151} INFO - [2025-10-06T20:09:10.433+0000] {dagbag.py:539} INFO - Filling up the DagBag from /opt/airflow/dags/dbt_dag_parser.py
[2025-10-06T20:09:10.436+0000] {processor.py:841} WARNING - No viable dags retrieved from /opt/airflow/dags/dbt_dag_parser.py
[2025-10-06T20:09:10.475+0000] {processor.py:179} INFO - Processing /opt/airflow/dags/dbt_dag_parser.py took 0.057 seconds
[2025-10-06T20:09:40.782+0000] {processor.py:157} INFO - Started process (PID=314) to work on /opt/airflow/dags/dbt_dag_parser.py
[2025-10-06T20:09:40.784+0000] {processor.py:829} INFO - Processing file /opt/airflow/dags/dbt_dag_parser.py for tasks to queue
[2025-10-06T20:09:40.795+0000] {logging_mixin.py:151} INFO - [2025-10-06T20:09:40.794+0000] {dagbag.py:539} INFO - Filling up the DagBag from /opt/airflow/dags/dbt_dag_parser.py
[2025-10-06T20:09:40.797+0000] {processor.py:841} WARNING - No viable dags retrieved from /opt/airflow/dags/dbt_dag_parser.py
[2025-10-06T20:09:40.831+0000] {processor.py:179} INFO - Processing /opt/airflow/dags/dbt_dag_parser.py took 0.068 seconds
[2025-10-06T20:10:11.186+0000] {processor.py:157} INFO - Started process (PID=337) to work on /opt/airflow/dags/dbt_dag_parser.py
[2025-10-06T20:10:11.189+0000] {processor.py:829} INFO - Processing file /opt/airflow/dags/dbt_dag_parser.py for tasks to queue
[2025-10-06T20:10:11.194+0000] {logging_mixin.py:151} INFO - [2025-10-06T20:10:11.194+0000] {dagbag.py:539} INFO - Filling up the DagBag from /opt/airflow/dags/dbt_dag_parser.py
[2025-10-06T20:10:11.200+0000] {processor.py:841} WARNING - No viable dags retrieved from /opt/airflow/dags/dbt_dag_parser.py
[2025-10-06T20:10:11.225+0000] {processor.py:179} INFO - Processing /opt/airflow/dags/dbt_dag_parser.py took 0.043 seconds
[2025-10-06T20:10:41.521+0000] {processor.py:157} INFO - Started process (PID=361) to work on /opt/airflow/dags/dbt_dag_parser.py
[2025-10-06T20:10:41.522+0000] {processor.py:829} INFO - Processing file /opt/airflow/dags/dbt_dag_parser.py for tasks to queue
[2025-10-06T20:10:41.524+0000] {logging_mixin.py:151} INFO - [2025-10-06T20:10:41.524+0000] {dagbag.py:539} INFO - Filling up the DagBag from /opt/airflow/dags/dbt_dag_parser.py
[2025-10-06T20:10:41.527+0000] {processor.py:841} WARNING - No viable dags retrieved from /opt/airflow/dags/dbt_dag_parser.py
[2025-10-06T20:10:41.547+0000] {processor.py:179} INFO - Processing /opt/airflow/dags/dbt_dag_parser.py took 0.030 seconds
[2025-10-06T20:11:11.828+0000] {processor.py:157} INFO - Started process (PID=384) to work on /opt/airflow/dags/dbt_dag_parser.py
[2025-10-06T20:11:11.830+0000] {processor.py:829} INFO - Processing file /opt/airflow/dags/dbt_dag_parser.py for tasks to queue
[2025-10-06T20:11:11.833+0000] {logging_mixin.py:151} INFO - [2025-10-06T20:11:11.833+0000] {dagbag.py:539} INFO - Filling up the DagBag from /opt/airflow/dags/dbt_dag_parser.py
[2025-10-06T20:11:11.836+0000] {processor.py:841} WARNING - No viable dags retrieved from /opt/airflow/dags/dbt_dag_parser.py
[2025-10-06T20:11:11.860+0000] {processor.py:179} INFO - Processing /opt/airflow/dags/dbt_dag_parser.py took 0.036 seconds
[2025-10-06T20:11:42.169+0000] {processor.py:157} INFO - Started process (PID=407) to work on /opt/airflow/dags/dbt_dag_parser.py
[2025-10-06T20:11:42.170+0000] {processor.py:829} INFO - Processing file /opt/airflow/dags/dbt_dag_parser.py for tasks to queue
[2025-10-06T20:11:42.176+0000] {logging_mixin.py:151} INFO - [2025-10-06T20:11:42.176+0000] {dagbag.py:539} INFO - Filling up the DagBag from /opt/airflow/dags/dbt_dag_parser.py
[2025-10-06T20:11:42.184+0000] {processor.py:841} WARNING - No viable dags retrieved from /opt/airflow/dags/dbt_dag_parser.py
[2025-10-06T20:11:42.211+0000] {processor.py:179} INFO - Processing /opt/airflow/dags/dbt_dag_parser.py took 0.047 seconds
[2025-10-06T20:12:12.516+0000] {processor.py:157} INFO - Started process (PID=431) to work on /opt/airflow/dags/dbt_dag_parser.py
[2025-10-06T20:12:12.518+0000] {processor.py:829} INFO - Processing file /opt/airflow/dags/dbt_dag_parser.py for tasks to queue
[2025-10-06T20:12:12.521+0000] {logging_mixin.py:151} INFO - [2025-10-06T20:12:12.521+0000] {dagbag.py:539} INFO - Filling up the DagBag from /opt/airflow/dags/dbt_dag_parser.py
[2025-10-06T20:12:12.525+0000] {processor.py:841} WARNING - No viable dags retrieved from /opt/airflow/dags/dbt_dag_parser.py
[2025-10-06T20:12:12.548+0000] {processor.py:179} INFO - Processing /opt/airflow/dags/dbt_dag_parser.py took 0.037 seconds
[2025-10-06T20:12:43.090+0000] {processor.py:157} INFO - Started process (PID=451) to work on /opt/airflow/dags/dbt_dag_parser.py
[2025-10-06T20:12:43.091+0000] {processor.py:829} INFO - Processing file /opt/airflow/dags/dbt_dag_parser.py for tasks to queue
[2025-10-06T20:12:43.106+0000] {logging_mixin.py:151} INFO - [2025-10-06T20:12:43.106+0000] {dagbag.py:539} INFO - Filling up the DagBag from /opt/airflow/dags/dbt_dag_parser.py
[2025-10-06T20:12:43.109+0000] {processor.py:841} WARNING - No viable dags retrieved from /opt/airflow/dags/dbt_dag_parser.py
[2025-10-06T20:12:43.154+0000] {processor.py:179} INFO - Processing /opt/airflow/dags/dbt_dag_parser.py took 0.098 seconds
[2025-10-06T20:13:13.365+0000] {processor.py:157} INFO - Started process (PID=472) to work on /opt/airflow/dags/dbt_dag_parser.py
[2025-10-06T20:13:13.370+0000] {processor.py:829} INFO - Processing file /opt/airflow/dags/dbt_dag_parser.py for tasks to queue
[2025-10-06T20:13:13.373+0000] {logging_mixin.py:151} INFO - [2025-10-06T20:13:13.373+0000] {dagbag.py:539} INFO - Filling up the DagBag from /opt/airflow/dags/dbt_dag_parser.py
[2025-10-06T20:13:13.376+0000] {processor.py:841} WARNING - No viable dags retrieved from /opt/airflow/dags/dbt_dag_parser.py
[2025-10-06T20:13:13.421+0000] {processor.py:179} INFO - Processing /opt/airflow/dags/dbt_dag_parser.py took 0.069 seconds
[2025-10-06T20:13:43.855+0000] {processor.py:157} INFO - Started process (PID=495) to work on /opt/airflow/dags/dbt_dag_parser.py
[2025-10-06T20:13:43.861+0000] {processor.py:829} INFO - Processing file /opt/airflow/dags/dbt_dag_parser.py for tasks to queue
[2025-10-06T20:13:43.868+0000] {logging_mixin.py:151} INFO - [2025-10-06T20:13:43.867+0000] {dagbag.py:539} INFO - Filling up the DagBag from /opt/airflow/dags/dbt_dag_parser.py
[2025-10-06T20:13:43.879+0000] {processor.py:841} WARNING - No viable dags retrieved from /opt/airflow/dags/dbt_dag_parser.py
[2025-10-06T20:13:43.913+0000] {processor.py:179} INFO - Processing /opt/airflow/dags/dbt_dag_parser.py took 0.069 seconds
[2025-10-06T20:14:14.472+0000] {processor.py:157} INFO - Started process (PID=524) to work on /opt/airflow/dags/dbt_dag_parser.py
[2025-10-06T20:14:14.473+0000] {processor.py:829} INFO - Processing file /opt/airflow/dags/dbt_dag_parser.py for tasks to queue
[2025-10-06T20:14:14.493+0000] {logging_mixin.py:151} INFO - [2025-10-06T20:14:14.493+0000] {dagbag.py:539} INFO - Filling up the DagBag from /opt/airflow/dags/dbt_dag_parser.py
[2025-10-06T20:14:14.497+0000] {processor.py:841} WARNING - No viable dags retrieved from /opt/airflow/dags/dbt_dag_parser.py
[2025-10-06T20:14:14.542+0000] {processor.py:179} INFO - Processing /opt/airflow/dags/dbt_dag_parser.py took 0.092 seconds
[2025-10-06T20:14:45.025+0000] {processor.py:157} INFO - Started process (PID=546) to work on /opt/airflow/dags/dbt_dag_parser.py
[2025-10-06T20:14:45.034+0000] {processor.py:829} INFO - Processing file /opt/airflow/dags/dbt_dag_parser.py for tasks to queue
[2025-10-06T20:14:45.037+0000] {logging_mixin.py:151} INFO - [2025-10-06T20:14:45.037+0000] {dagbag.py:539} INFO - Filling up the DagBag from /opt/airflow/dags/dbt_dag_parser.py
[2025-10-06T20:14:45.040+0000] {processor.py:841} WARNING - No viable dags retrieved from /opt/airflow/dags/dbt_dag_parser.py
[2025-10-06T20:14:45.087+0000] {processor.py:179} INFO - Processing /opt/airflow/dags/dbt_dag_parser.py took 0.066 seconds
[2025-10-06T20:15:15.415+0000] {processor.py:157} INFO - Started process (PID=570) to work on /opt/airflow/dags/dbt_dag_parser.py
[2025-10-06T20:15:15.416+0000] {processor.py:829} INFO - Processing file /opt/airflow/dags/dbt_dag_parser.py for tasks to queue
[2025-10-06T20:15:15.423+0000] {logging_mixin.py:151} INFO - [2025-10-06T20:15:15.422+0000] {dagbag.py:539} INFO - Filling up the DagBag from /opt/airflow/dags/dbt_dag_parser.py
[2025-10-06T20:15:15.425+0000] {processor.py:841} WARNING - No viable dags retrieved from /opt/airflow/dags/dbt_dag_parser.py
[2025-10-06T20:15:15.469+0000] {processor.py:179} INFO - Processing /opt/airflow/dags/dbt_dag_parser.py took 0.062 seconds
[2025-10-06T20:15:45.841+0000] {processor.py:157} INFO - Started process (PID=593) to work on /opt/airflow/dags/dbt_dag_parser.py
[2025-10-06T20:15:45.843+0000] {processor.py:829} INFO - Processing file /opt/airflow/dags/dbt_dag_parser.py for tasks to queue
[2025-10-06T20:15:45.847+0000] {logging_mixin.py:151} INFO - [2025-10-06T20:15:45.846+0000] {dagbag.py:539} INFO - Filling up the DagBag from /opt/airflow/dags/dbt_dag_parser.py
[2025-10-06T20:15:45.851+0000] {processor.py:841} WARNING - No viable dags retrieved from /opt/airflow/dags/dbt_dag_parser.py
[2025-10-06T20:15:45.879+0000] {processor.py:179} INFO - Processing /opt/airflow/dags/dbt_dag_parser.py took 0.055 seconds
[2025-10-06T20:16:16.056+0000] {processor.py:157} INFO - Started process (PID=617) to work on /opt/airflow/dags/dbt_dag_parser.py
[2025-10-06T20:16:16.058+0000] {processor.py:829} INFO - Processing file /opt/airflow/dags/dbt_dag_parser.py for tasks to queue
[2025-10-06T20:16:16.061+0000] {logging_mixin.py:151} INFO - [2025-10-06T20:16:16.061+0000] {dagbag.py:539} INFO - Filling up the DagBag from /opt/airflow/dags/dbt_dag_parser.py
[2025-10-06T20:16:16.064+0000] {processor.py:841} WARNING - No viable dags retrieved from /opt/airflow/dags/dbt_dag_parser.py
[2025-10-06T20:16:16.089+0000] {processor.py:179} INFO - Processing /opt/airflow/dags/dbt_dag_parser.py took 0.038 seconds
[2025-10-06T20:16:46.469+0000] {processor.py:157} INFO - Started process (PID=637) to work on /opt/airflow/dags/dbt_dag_parser.py
[2025-10-06T20:16:46.470+0000] {processor.py:829} INFO - Processing file /opt/airflow/dags/dbt_dag_parser.py for tasks to queue
[2025-10-06T20:16:46.473+0000] {logging_mixin.py:151} INFO - [2025-10-06T20:16:46.473+0000] {dagbag.py:539} INFO - Filling up the DagBag from /opt/airflow/dags/dbt_dag_parser.py
[2025-10-06T20:16:46.476+0000] {processor.py:841} WARNING - No viable dags retrieved from /opt/airflow/dags/dbt_dag_parser.py
[2025-10-06T20:16:46.498+0000] {processor.py:179} INFO - Processing /opt/airflow/dags/dbt_dag_parser.py took 0.034 seconds
[2025-10-06T20:17:16.777+0000] {processor.py:157} INFO - Started process (PID=657) to work on /opt/airflow/dags/dbt_dag_parser.py
[2025-10-06T20:17:16.779+0000] {processor.py:829} INFO - Processing file /opt/airflow/dags/dbt_dag_parser.py for tasks to queue
[2025-10-06T20:17:16.782+0000] {logging_mixin.py:151} INFO - [2025-10-06T20:17:16.782+0000] {dagbag.py:539} INFO - Filling up the DagBag from /opt/airflow/dags/dbt_dag_parser.py
[2025-10-06T20:17:16.786+0000] {processor.py:841} WARNING - No viable dags retrieved from /opt/airflow/dags/dbt_dag_parser.py
[2025-10-06T20:17:16.817+0000] {processor.py:179} INFO - Processing /opt/airflow/dags/dbt_dag_parser.py took 0.044 seconds
[2025-10-06T20:17:47.121+0000] {processor.py:157} INFO - Started process (PID=680) to work on /opt/airflow/dags/dbt_dag_parser.py
[2025-10-06T20:17:47.122+0000] {processor.py:829} INFO - Processing file /opt/airflow/dags/dbt_dag_parser.py for tasks to queue
[2025-10-06T20:17:47.125+0000] {logging_mixin.py:151} INFO - [2025-10-06T20:17:47.125+0000] {dagbag.py:539} INFO - Filling up the DagBag from /opt/airflow/dags/dbt_dag_parser.py
[2025-10-06T20:17:47.128+0000] {processor.py:841} WARNING - No viable dags retrieved from /opt/airflow/dags/dbt_dag_parser.py
[2025-10-06T20:17:47.169+0000] {processor.py:179} INFO - Processing /opt/airflow/dags/dbt_dag_parser.py took 0.057 seconds
[2025-10-06T20:18:17.535+0000] {processor.py:157} INFO - Started process (PID=703) to work on /opt/airflow/dags/dbt_dag_parser.py
[2025-10-06T20:18:17.537+0000] {processor.py:829} INFO - Processing file /opt/airflow/dags/dbt_dag_parser.py for tasks to queue
[2025-10-06T20:18:17.540+0000] {logging_mixin.py:151} INFO - [2025-10-06T20:18:17.540+0000] {dagbag.py:539} INFO - Filling up the DagBag from /opt/airflow/dags/dbt_dag_parser.py
[2025-10-06T20:18:17.543+0000] {processor.py:841} WARNING - No viable dags retrieved from /opt/airflow/dags/dbt_dag_parser.py
[2025-10-06T20:18:17.567+0000] {processor.py:179} INFO - Processing /opt/airflow/dags/dbt_dag_parser.py took 0.037 seconds
[2025-10-06T20:18:47.854+0000] {processor.py:157} INFO - Started process (PID=726) to work on /opt/airflow/dags/dbt_dag_parser.py
[2025-10-06T20:18:47.855+0000] {processor.py:829} INFO - Processing file /opt/airflow/dags/dbt_dag_parser.py for tasks to queue
[2025-10-06T20:18:47.858+0000] {logging_mixin.py:151} INFO - [2025-10-06T20:18:47.858+0000] {dagbag.py:539} INFO - Filling up the DagBag from /opt/airflow/dags/dbt_dag_parser.py
[2025-10-06T20:18:47.861+0000] {processor.py:841} WARNING - No viable dags retrieved from /opt/airflow/dags/dbt_dag_parser.py
[2025-10-06T20:18:47.882+0000] {processor.py:179} INFO - Processing /opt/airflow/dags/dbt_dag_parser.py took 0.033 seconds
[2025-10-06T20:19:18.306+0000] {processor.py:157} INFO - Started process (PID=749) to work on /opt/airflow/dags/dbt_dag_parser.py
[2025-10-06T20:19:18.307+0000] {processor.py:829} INFO - Processing file /opt/airflow/dags/dbt_dag_parser.py for tasks to queue
[2025-10-06T20:19:18.310+0000] {logging_mixin.py:151} INFO - [2025-10-06T20:19:18.310+0000] {dagbag.py:539} INFO - Filling up the DagBag from /opt/airflow/dags/dbt_dag_parser.py
[2025-10-06T20:19:18.313+0000] {processor.py:841} WARNING - No viable dags retrieved from /opt/airflow/dags/dbt_dag_parser.py
[2025-10-06T20:19:18.335+0000] {processor.py:179} INFO - Processing /opt/airflow/dags/dbt_dag_parser.py took 0.033 seconds
[2025-10-06T20:19:48.702+0000] {processor.py:157} INFO - Started process (PID=772) to work on /opt/airflow/dags/dbt_dag_parser.py
[2025-10-06T20:19:48.720+0000] {processor.py:829} INFO - Processing file /opt/airflow/dags/dbt_dag_parser.py for tasks to queue
[2025-10-06T20:19:48.723+0000] {logging_mixin.py:151} INFO - [2025-10-06T20:19:48.722+0000] {dagbag.py:539} INFO - Filling up the DagBag from /opt/airflow/dags/dbt_dag_parser.py
[2025-10-06T20:19:48.726+0000] {processor.py:841} WARNING - No viable dags retrieved from /opt/airflow/dags/dbt_dag_parser.py
[2025-10-06T20:19:48.771+0000] {processor.py:179} INFO - Processing /opt/airflow/dags/dbt_dag_parser.py took 0.074 seconds
[2025-10-06T20:20:19.097+0000] {processor.py:157} INFO - Started process (PID=795) to work on /opt/airflow/dags/dbt_dag_parser.py
[2025-10-06T20:20:19.099+0000] {processor.py:829} INFO - Processing file /opt/airflow/dags/dbt_dag_parser.py for tasks to queue
[2025-10-06T20:20:19.103+0000] {logging_mixin.py:151} INFO - [2025-10-06T20:20:19.102+0000] {dagbag.py:539} INFO - Filling up the DagBag from /opt/airflow/dags/dbt_dag_parser.py
[2025-10-06T20:20:19.109+0000] {processor.py:841} WARNING - No viable dags retrieved from /opt/airflow/dags/dbt_dag_parser.py
[2025-10-06T20:20:19.162+0000] {processor.py:179} INFO - Processing /opt/airflow/dags/dbt_dag_parser.py took 0.078 seconds
[2025-10-06T20:20:49.753+0000] {processor.py:157} INFO - Started process (PID=817) to work on /opt/airflow/dags/dbt_dag_parser.py
[2025-10-06T20:20:49.762+0000] {processor.py:829} INFO - Processing file /opt/airflow/dags/dbt_dag_parser.py for tasks to queue
[2025-10-06T20:20:49.766+0000] {logging_mixin.py:151} INFO - [2025-10-06T20:20:49.765+0000] {dagbag.py:539} INFO - Filling up the DagBag from /opt/airflow/dags/dbt_dag_parser.py
[2025-10-06T20:20:49.777+0000] {processor.py:841} WARNING - No viable dags retrieved from /opt/airflow/dags/dbt_dag_parser.py
[2025-10-06T20:20:49.823+0000] {processor.py:179} INFO - Processing /opt/airflow/dags/dbt_dag_parser.py took 0.083 seconds
[2025-10-06T20:21:20.163+0000] {processor.py:157} INFO - Started process (PID=837) to work on /opt/airflow/dags/dbt_dag_parser.py
[2025-10-06T20:21:20.164+0000] {processor.py:829} INFO - Processing file /opt/airflow/dags/dbt_dag_parser.py for tasks to queue
[2025-10-06T20:21:20.168+0000] {logging_mixin.py:151} INFO - [2025-10-06T20:21:20.167+0000] {dagbag.py:539} INFO - Filling up the DagBag from /opt/airflow/dags/dbt_dag_parser.py
[2025-10-06T20:21:20.193+0000] {processor.py:841} WARNING - No viable dags retrieved from /opt/airflow/dags/dbt_dag_parser.py
[2025-10-06T20:21:20.278+0000] {processor.py:179} INFO - Processing /opt/airflow/dags/dbt_dag_parser.py took 0.152 seconds
[2025-10-06T20:21:50.660+0000] {processor.py:157} INFO - Started process (PID=860) to work on /opt/airflow/dags/dbt_dag_parser.py
[2025-10-06T20:21:50.662+0000] {processor.py:829} INFO - Processing file /opt/airflow/dags/dbt_dag_parser.py for tasks to queue
[2025-10-06T20:21:50.665+0000] {logging_mixin.py:151} INFO - [2025-10-06T20:21:50.664+0000] {dagbag.py:539} INFO - Filling up the DagBag from /opt/airflow/dags/dbt_dag_parser.py
[2025-10-06T20:21:50.668+0000] {processor.py:841} WARNING - No viable dags retrieved from /opt/airflow/dags/dbt_dag_parser.py
[2025-10-06T20:21:50.691+0000] {processor.py:179} INFO - Processing /opt/airflow/dags/dbt_dag_parser.py took 0.037 seconds
[2025-10-06T20:22:20.844+0000] {processor.py:157} INFO - Started process (PID=883) to work on /opt/airflow/dags/dbt_dag_parser.py
[2025-10-06T20:22:20.854+0000] {processor.py:829} INFO - Processing file /opt/airflow/dags/dbt_dag_parser.py for tasks to queue
[2025-10-06T20:22:20.858+0000] {logging_mixin.py:151} INFO - [2025-10-06T20:22:20.857+0000] {dagbag.py:539} INFO - Filling up the DagBag from /opt/airflow/dags/dbt_dag_parser.py
[2025-10-06T20:22:20.861+0000] {processor.py:841} WARNING - No viable dags retrieved from /opt/airflow/dags/dbt_dag_parser.py
[2025-10-06T20:22:20.900+0000] {processor.py:179} INFO - Processing /opt/airflow/dags/dbt_dag_parser.py took 0.061 seconds
[2025-10-06T20:22:50.964+0000] {processor.py:157} INFO - Started process (PID=904) to work on /opt/airflow/dags/dbt_dag_parser.py
[2025-10-06T20:22:50.967+0000] {processor.py:829} INFO - Processing file /opt/airflow/dags/dbt_dag_parser.py for tasks to queue
[2025-10-06T20:22:50.979+0000] {logging_mixin.py:151} INFO - [2025-10-06T20:22:50.978+0000] {dagbag.py:539} INFO - Filling up the DagBag from /opt/airflow/dags/dbt_dag_parser.py
[2025-10-06T20:22:50.987+0000] {processor.py:841} WARNING - No viable dags retrieved from /opt/airflow/dags/dbt_dag_parser.py
[2025-10-06T20:22:51.034+0000] {processor.py:179} INFO - Processing /opt/airflow/dags/dbt_dag_parser.py took 0.076 seconds
[2025-10-06T20:23:21.393+0000] {processor.py:157} INFO - Started process (PID=935) to work on /opt/airflow/dags/dbt_dag_parser.py
[2025-10-06T20:23:21.394+0000] {processor.py:829} INFO - Processing file /opt/airflow/dags/dbt_dag_parser.py for tasks to queue
[2025-10-06T20:23:21.397+0000] {logging_mixin.py:151} INFO - [2025-10-06T20:23:21.397+0000] {dagbag.py:539} INFO - Filling up the DagBag from /opt/airflow/dags/dbt_dag_parser.py
[2025-10-06T20:23:21.400+0000] {processor.py:841} WARNING - No viable dags retrieved from /opt/airflow/dags/dbt_dag_parser.py
[2025-10-06T20:23:21.426+0000] {processor.py:179} INFO - Processing /opt/airflow/dags/dbt_dag_parser.py took 0.038 seconds
[2025-10-06T20:23:51.495+0000] {processor.py:157} INFO - Started process (PID=965) to work on /opt/airflow/dags/dbt_dag_parser.py
[2025-10-06T20:23:51.502+0000] {processor.py:829} INFO - Processing file /opt/airflow/dags/dbt_dag_parser.py for tasks to queue
[2025-10-06T20:23:51.506+0000] {logging_mixin.py:151} INFO - [2025-10-06T20:23:51.505+0000] {dagbag.py:539} INFO - Filling up the DagBag from /opt/airflow/dags/dbt_dag_parser.py
[2025-10-06T20:23:51.513+0000] {processor.py:841} WARNING - No viable dags retrieved from /opt/airflow/dags/dbt_dag_parser.py
[2025-10-06T20:23:51.569+0000] {processor.py:179} INFO - Processing /opt/airflow/dags/dbt_dag_parser.py took 0.100 seconds
[2025-10-06T20:24:21.884+0000] {processor.py:157} INFO - Started process (PID=990) to work on /opt/airflow/dags/dbt_dag_parser.py
[2025-10-06T20:24:21.885+0000] {processor.py:829} INFO - Processing file /opt/airflow/dags/dbt_dag_parser.py for tasks to queue
[2025-10-06T20:24:21.888+0000] {logging_mixin.py:151} INFO - [2025-10-06T20:24:21.887+0000] {dagbag.py:539} INFO - Filling up the DagBag from /opt/airflow/dags/dbt_dag_parser.py
[2025-10-06T20:24:21.899+0000] {processor.py:841} WARNING - No viable dags retrieved from /opt/airflow/dags/dbt_dag_parser.py
[2025-10-06T20:24:21.935+0000] {processor.py:179} INFO - Processing /opt/airflow/dags/dbt_dag_parser.py took 0.064 seconds
[2025-10-06T20:24:52.665+0000] {processor.py:157} INFO - Started process (PID=1017) to work on /opt/airflow/dags/dbt_dag_parser.py
[2025-10-06T20:24:52.682+0000] {processor.py:829} INFO - Processing file /opt/airflow/dags/dbt_dag_parser.py for tasks to queue
[2025-10-06T20:24:52.685+0000] {logging_mixin.py:151} INFO - [2025-10-06T20:24:52.685+0000] {dagbag.py:539} INFO - Filling up the DagBag from /opt/airflow/dags/dbt_dag_parser.py
[2025-10-06T20:24:52.701+0000] {processor.py:841} WARNING - No viable dags retrieved from /opt/airflow/dags/dbt_dag_parser.py
[2025-10-06T20:24:52.762+0000] {processor.py:179} INFO - Processing /opt/airflow/dags/dbt_dag_parser.py took 0.102 seconds
[2025-10-06T20:25:23.169+0000] {processor.py:157} INFO - Started process (PID=1045) to work on /opt/airflow/dags/dbt_dag_parser.py
[2025-10-06T20:25:23.178+0000] {processor.py:829} INFO - Processing file /opt/airflow/dags/dbt_dag_parser.py for tasks to queue
[2025-10-06T20:25:23.182+0000] {logging_mixin.py:151} INFO - [2025-10-06T20:25:23.181+0000] {dagbag.py:539} INFO - Filling up the DagBag from /opt/airflow/dags/dbt_dag_parser.py
[2025-10-06T20:25:23.185+0000] {processor.py:841} WARNING - No viable dags retrieved from /opt/airflow/dags/dbt_dag_parser.py
[2025-10-06T20:25:23.236+0000] {processor.py:179} INFO - Processing /opt/airflow/dags/dbt_dag_parser.py took 0.080 seconds
[2025-10-06T20:25:53.474+0000] {processor.py:157} INFO - Started process (PID=1068) to work on /opt/airflow/dags/dbt_dag_parser.py
[2025-10-06T20:25:53.476+0000] {processor.py:829} INFO - Processing file /opt/airflow/dags/dbt_dag_parser.py for tasks to queue
[2025-10-06T20:25:53.479+0000] {logging_mixin.py:151} INFO - [2025-10-06T20:25:53.478+0000] {dagbag.py:539} INFO - Filling up the DagBag from /opt/airflow/dags/dbt_dag_parser.py
[2025-10-06T20:25:53.482+0000] {processor.py:841} WARNING - No viable dags retrieved from /opt/airflow/dags/dbt_dag_parser.py
[2025-10-06T20:25:53.502+0000] {processor.py:179} INFO - Processing /opt/airflow/dags/dbt_dag_parser.py took 0.034 seconds
[2025-10-06T20:26:23.856+0000] {processor.py:157} INFO - Started process (PID=1091) to work on /opt/airflow/dags/dbt_dag_parser.py
[2025-10-06T20:26:23.858+0000] {processor.py:829} INFO - Processing file /opt/airflow/dags/dbt_dag_parser.py for tasks to queue
[2025-10-06T20:26:23.861+0000] {logging_mixin.py:151} INFO - [2025-10-06T20:26:23.860+0000] {dagbag.py:539} INFO - Filling up the DagBag from /opt/airflow/dags/dbt_dag_parser.py
[2025-10-06T20:26:23.864+0000] {processor.py:841} WARNING - No viable dags retrieved from /opt/airflow/dags/dbt_dag_parser.py
[2025-10-06T20:26:23.893+0000] {processor.py:179} INFO - Processing /opt/airflow/dags/dbt_dag_parser.py took 0.042 seconds
[2025-10-06T20:26:54.203+0000] {processor.py:157} INFO - Started process (PID=1115) to work on /opt/airflow/dags/dbt_dag_parser.py
[2025-10-06T20:26:54.205+0000] {processor.py:829} INFO - Processing file /opt/airflow/dags/dbt_dag_parser.py for tasks to queue
[2025-10-06T20:26:54.208+0000] {logging_mixin.py:151} INFO - [2025-10-06T20:26:54.207+0000] {dagbag.py:539} INFO - Filling up the DagBag from /opt/airflow/dags/dbt_dag_parser.py
[2025-10-06T20:26:54.211+0000] {processor.py:841} WARNING - No viable dags retrieved from /opt/airflow/dags/dbt_dag_parser.py
[2025-10-06T20:26:54.231+0000] {processor.py:179} INFO - Processing /opt/airflow/dags/dbt_dag_parser.py took 0.033 seconds
[2025-10-06T20:27:24.729+0000] {processor.py:157} INFO - Started process (PID=1138) to work on /opt/airflow/dags/dbt_dag_parser.py
[2025-10-06T20:27:24.731+0000] {processor.py:829} INFO - Processing file /opt/airflow/dags/dbt_dag_parser.py for tasks to queue
[2025-10-06T20:27:24.734+0000] {logging_mixin.py:151} INFO - [2025-10-06T20:27:24.733+0000] {dagbag.py:539} INFO - Filling up the DagBag from /opt/airflow/dags/dbt_dag_parser.py
[2025-10-06T20:27:24.737+0000] {processor.py:841} WARNING - No viable dags retrieved from /opt/airflow/dags/dbt_dag_parser.py
[2025-10-06T20:27:24.781+0000] {processor.py:179} INFO - Processing /opt/airflow/dags/dbt_dag_parser.py took 0.066 seconds
[2025-10-06T20:27:55.043+0000] {processor.py:157} INFO - Started process (PID=1162) to work on /opt/airflow/dags/dbt_dag_parser.py
[2025-10-06T20:27:55.050+0000] {processor.py:829} INFO - Processing file /opt/airflow/dags/dbt_dag_parser.py for tasks to queue
[2025-10-06T20:27:55.053+0000] {logging_mixin.py:151} INFO - [2025-10-06T20:27:55.053+0000] {dagbag.py:539} INFO - Filling up the DagBag from /opt/airflow/dags/dbt_dag_parser.py
[2025-10-06T20:27:55.056+0000] {processor.py:841} WARNING - No viable dags retrieved from /opt/airflow/dags/dbt_dag_parser.py
[2025-10-06T20:27:55.102+0000] {processor.py:179} INFO - Processing /opt/airflow/dags/dbt_dag_parser.py took 0.071 seconds
[2025-10-06T20:28:25.393+0000] {processor.py:157} INFO - Started process (PID=1184) to work on /opt/airflow/dags/dbt_dag_parser.py
[2025-10-06T20:28:25.398+0000] {processor.py:829} INFO - Processing file /opt/airflow/dags/dbt_dag_parser.py for tasks to queue
[2025-10-06T20:28:25.401+0000] {logging_mixin.py:151} INFO - [2025-10-06T20:28:25.401+0000] {dagbag.py:539} INFO - Filling up the DagBag from /opt/airflow/dags/dbt_dag_parser.py
[2025-10-06T20:28:25.416+0000] {processor.py:841} WARNING - No viable dags retrieved from /opt/airflow/dags/dbt_dag_parser.py
[2025-10-06T20:28:25.465+0000] {processor.py:179} INFO - Processing /opt/airflow/dags/dbt_dag_parser.py took 0.098 seconds
[2025-10-06T20:28:55.838+0000] {processor.py:157} INFO - Started process (PID=1207) to work on /opt/airflow/dags/dbt_dag_parser.py
[2025-10-06T20:28:55.840+0000] {processor.py:829} INFO - Processing file /opt/airflow/dags/dbt_dag_parser.py for tasks to queue
[2025-10-06T20:28:55.843+0000] {logging_mixin.py:151} INFO - [2025-10-06T20:28:55.842+0000] {dagbag.py:539} INFO - Filling up the DagBag from /opt/airflow/dags/dbt_dag_parser.py
[2025-10-06T20:28:55.846+0000] {processor.py:841} WARNING - No viable dags retrieved from /opt/airflow/dags/dbt_dag_parser.py
[2025-10-06T20:28:55.868+0000] {processor.py:179} INFO - Processing /opt/airflow/dags/dbt_dag_parser.py took 0.035 seconds
[2025-10-06T20:29:26.263+0000] {processor.py:157} INFO - Started process (PID=1227) to work on /opt/airflow/dags/dbt_dag_parser.py
[2025-10-06T20:29:26.265+0000] {processor.py:829} INFO - Processing file /opt/airflow/dags/dbt_dag_parser.py for tasks to queue
[2025-10-06T20:29:26.268+0000] {logging_mixin.py:151} INFO - [2025-10-06T20:29:26.267+0000] {dagbag.py:539} INFO - Filling up the DagBag from /opt/airflow/dags/dbt_dag_parser.py
[2025-10-06T20:29:26.270+0000] {processor.py:841} WARNING - No viable dags retrieved from /opt/airflow/dags/dbt_dag_parser.py
[2025-10-06T20:29:26.308+0000] {processor.py:179} INFO - Processing /opt/airflow/dags/dbt_dag_parser.py took 0.058 seconds
[2025-10-06T20:29:56.355+0000] {processor.py:157} INFO - Started process (PID=1256) to work on /opt/airflow/dags/dbt_dag_parser.py
[2025-10-06T20:29:56.356+0000] {processor.py:829} INFO - Processing file /opt/airflow/dags/dbt_dag_parser.py for tasks to queue
[2025-10-06T20:29:56.359+0000] {logging_mixin.py:151} INFO - [2025-10-06T20:29:56.359+0000] {dagbag.py:539} INFO - Filling up the DagBag from /opt/airflow/dags/dbt_dag_parser.py
[2025-10-06T20:29:56.363+0000] {processor.py:841} WARNING - No viable dags retrieved from /opt/airflow/dags/dbt_dag_parser.py
[2025-10-06T20:29:56.387+0000] {processor.py:179} INFO - Processing /opt/airflow/dags/dbt_dag_parser.py took 0.038 seconds
[2025-10-06T20:30:27.029+0000] {processor.py:157} INFO - Started process (PID=1280) to work on /opt/airflow/dags/dbt_dag_parser.py
[2025-10-06T20:30:27.031+0000] {processor.py:829} INFO - Processing file /opt/airflow/dags/dbt_dag_parser.py for tasks to queue
[2025-10-06T20:30:27.037+0000] {logging_mixin.py:151} INFO - [2025-10-06T20:30:27.037+0000] {dagbag.py:539} INFO - Filling up the DagBag from /opt/airflow/dags/dbt_dag_parser.py
[2025-10-06T20:30:27.040+0000] {processor.py:841} WARNING - No viable dags retrieved from /opt/airflow/dags/dbt_dag_parser.py
[2025-10-06T20:30:27.082+0000] {processor.py:179} INFO - Processing /opt/airflow/dags/dbt_dag_parser.py took 0.058 seconds
[2025-10-06T20:30:57.356+0000] {processor.py:157} INFO - Started process (PID=1303) to work on /opt/airflow/dags/dbt_dag_parser.py
[2025-10-06T20:30:57.357+0000] {processor.py:829} INFO - Processing file /opt/airflow/dags/dbt_dag_parser.py for tasks to queue
[2025-10-06T20:30:57.381+0000] {logging_mixin.py:151} INFO - [2025-10-06T20:30:57.380+0000] {dagbag.py:539} INFO - Filling up the DagBag from /opt/airflow/dags/dbt_dag_parser.py
[2025-10-06T20:30:57.402+0000] {processor.py:841} WARNING - No viable dags retrieved from /opt/airflow/dags/dbt_dag_parser.py
[2025-10-06T20:30:57.457+0000] {processor.py:179} INFO - Processing /opt/airflow/dags/dbt_dag_parser.py took 0.118 seconds
[2025-10-06T20:31:27.815+0000] {processor.py:157} INFO - Started process (PID=1325) to work on /opt/airflow/dags/dbt_dag_parser.py
[2025-10-06T20:31:27.826+0000] {processor.py:829} INFO - Processing file /opt/airflow/dags/dbt_dag_parser.py for tasks to queue
[2025-10-06T20:31:27.829+0000] {logging_mixin.py:151} INFO - [2025-10-06T20:31:27.829+0000] {dagbag.py:539} INFO - Filling up the DagBag from /opt/airflow/dags/dbt_dag_parser.py
[2025-10-06T20:31:27.832+0000] {processor.py:841} WARNING - No viable dags retrieved from /opt/airflow/dags/dbt_dag_parser.py
[2025-10-06T20:31:27.883+0000] {processor.py:179} INFO - Processing /opt/airflow/dags/dbt_dag_parser.py took 0.081 seconds
[2025-10-06T20:31:58.361+0000] {processor.py:157} INFO - Started process (PID=1349) to work on /opt/airflow/dags/dbt_dag_parser.py
[2025-10-06T20:31:58.366+0000] {processor.py:829} INFO - Processing file /opt/airflow/dags/dbt_dag_parser.py for tasks to queue
[2025-10-06T20:31:58.369+0000] {logging_mixin.py:151} INFO - [2025-10-06T20:31:58.369+0000] {dagbag.py:539} INFO - Filling up the DagBag from /opt/airflow/dags/dbt_dag_parser.py
[2025-10-06T20:31:58.376+0000] {processor.py:841} WARNING - No viable dags retrieved from /opt/airflow/dags/dbt_dag_parser.py
[2025-10-06T20:31:58.413+0000] {processor.py:179} INFO - Processing /opt/airflow/dags/dbt_dag_parser.py took 0.057 seconds
[2025-10-06T20:32:28.836+0000] {processor.py:157} INFO - Started process (PID=1373) to work on /opt/airflow/dags/dbt_dag_parser.py
[2025-10-06T20:32:28.846+0000] {processor.py:829} INFO - Processing file /opt/airflow/dags/dbt_dag_parser.py for tasks to queue
[2025-10-06T20:32:28.849+0000] {logging_mixin.py:151} INFO - [2025-10-06T20:32:28.849+0000] {dagbag.py:539} INFO - Filling up the DagBag from /opt/airflow/dags/dbt_dag_parser.py
[2025-10-06T20:32:28.852+0000] {processor.py:841} WARNING - No viable dags retrieved from /opt/airflow/dags/dbt_dag_parser.py
[2025-10-06T20:32:28.899+0000] {processor.py:179} INFO - Processing /opt/airflow/dags/dbt_dag_parser.py took 0.075 seconds
[2025-10-06T20:32:59.267+0000] {processor.py:157} INFO - Started process (PID=1395) to work on /opt/airflow/dags/dbt_dag_parser.py
[2025-10-06T20:32:59.268+0000] {processor.py:829} INFO - Processing file /opt/airflow/dags/dbt_dag_parser.py for tasks to queue
[2025-10-06T20:32:59.272+0000] {logging_mixin.py:151} INFO - [2025-10-06T20:32:59.271+0000] {dagbag.py:539} INFO - Filling up the DagBag from /opt/airflow/dags/dbt_dag_parser.py
[2025-10-06T20:32:59.275+0000] {processor.py:841} WARNING - No viable dags retrieved from /opt/airflow/dags/dbt_dag_parser.py
[2025-10-06T20:32:59.301+0000] {processor.py:179} INFO - Processing /opt/airflow/dags/dbt_dag_parser.py took 0.039 seconds
[2025-10-06T20:33:29.471+0000] {processor.py:157} INFO - Started process (PID=1422) to work on /opt/airflow/dags/dbt_dag_parser.py
[2025-10-06T20:33:29.472+0000] {processor.py:829} INFO - Processing file /opt/airflow/dags/dbt_dag_parser.py for tasks to queue
[2025-10-06T20:33:29.475+0000] {logging_mixin.py:151} INFO - [2025-10-06T20:33:29.475+0000] {dagbag.py:539} INFO - Filling up the DagBag from /opt/airflow/dags/dbt_dag_parser.py
[2025-10-06T20:33:29.478+0000] {processor.py:841} WARNING - No viable dags retrieved from /opt/airflow/dags/dbt_dag_parser.py
[2025-10-06T20:33:29.498+0000] {processor.py:179} INFO - Processing /opt/airflow/dags/dbt_dag_parser.py took 0.032 seconds
[2025-10-06T20:33:59.835+0000] {processor.py:157} INFO - Started process (PID=1443) to work on /opt/airflow/dags/dbt_dag_parser.py
[2025-10-06T20:33:59.836+0000] {processor.py:829} INFO - Processing file /opt/airflow/dags/dbt_dag_parser.py for tasks to queue
[2025-10-06T20:33:59.839+0000] {logging_mixin.py:151} INFO - [2025-10-06T20:33:59.838+0000] {dagbag.py:539} INFO - Filling up the DagBag from /opt/airflow/dags/dbt_dag_parser.py
[2025-10-06T20:33:59.842+0000] {processor.py:841} WARNING - No viable dags retrieved from /opt/airflow/dags/dbt_dag_parser.py
[2025-10-06T20:33:59.862+0000] {processor.py:179} INFO - Processing /opt/airflow/dags/dbt_dag_parser.py took 0.031 seconds
[2025-10-06T20:34:30.246+0000] {processor.py:157} INFO - Started process (PID=1466) to work on /opt/airflow/dags/dbt_dag_parser.py
[2025-10-06T20:34:30.248+0000] {processor.py:829} INFO - Processing file /opt/airflow/dags/dbt_dag_parser.py for tasks to queue
[2025-10-06T20:34:30.250+0000] {logging_mixin.py:151} INFO - [2025-10-06T20:34:30.250+0000] {dagbag.py:539} INFO - Filling up the DagBag from /opt/airflow/dags/dbt_dag_parser.py
[2025-10-06T20:34:30.253+0000] {processor.py:841} WARNING - No viable dags retrieved from /opt/airflow/dags/dbt_dag_parser.py
[2025-10-06T20:34:30.277+0000] {processor.py:179} INFO - Processing /opt/airflow/dags/dbt_dag_parser.py took 0.036 seconds
[2025-10-06T20:35:00.626+0000] {processor.py:157} INFO - Started process (PID=1489) to work on /opt/airflow/dags/dbt_dag_parser.py
[2025-10-06T20:35:00.630+0000] {processor.py:829} INFO - Processing file /opt/airflow/dags/dbt_dag_parser.py for tasks to queue
[2025-10-06T20:35:00.633+0000] {logging_mixin.py:151} INFO - [2025-10-06T20:35:00.633+0000] {dagbag.py:539} INFO - Filling up the DagBag from /opt/airflow/dags/dbt_dag_parser.py
[2025-10-06T20:35:00.636+0000] {processor.py:841} WARNING - No viable dags retrieved from /opt/airflow/dags/dbt_dag_parser.py
[2025-10-06T20:35:00.679+0000] {processor.py:179} INFO - Processing /opt/airflow/dags/dbt_dag_parser.py took 0.066 seconds
[2025-10-06T20:35:31.108+0000] {processor.py:157} INFO - Started process (PID=1511) to work on /opt/airflow/dags/dbt_dag_parser.py
[2025-10-06T20:35:31.109+0000] {processor.py:829} INFO - Processing file /opt/airflow/dags/dbt_dag_parser.py for tasks to queue
[2025-10-06T20:35:31.112+0000] {logging_mixin.py:151} INFO - [2025-10-06T20:35:31.111+0000] {dagbag.py:539} INFO - Filling up the DagBag from /opt/airflow/dags/dbt_dag_parser.py
[2025-10-06T20:35:31.127+0000] {processor.py:841} WARNING - No viable dags retrieved from /opt/airflow/dags/dbt_dag_parser.py
[2025-10-06T20:35:31.171+0000] {processor.py:179} INFO - Processing /opt/airflow/dags/dbt_dag_parser.py took 0.088 seconds
[2025-10-06T20:36:01.506+0000] {processor.py:157} INFO - Started process (PID=1534) to work on /opt/airflow/dags/dbt_dag_parser.py
[2025-10-06T20:36:01.516+0000] {processor.py:829} INFO - Processing file /opt/airflow/dags/dbt_dag_parser.py for tasks to queue
[2025-10-06T20:36:01.519+0000] {logging_mixin.py:151} INFO - [2025-10-06T20:36:01.518+0000] {dagbag.py:539} INFO - Filling up the DagBag from /opt/airflow/dags/dbt_dag_parser.py
[2025-10-06T20:36:01.521+0000] {processor.py:841} WARNING - No viable dags retrieved from /opt/airflow/dags/dbt_dag_parser.py
[2025-10-06T20:36:01.566+0000] {processor.py:179} INFO - Processing /opt/airflow/dags/dbt_dag_parser.py took 0.067 seconds
[2025-10-06T20:36:31.973+0000] {processor.py:157} INFO - Started process (PID=1564) to work on /opt/airflow/dags/dbt_dag_parser.py
[2025-10-06T20:36:31.986+0000] {processor.py:829} INFO - Processing file /opt/airflow/dags/dbt_dag_parser.py for tasks to queue
[2025-10-06T20:36:31.989+0000] {logging_mixin.py:151} INFO - [2025-10-06T20:36:31.989+0000] {dagbag.py:539} INFO - Filling up the DagBag from /opt/airflow/dags/dbt_dag_parser.py
[2025-10-06T20:36:32.005+0000] {processor.py:841} WARNING - No viable dags retrieved from /opt/airflow/dags/dbt_dag_parser.py
[2025-10-06T20:36:32.070+0000] {processor.py:179} INFO - Processing /opt/airflow/dags/dbt_dag_parser.py took 0.118 seconds
[2025-10-06T20:37:02.417+0000] {processor.py:157} INFO - Started process (PID=1586) to work on /opt/airflow/dags/dbt_dag_parser.py
[2025-10-06T20:37:02.422+0000] {processor.py:829} INFO - Processing file /opt/airflow/dags/dbt_dag_parser.py for tasks to queue
[2025-10-06T20:37:02.425+0000] {logging_mixin.py:151} INFO - [2025-10-06T20:37:02.425+0000] {dagbag.py:539} INFO - Filling up the DagBag from /opt/airflow/dags/dbt_dag_parser.py
[2025-10-06T20:37:02.432+0000] {processor.py:841} WARNING - No viable dags retrieved from /opt/airflow/dags/dbt_dag_parser.py
[2025-10-06T20:37:02.462+0000] {processor.py:179} INFO - Processing /opt/airflow/dags/dbt_dag_parser.py took 0.057 seconds
[2025-10-06T20:37:32.809+0000] {processor.py:157} INFO - Started process (PID=1605) to work on /opt/airflow/dags/dbt_dag_parser.py
[2025-10-06T20:37:32.812+0000] {processor.py:829} INFO - Processing file /opt/airflow/dags/dbt_dag_parser.py for tasks to queue
[2025-10-06T20:37:32.815+0000] {logging_mixin.py:151} INFO - [2025-10-06T20:37:32.814+0000] {dagbag.py:539} INFO - Filling up the DagBag from /opt/airflow/dags/dbt_dag_parser.py
[2025-10-06T20:37:32.817+0000] {processor.py:841} WARNING - No viable dags retrieved from /opt/airflow/dags/dbt_dag_parser.py
[2025-10-06T20:37:32.838+0000] {processor.py:179} INFO - Processing /opt/airflow/dags/dbt_dag_parser.py took 0.037 seconds
[2025-10-06T20:38:03.247+0000] {processor.py:157} INFO - Started process (PID=1628) to work on /opt/airflow/dags/dbt_dag_parser.py
[2025-10-06T20:38:03.250+0000] {processor.py:829} INFO - Processing file /opt/airflow/dags/dbt_dag_parser.py for tasks to queue
[2025-10-06T20:38:03.253+0000] {logging_mixin.py:151} INFO - [2025-10-06T20:38:03.252+0000] {dagbag.py:539} INFO - Filling up the DagBag from /opt/airflow/dags/dbt_dag_parser.py
[2025-10-06T20:38:03.256+0000] {processor.py:841} WARNING - No viable dags retrieved from /opt/airflow/dags/dbt_dag_parser.py
[2025-10-06T20:38:03.282+0000] {processor.py:179} INFO - Processing /opt/airflow/dags/dbt_dag_parser.py took 0.040 seconds
[2025-10-06T20:38:33.362+0000] {processor.py:157} INFO - Started process (PID=1651) to work on /opt/airflow/dags/dbt_dag_parser.py
[2025-10-06T20:38:33.364+0000] {processor.py:829} INFO - Processing file /opt/airflow/dags/dbt_dag_parser.py for tasks to queue
[2025-10-06T20:38:33.367+0000] {logging_mixin.py:151} INFO - [2025-10-06T20:38:33.367+0000] {dagbag.py:539} INFO - Filling up the DagBag from /opt/airflow/dags/dbt_dag_parser.py
[2025-10-06T20:38:33.370+0000] {processor.py:841} WARNING - No viable dags retrieved from /opt/airflow/dags/dbt_dag_parser.py
[2025-10-06T20:38:33.391+0000] {processor.py:179} INFO - Processing /opt/airflow/dags/dbt_dag_parser.py took 0.033 seconds
[2025-10-06T20:39:03.829+0000] {processor.py:157} INFO - Started process (PID=1676) to work on /opt/airflow/dags/dbt_dag_parser.py
[2025-10-06T20:39:03.831+0000] {processor.py:829} INFO - Processing file /opt/airflow/dags/dbt_dag_parser.py for tasks to queue
[2025-10-06T20:39:03.834+0000] {logging_mixin.py:151} INFO - [2025-10-06T20:39:03.833+0000] {dagbag.py:539} INFO - Filling up the DagBag from /opt/airflow/dags/dbt_dag_parser.py
[2025-10-06T20:39:03.836+0000] {processor.py:841} WARNING - No viable dags retrieved from /opt/airflow/dags/dbt_dag_parser.py
[2025-10-06T20:39:03.856+0000] {processor.py:179} INFO - Processing /opt/airflow/dags/dbt_dag_parser.py took 0.031 seconds
[2025-10-06T20:39:34.163+0000] {processor.py:157} INFO - Started process (PID=1700) to work on /opt/airflow/dags/dbt_dag_parser.py
[2025-10-06T20:39:34.164+0000] {processor.py:829} INFO - Processing file /opt/airflow/dags/dbt_dag_parser.py for tasks to queue
[2025-10-06T20:39:34.167+0000] {logging_mixin.py:151} INFO - [2025-10-06T20:39:34.167+0000] {dagbag.py:539} INFO - Filling up the DagBag from /opt/airflow/dags/dbt_dag_parser.py
[2025-10-06T20:39:34.170+0000] {processor.py:841} WARNING - No viable dags retrieved from /opt/airflow/dags/dbt_dag_parser.py
[2025-10-06T20:39:34.219+0000] {processor.py:179} INFO - Processing /opt/airflow/dags/dbt_dag_parser.py took 0.071 seconds
[2025-10-06T20:40:04.510+0000] {processor.py:157} INFO - Started process (PID=1722) to work on /opt/airflow/dags/dbt_dag_parser.py
[2025-10-06T20:40:04.512+0000] {processor.py:829} INFO - Processing file /opt/airflow/dags/dbt_dag_parser.py for tasks to queue
[2025-10-06T20:40:04.515+0000] {logging_mixin.py:151} INFO - [2025-10-06T20:40:04.514+0000] {dagbag.py:539} INFO - Filling up the DagBag from /opt/airflow/dags/dbt_dag_parser.py
[2025-10-06T20:40:04.517+0000] {processor.py:841} WARNING - No viable dags retrieved from /opt/airflow/dags/dbt_dag_parser.py
[2025-10-06T20:40:04.554+0000] {processor.py:179} INFO - Processing /opt/airflow/dags/dbt_dag_parser.py took 0.064 seconds
[2025-10-06T20:40:35.035+0000] {processor.py:157} INFO - Started process (PID=1744) to work on /opt/airflow/dags/dbt_dag_parser.py
[2025-10-06T20:40:35.036+0000] {processor.py:829} INFO - Processing file /opt/airflow/dags/dbt_dag_parser.py for tasks to queue
[2025-10-06T20:40:35.039+0000] {logging_mixin.py:151} INFO - [2025-10-06T20:40:35.039+0000] {dagbag.py:539} INFO - Filling up the DagBag from /opt/airflow/dags/dbt_dag_parser.py
[2025-10-06T20:40:35.042+0000] {processor.py:841} WARNING - No viable dags retrieved from /opt/airflow/dags/dbt_dag_parser.py
[2025-10-06T20:40:35.081+0000] {processor.py:179} INFO - Processing /opt/airflow/dags/dbt_dag_parser.py took 0.054 seconds
[2025-10-06T20:42:06.467+0000] {processor.py:157} INFO - Started process (PID=55) to work on /opt/airflow/dags/dbt_dag_parser.py
[2025-10-06T20:42:06.474+0000] {processor.py:829} INFO - Processing file /opt/airflow/dags/dbt_dag_parser.py for tasks to queue
[2025-10-06T20:42:06.477+0000] {logging_mixin.py:151} INFO - [2025-10-06T20:42:06.477+0000] {dagbag.py:539} INFO - Filling up the DagBag from /opt/airflow/dags/dbt_dag_parser.py
[2025-10-06T20:42:06.480+0000] {processor.py:841} WARNING - No viable dags retrieved from /opt/airflow/dags/dbt_dag_parser.py
[2025-10-06T20:42:06.521+0000] {processor.py:179} INFO - Processing /opt/airflow/dags/dbt_dag_parser.py took 0.063 seconds
[2025-10-06T20:42:36.778+0000] {processor.py:157} INFO - Started process (PID=76) to work on /opt/airflow/dags/dbt_dag_parser.py
[2025-10-06T20:42:36.779+0000] {processor.py:829} INFO - Processing file /opt/airflow/dags/dbt_dag_parser.py for tasks to queue
[2025-10-06T20:42:36.790+0000] {logging_mixin.py:151} INFO - [2025-10-06T20:42:36.782+0000] {dagbag.py:539} INFO - Filling up the DagBag from /opt/airflow/dags/dbt_dag_parser.py
[2025-10-06T20:42:36.793+0000] {processor.py:841} WARNING - No viable dags retrieved from /opt/airflow/dags/dbt_dag_parser.py
[2025-10-06T20:42:36.831+0000] {processor.py:179} INFO - Processing /opt/airflow/dags/dbt_dag_parser.py took 0.063 seconds
[2025-10-06T20:43:07.216+0000] {processor.py:157} INFO - Started process (PID=105) to work on /opt/airflow/dags/dbt_dag_parser.py
[2025-10-06T20:43:07.230+0000] {processor.py:829} INFO - Processing file /opt/airflow/dags/dbt_dag_parser.py for tasks to queue
[2025-10-06T20:43:07.233+0000] {logging_mixin.py:151} INFO - [2025-10-06T20:43:07.233+0000] {dagbag.py:539} INFO - Filling up the DagBag from /opt/airflow/dags/dbt_dag_parser.py
[2025-10-06T20:43:07.249+0000] {processor.py:841} WARNING - No viable dags retrieved from /opt/airflow/dags/dbt_dag_parser.py
[2025-10-06T20:43:07.319+0000] {processor.py:179} INFO - Processing /opt/airflow/dags/dbt_dag_parser.py took 0.115 seconds
[2025-10-06T20:43:37.962+0000] {processor.py:157} INFO - Started process (PID=128) to work on /opt/airflow/dags/dbt_dag_parser.py
[2025-10-06T20:43:37.964+0000] {processor.py:829} INFO - Processing file /opt/airflow/dags/dbt_dag_parser.py for tasks to queue
[2025-10-06T20:43:37.967+0000] {logging_mixin.py:151} INFO - [2025-10-06T20:43:37.967+0000] {dagbag.py:539} INFO - Filling up the DagBag from /opt/airflow/dags/dbt_dag_parser.py
[2025-10-06T20:43:37.970+0000] {processor.py:841} WARNING - No viable dags retrieved from /opt/airflow/dags/dbt_dag_parser.py
[2025-10-06T20:43:37.995+0000] {processor.py:179} INFO - Processing /opt/airflow/dags/dbt_dag_parser.py took 0.037 seconds
[2025-10-06T20:44:08.280+0000] {processor.py:157} INFO - Started process (PID=151) to work on /opt/airflow/dags/dbt_dag_parser.py
[2025-10-06T20:44:08.286+0000] {processor.py:829} INFO - Processing file /opt/airflow/dags/dbt_dag_parser.py for tasks to queue
[2025-10-06T20:44:08.289+0000] {logging_mixin.py:151} INFO - [2025-10-06T20:44:08.288+0000] {dagbag.py:539} INFO - Filling up the DagBag from /opt/airflow/dags/dbt_dag_parser.py
[2025-10-06T20:44:08.292+0000] {processor.py:841} WARNING - No viable dags retrieved from /opt/airflow/dags/dbt_dag_parser.py
[2025-10-06T20:44:08.341+0000] {processor.py:179} INFO - Processing /opt/airflow/dags/dbt_dag_parser.py took 0.073 seconds
[2025-10-06T20:44:38.682+0000] {processor.py:157} INFO - Started process (PID=175) to work on /opt/airflow/dags/dbt_dag_parser.py
[2025-10-06T20:44:38.684+0000] {processor.py:829} INFO - Processing file /opt/airflow/dags/dbt_dag_parser.py for tasks to queue
[2025-10-06T20:44:38.686+0000] {logging_mixin.py:151} INFO - [2025-10-06T20:44:38.686+0000] {dagbag.py:539} INFO - Filling up the DagBag from /opt/airflow/dags/dbt_dag_parser.py
[2025-10-06T20:44:38.689+0000] {processor.py:841} WARNING - No viable dags retrieved from /opt/airflow/dags/dbt_dag_parser.py
[2025-10-06T20:44:38.720+0000] {processor.py:179} INFO - Processing /opt/airflow/dags/dbt_dag_parser.py took 0.043 seconds
[2025-10-06T20:45:08.994+0000] {processor.py:157} INFO - Started process (PID=197) to work on /opt/airflow/dags/dbt_dag_parser.py
[2025-10-06T20:45:08.997+0000] {processor.py:829} INFO - Processing file /opt/airflow/dags/dbt_dag_parser.py for tasks to queue
[2025-10-06T20:45:09.000+0000] {logging_mixin.py:151} INFO - [2025-10-06T20:45:08.999+0000] {dagbag.py:539} INFO - Filling up the DagBag from /opt/airflow/dags/dbt_dag_parser.py
[2025-10-06T20:45:09.003+0000] {processor.py:841} WARNING - No viable dags retrieved from /opt/airflow/dags/dbt_dag_parser.py
[2025-10-06T20:45:09.023+0000] {processor.py:179} INFO - Processing /opt/airflow/dags/dbt_dag_parser.py took 0.033 seconds
[2025-10-06T20:45:39.307+0000] {processor.py:157} INFO - Started process (PID=220) to work on /opt/airflow/dags/dbt_dag_parser.py
[2025-10-06T20:45:39.318+0000] {processor.py:829} INFO - Processing file /opt/airflow/dags/dbt_dag_parser.py for tasks to queue
[2025-10-06T20:45:39.321+0000] {logging_mixin.py:151} INFO - [2025-10-06T20:45:39.321+0000] {dagbag.py:539} INFO - Filling up the DagBag from /opt/airflow/dags/dbt_dag_parser.py
[2025-10-06T20:45:39.324+0000] {processor.py:841} WARNING - No viable dags retrieved from /opt/airflow/dags/dbt_dag_parser.py
[2025-10-06T20:45:39.352+0000] {processor.py:179} INFO - Processing /opt/airflow/dags/dbt_dag_parser.py took 0.050 seconds
[2025-10-06T20:46:09.720+0000] {processor.py:157} INFO - Started process (PID=243) to work on /opt/airflow/dags/dbt_dag_parser.py
[2025-10-06T20:46:09.732+0000] {processor.py:829} INFO - Processing file /opt/airflow/dags/dbt_dag_parser.py for tasks to queue
[2025-10-06T20:46:09.734+0000] {logging_mixin.py:151} INFO - [2025-10-06T20:46:09.734+0000] {dagbag.py:539} INFO - Filling up the DagBag from /opt/airflow/dags/dbt_dag_parser.py
[2025-10-06T20:46:09.737+0000] {processor.py:841} WARNING - No viable dags retrieved from /opt/airflow/dags/dbt_dag_parser.py
[2025-10-06T20:46:09.778+0000] {processor.py:179} INFO - Processing /opt/airflow/dags/dbt_dag_parser.py took 0.068 seconds
[2025-10-06T20:46:40.431+0000] {processor.py:157} INFO - Started process (PID=270) to work on /opt/airflow/dags/dbt_dag_parser.py
[2025-10-06T20:46:40.432+0000] {processor.py:829} INFO - Processing file /opt/airflow/dags/dbt_dag_parser.py for tasks to queue
[2025-10-06T20:46:40.435+0000] {logging_mixin.py:151} INFO - [2025-10-06T20:46:40.435+0000] {dagbag.py:539} INFO - Filling up the DagBag from /opt/airflow/dags/dbt_dag_parser.py
[2025-10-06T20:46:40.438+0000] {processor.py:841} WARNING - No viable dags retrieved from /opt/airflow/dags/dbt_dag_parser.py
[2025-10-06T20:46:40.471+0000] {processor.py:179} INFO - Processing /opt/airflow/dags/dbt_dag_parser.py took 0.044 seconds
[2025-10-06T20:51:35.511+0000] {processor.py:157} INFO - Started process (PID=55) to work on /opt/airflow/dags/dbt_dag_parser.py
[2025-10-06T20:51:35.513+0000] {processor.py:829} INFO - Processing file /opt/airflow/dags/dbt_dag_parser.py for tasks to queue
[2025-10-06T20:51:35.515+0000] {logging_mixin.py:151} INFO - [2025-10-06T20:51:35.515+0000] {dagbag.py:539} INFO - Filling up the DagBag from /opt/airflow/dags/dbt_dag_parser.py
[2025-10-06T20:51:35.518+0000] {processor.py:841} WARNING - No viable dags retrieved from /opt/airflow/dags/dbt_dag_parser.py
[2025-10-06T20:51:35.538+0000] {processor.py:179} INFO - Processing /opt/airflow/dags/dbt_dag_parser.py took 0.032 seconds
[2025-10-06T20:53:03.192+0000] {processor.py:157} INFO - Started process (PID=53) to work on /opt/airflow/dags/dbt_dag_parser.py
[2025-10-06T20:53:03.202+0000] {processor.py:829} INFO - Processing file /opt/airflow/dags/dbt_dag_parser.py for tasks to queue
[2025-10-06T20:53:03.205+0000] {logging_mixin.py:151} INFO - [2025-10-06T20:53:03.205+0000] {dagbag.py:539} INFO - Filling up the DagBag from /opt/airflow/dags/dbt_dag_parser.py
[2025-10-06T20:53:03.213+0000] {processor.py:841} WARNING - No viable dags retrieved from /opt/airflow/dags/dbt_dag_parser.py
[2025-10-06T20:53:03.267+0000] {processor.py:179} INFO - Processing /opt/airflow/dags/dbt_dag_parser.py took 0.088 seconds
[2025-10-06T20:53:33.337+0000] {processor.py:157} INFO - Started process (PID=67) to work on /opt/airflow/dags/dbt_dag_parser.py
[2025-10-06T20:53:33.338+0000] {processor.py:829} INFO - Processing file /opt/airflow/dags/dbt_dag_parser.py for tasks to queue
[2025-10-06T20:53:33.341+0000] {logging_mixin.py:151} INFO - [2025-10-06T20:53:33.340+0000] {dagbag.py:539} INFO - Filling up the DagBag from /opt/airflow/dags/dbt_dag_parser.py
[2025-10-06T20:53:33.343+0000] {processor.py:841} WARNING - No viable dags retrieved from /opt/airflow/dags/dbt_dag_parser.py
[2025-10-06T20:53:33.364+0000] {processor.py:179} INFO - Processing /opt/airflow/dags/dbt_dag_parser.py took 0.032 seconds
[2025-10-06T20:57:26.736+0000] {processor.py:157} INFO - Started process (PID=59) to work on /opt/airflow/dags/dbt_dag_parser.py
[2025-10-06T20:57:26.739+0000] {processor.py:829} INFO - Processing file /opt/airflow/dags/dbt_dag_parser.py for tasks to queue
[2025-10-06T20:57:26.741+0000] {logging_mixin.py:151} INFO - [2025-10-06T20:57:26.741+0000] {dagbag.py:539} INFO - Filling up the DagBag from /opt/airflow/dags/dbt_dag_parser.py
[2025-10-06T20:57:26.744+0000] {processor.py:841} WARNING - No viable dags retrieved from /opt/airflow/dags/dbt_dag_parser.py
[2025-10-06T20:57:26.765+0000] {processor.py:179} INFO - Processing /opt/airflow/dags/dbt_dag_parser.py took 0.033 seconds
[2025-10-06T20:57:57.234+0000] {processor.py:157} INFO - Started process (PID=86) to work on /opt/airflow/dags/dbt_dag_parser.py
[2025-10-06T20:57:57.235+0000] {processor.py:829} INFO - Processing file /opt/airflow/dags/dbt_dag_parser.py for tasks to queue
[2025-10-06T20:57:57.238+0000] {logging_mixin.py:151} INFO - [2025-10-06T20:57:57.238+0000] {dagbag.py:539} INFO - Filling up the DagBag from /opt/airflow/dags/dbt_dag_parser.py
[2025-10-06T20:57:57.249+0000] {processor.py:841} WARNING - No viable dags retrieved from /opt/airflow/dags/dbt_dag_parser.py
[2025-10-06T20:57:57.287+0000] {processor.py:179} INFO - Processing /opt/airflow/dags/dbt_dag_parser.py took 0.065 seconds
[2025-10-06T20:58:27.716+0000] {processor.py:157} INFO - Started process (PID=118) to work on /opt/airflow/dags/dbt_dag_parser.py
[2025-10-06T20:58:27.718+0000] {processor.py:829} INFO - Processing file /opt/airflow/dags/dbt_dag_parser.py for tasks to queue
[2025-10-06T20:58:27.721+0000] {logging_mixin.py:151} INFO - [2025-10-06T20:58:27.720+0000] {dagbag.py:539} INFO - Filling up the DagBag from /opt/airflow/dags/dbt_dag_parser.py
[2025-10-06T20:58:27.724+0000] {processor.py:841} WARNING - No viable dags retrieved from /opt/airflow/dags/dbt_dag_parser.py
[2025-10-06T20:58:27.762+0000] {processor.py:179} INFO - Processing /opt/airflow/dags/dbt_dag_parser.py took 0.051 seconds
[2025-10-06T20:58:58.206+0000] {processor.py:157} INFO - Started process (PID=139) to work on /opt/airflow/dags/dbt_dag_parser.py
[2025-10-06T20:58:58.207+0000] {processor.py:829} INFO - Processing file /opt/airflow/dags/dbt_dag_parser.py for tasks to queue
[2025-10-06T20:58:58.210+0000] {logging_mixin.py:151} INFO - [2025-10-06T20:58:58.210+0000] {dagbag.py:539} INFO - Filling up the DagBag from /opt/airflow/dags/dbt_dag_parser.py
[2025-10-06T20:58:58.213+0000] {processor.py:841} WARNING - No viable dags retrieved from /opt/airflow/dags/dbt_dag_parser.py
[2025-10-06T20:58:58.278+0000] {processor.py:179} INFO - Processing /opt/airflow/dags/dbt_dag_parser.py took 0.094 seconds
[2025-10-06T20:59:28.543+0000] {processor.py:157} INFO - Started process (PID=165) to work on /opt/airflow/dags/dbt_dag_parser.py
[2025-10-06T20:59:28.550+0000] {processor.py:829} INFO - Processing file /opt/airflow/dags/dbt_dag_parser.py for tasks to queue
[2025-10-06T20:59:28.553+0000] {logging_mixin.py:151} INFO - [2025-10-06T20:59:28.553+0000] {dagbag.py:539} INFO - Filling up the DagBag from /opt/airflow/dags/dbt_dag_parser.py
[2025-10-06T20:59:28.556+0000] {processor.py:841} WARNING - No viable dags retrieved from /opt/airflow/dags/dbt_dag_parser.py
[2025-10-06T20:59:28.595+0000] {processor.py:179} INFO - Processing /opt/airflow/dags/dbt_dag_parser.py took 0.064 seconds
[2025-10-06T20:59:59.037+0000] {processor.py:157} INFO - Started process (PID=195) to work on /opt/airflow/dags/dbt_dag_parser.py
[2025-10-06T20:59:59.038+0000] {processor.py:829} INFO - Processing file /opt/airflow/dags/dbt_dag_parser.py for tasks to queue
[2025-10-06T20:59:59.057+0000] {logging_mixin.py:151} INFO - [2025-10-06T20:59:59.056+0000] {dagbag.py:539} INFO - Filling up the DagBag from /opt/airflow/dags/dbt_dag_parser.py
[2025-10-06T20:59:59.081+0000] {processor.py:841} WARNING - No viable dags retrieved from /opt/airflow/dags/dbt_dag_parser.py
[2025-10-06T20:59:59.143+0000] {processor.py:179} INFO - Processing /opt/airflow/dags/dbt_dag_parser.py took 0.112 seconds
[2025-10-06T21:00:29.703+0000] {processor.py:157} INFO - Started process (PID=218) to work on /opt/airflow/dags/dbt_dag_parser.py
[2025-10-06T21:00:29.705+0000] {processor.py:829} INFO - Processing file /opt/airflow/dags/dbt_dag_parser.py for tasks to queue
[2025-10-06T21:00:29.708+0000] {logging_mixin.py:151} INFO - [2025-10-06T21:00:29.708+0000] {dagbag.py:539} INFO - Filling up the DagBag from /opt/airflow/dags/dbt_dag_parser.py
[2025-10-06T21:00:29.711+0000] {processor.py:841} WARNING - No viable dags retrieved from /opt/airflow/dags/dbt_dag_parser.py
[2025-10-06T21:00:29.765+0000] {processor.py:179} INFO - Processing /opt/airflow/dags/dbt_dag_parser.py took 0.074 seconds
[2025-10-06T21:01:00.372+0000] {processor.py:157} INFO - Started process (PID=250) to work on /opt/airflow/dags/dbt_dag_parser.py
[2025-10-06T21:01:00.382+0000] {processor.py:829} INFO - Processing file /opt/airflow/dags/dbt_dag_parser.py for tasks to queue
[2025-10-06T21:01:00.385+0000] {logging_mixin.py:151} INFO - [2025-10-06T21:01:00.385+0000] {dagbag.py:539} INFO - Filling up the DagBag from /opt/airflow/dags/dbt_dag_parser.py
[2025-10-06T21:01:00.400+0000] {processor.py:841} WARNING - No viable dags retrieved from /opt/airflow/dags/dbt_dag_parser.py
[2025-10-06T21:01:00.454+0000] {processor.py:179} INFO - Processing /opt/airflow/dags/dbt_dag_parser.py took 0.095 seconds
[2025-10-06T21:01:30.654+0000] {processor.py:157} INFO - Started process (PID=282) to work on /opt/airflow/dags/dbt_dag_parser.py
[2025-10-06T21:01:30.656+0000] {processor.py:829} INFO - Processing file /opt/airflow/dags/dbt_dag_parser.py for tasks to queue
[2025-10-06T21:01:30.659+0000] {logging_mixin.py:151} INFO - [2025-10-06T21:01:30.658+0000] {dagbag.py:539} INFO - Filling up the DagBag from /opt/airflow/dags/dbt_dag_parser.py
[2025-10-06T21:01:30.662+0000] {processor.py:841} WARNING - No viable dags retrieved from /opt/airflow/dags/dbt_dag_parser.py
[2025-10-06T21:01:30.682+0000] {processor.py:179} INFO - Processing /opt/airflow/dags/dbt_dag_parser.py took 0.033 seconds
[2025-10-06T21:02:00.977+0000] {processor.py:157} INFO - Started process (PID=305) to work on /opt/airflow/dags/dbt_dag_parser.py
[2025-10-06T21:02:00.979+0000] {processor.py:829} INFO - Processing file /opt/airflow/dags/dbt_dag_parser.py for tasks to queue
[2025-10-06T21:02:00.983+0000] {logging_mixin.py:151} INFO - [2025-10-06T21:02:00.982+0000] {dagbag.py:539} INFO - Filling up the DagBag from /opt/airflow/dags/dbt_dag_parser.py
[2025-10-06T21:02:00.987+0000] {processor.py:841} WARNING - No viable dags retrieved from /opt/airflow/dags/dbt_dag_parser.py
[2025-10-06T21:02:01.015+0000] {processor.py:179} INFO - Processing /opt/airflow/dags/dbt_dag_parser.py took 0.043 seconds
[2025-10-06T21:02:31.306+0000] {processor.py:157} INFO - Started process (PID=329) to work on /opt/airflow/dags/dbt_dag_parser.py
[2025-10-06T21:02:31.308+0000] {processor.py:829} INFO - Processing file /opt/airflow/dags/dbt_dag_parser.py for tasks to queue
[2025-10-06T21:02:31.317+0000] {logging_mixin.py:151} INFO - [2025-10-06T21:02:31.317+0000] {dagbag.py:539} INFO - Filling up the DagBag from /opt/airflow/dags/dbt_dag_parser.py
[2025-10-06T21:02:31.320+0000] {processor.py:841} WARNING - No viable dags retrieved from /opt/airflow/dags/dbt_dag_parser.py
[2025-10-06T21:02:31.362+0000] {processor.py:179} INFO - Processing /opt/airflow/dags/dbt_dag_parser.py took 0.061 seconds
[2025-10-06T21:03:01.645+0000] {processor.py:157} INFO - Started process (PID=353) to work on /opt/airflow/dags/dbt_dag_parser.py
[2025-10-06T21:03:01.648+0000] {processor.py:829} INFO - Processing file /opt/airflow/dags/dbt_dag_parser.py for tasks to queue
[2025-10-06T21:03:01.651+0000] {logging_mixin.py:151} INFO - [2025-10-06T21:03:01.651+0000] {dagbag.py:539} INFO - Filling up the DagBag from /opt/airflow/dags/dbt_dag_parser.py
[2025-10-06T21:03:01.656+0000] {processor.py:841} WARNING - No viable dags retrieved from /opt/airflow/dags/dbt_dag_parser.py
[2025-10-06T21:03:01.678+0000] {processor.py:179} INFO - Processing /opt/airflow/dags/dbt_dag_parser.py took 0.038 seconds
[2025-10-06T21:03:31.806+0000] {processor.py:157} INFO - Started process (PID=377) to work on /opt/airflow/dags/dbt_dag_parser.py
[2025-10-06T21:03:31.807+0000] {processor.py:829} INFO - Processing file /opt/airflow/dags/dbt_dag_parser.py for tasks to queue
[2025-10-06T21:03:31.818+0000] {logging_mixin.py:151} INFO - [2025-10-06T21:03:31.810+0000] {dagbag.py:539} INFO - Filling up the DagBag from /opt/airflow/dags/dbt_dag_parser.py
[2025-10-06T21:03:31.821+0000] {processor.py:841} WARNING - No viable dags retrieved from /opt/airflow/dags/dbt_dag_parser.py
[2025-10-06T21:03:31.856+0000] {processor.py:179} INFO - Processing /opt/airflow/dags/dbt_dag_parser.py took 0.057 seconds
[2025-10-06T21:04:02.235+0000] {processor.py:157} INFO - Started process (PID=400) to work on /opt/airflow/dags/dbt_dag_parser.py
[2025-10-06T21:04:02.238+0000] {processor.py:829} INFO - Processing file /opt/airflow/dags/dbt_dag_parser.py for tasks to queue
[2025-10-06T21:04:02.241+0000] {logging_mixin.py:151} INFO - [2025-10-06T21:04:02.241+0000] {dagbag.py:539} INFO - Filling up the DagBag from /opt/airflow/dags/dbt_dag_parser.py
[2025-10-06T21:04:02.244+0000] {processor.py:841} WARNING - No viable dags retrieved from /opt/airflow/dags/dbt_dag_parser.py
[2025-10-06T21:04:02.294+0000] {processor.py:179} INFO - Processing /opt/airflow/dags/dbt_dag_parser.py took 0.064 seconds
[2025-10-06T21:04:32.563+0000] {processor.py:157} INFO - Started process (PID=424) to work on /opt/airflow/dags/dbt_dag_parser.py
[2025-10-06T21:04:32.568+0000] {processor.py:829} INFO - Processing file /opt/airflow/dags/dbt_dag_parser.py for tasks to queue
[2025-10-06T21:04:32.571+0000] {logging_mixin.py:151} INFO - [2025-10-06T21:04:32.571+0000] {dagbag.py:539} INFO - Filling up the DagBag from /opt/airflow/dags/dbt_dag_parser.py
[2025-10-06T21:04:32.574+0000] {processor.py:841} WARNING - No viable dags retrieved from /opt/airflow/dags/dbt_dag_parser.py
[2025-10-06T21:04:32.622+0000] {processor.py:179} INFO - Processing /opt/airflow/dags/dbt_dag_parser.py took 0.064 seconds
[2025-10-06T21:05:03.134+0000] {processor.py:157} INFO - Started process (PID=454) to work on /opt/airflow/dags/dbt_dag_parser.py
[2025-10-06T21:05:03.137+0000] {processor.py:829} INFO - Processing file /opt/airflow/dags/dbt_dag_parser.py for tasks to queue
[2025-10-06T21:05:03.140+0000] {logging_mixin.py:151} INFO - [2025-10-06T21:05:03.139+0000] {dagbag.py:539} INFO - Filling up the DagBag from /opt/airflow/dags/dbt_dag_parser.py
[2025-10-06T21:05:03.143+0000] {processor.py:841} WARNING - No viable dags retrieved from /opt/airflow/dags/dbt_dag_parser.py
[2025-10-06T21:05:03.166+0000] {processor.py:179} INFO - Processing /opt/airflow/dags/dbt_dag_parser.py took 0.037 seconds
[2025-10-06T21:05:33.438+0000] {processor.py:157} INFO - Started process (PID=476) to work on /opt/airflow/dags/dbt_dag_parser.py
[2025-10-06T21:05:33.449+0000] {processor.py:829} INFO - Processing file /opt/airflow/dags/dbt_dag_parser.py for tasks to queue
[2025-10-06T21:05:33.451+0000] {logging_mixin.py:151} INFO - [2025-10-06T21:05:33.451+0000] {dagbag.py:539} INFO - Filling up the DagBag from /opt/airflow/dags/dbt_dag_parser.py
[2025-10-06T21:05:33.463+0000] {processor.py:841} WARNING - No viable dags retrieved from /opt/airflow/dags/dbt_dag_parser.py
[2025-10-06T21:05:33.526+0000] {processor.py:179} INFO - Processing /opt/airflow/dags/dbt_dag_parser.py took 0.109 seconds
[2025-10-06T21:06:03.866+0000] {processor.py:157} INFO - Started process (PID=499) to work on /opt/airflow/dags/dbt_dag_parser.py
[2025-10-06T21:06:03.876+0000] {processor.py:829} INFO - Processing file /opt/airflow/dags/dbt_dag_parser.py for tasks to queue
[2025-10-06T21:06:03.878+0000] {logging_mixin.py:151} INFO - [2025-10-06T21:06:03.878+0000] {dagbag.py:539} INFO - Filling up the DagBag from /opt/airflow/dags/dbt_dag_parser.py
[2025-10-06T21:06:03.881+0000] {processor.py:841} WARNING - No viable dags retrieved from /opt/airflow/dags/dbt_dag_parser.py
[2025-10-06T21:06:03.931+0000] {processor.py:179} INFO - Processing /opt/airflow/dags/dbt_dag_parser.py took 0.072 seconds
[2025-10-06T21:06:34.277+0000] {processor.py:157} INFO - Started process (PID=522) to work on /opt/airflow/dags/dbt_dag_parser.py
[2025-10-06T21:06:34.286+0000] {processor.py:829} INFO - Processing file /opt/airflow/dags/dbt_dag_parser.py for tasks to queue
[2025-10-06T21:06:34.289+0000] {logging_mixin.py:151} INFO - [2025-10-06T21:06:34.289+0000] {dagbag.py:539} INFO - Filling up the DagBag from /opt/airflow/dags/dbt_dag_parser.py
[2025-10-06T21:06:34.292+0000] {processor.py:841} WARNING - No viable dags retrieved from /opt/airflow/dags/dbt_dag_parser.py
[2025-10-06T21:06:34.338+0000] {processor.py:179} INFO - Processing /opt/airflow/dags/dbt_dag_parser.py took 0.078 seconds
[2025-10-06T21:07:04.665+0000] {processor.py:157} INFO - Started process (PID=545) to work on /opt/airflow/dags/dbt_dag_parser.py
[2025-10-06T21:07:04.666+0000] {processor.py:829} INFO - Processing file /opt/airflow/dags/dbt_dag_parser.py for tasks to queue
[2025-10-06T21:07:04.669+0000] {logging_mixin.py:151} INFO - [2025-10-06T21:07:04.669+0000] {dagbag.py:539} INFO - Filling up the DagBag from /opt/airflow/dags/dbt_dag_parser.py
[2025-10-06T21:07:04.672+0000] {processor.py:841} WARNING - No viable dags retrieved from /opt/airflow/dags/dbt_dag_parser.py
[2025-10-06T21:07:04.694+0000] {processor.py:179} INFO - Processing /opt/airflow/dags/dbt_dag_parser.py took 0.033 seconds
[2025-10-06T21:07:34.991+0000] {processor.py:157} INFO - Started process (PID=569) to work on /opt/airflow/dags/dbt_dag_parser.py
[2025-10-06T21:07:34.993+0000] {processor.py:829} INFO - Processing file /opt/airflow/dags/dbt_dag_parser.py for tasks to queue
[2025-10-06T21:07:34.996+0000] {logging_mixin.py:151} INFO - [2025-10-06T21:07:34.995+0000] {dagbag.py:539} INFO - Filling up the DagBag from /opt/airflow/dags/dbt_dag_parser.py
[2025-10-06T21:07:34.999+0000] {processor.py:841} WARNING - No viable dags retrieved from /opt/airflow/dags/dbt_dag_parser.py
[2025-10-06T21:07:35.029+0000] {processor.py:179} INFO - Processing /opt/airflow/dags/dbt_dag_parser.py took 0.043 seconds
[2025-10-06T21:08:05.255+0000] {processor.py:157} INFO - Started process (PID=592) to work on /opt/airflow/dags/dbt_dag_parser.py
[2025-10-06T21:08:05.256+0000] {processor.py:829} INFO - Processing file /opt/airflow/dags/dbt_dag_parser.py for tasks to queue
[2025-10-06T21:08:05.259+0000] {logging_mixin.py:151} INFO - [2025-10-06T21:08:05.259+0000] {dagbag.py:539} INFO - Filling up the DagBag from /opt/airflow/dags/dbt_dag_parser.py
[2025-10-06T21:08:05.262+0000] {processor.py:841} WARNING - No viable dags retrieved from /opt/airflow/dags/dbt_dag_parser.py
[2025-10-06T21:08:05.282+0000] {processor.py:179} INFO - Processing /opt/airflow/dags/dbt_dag_parser.py took 0.032 seconds
[2025-10-06T21:08:35.582+0000] {processor.py:157} INFO - Started process (PID=615) to work on /opt/airflow/dags/dbt_dag_parser.py
[2025-10-06T21:08:35.584+0000] {processor.py:829} INFO - Processing file /opt/airflow/dags/dbt_dag_parser.py for tasks to queue
[2025-10-06T21:08:35.587+0000] {logging_mixin.py:151} INFO - [2025-10-06T21:08:35.586+0000] {dagbag.py:539} INFO - Filling up the DagBag from /opt/airflow/dags/dbt_dag_parser.py
[2025-10-06T21:08:35.590+0000] {processor.py:841} WARNING - No viable dags retrieved from /opt/airflow/dags/dbt_dag_parser.py
[2025-10-06T21:08:35.615+0000] {processor.py:179} INFO - Processing /opt/airflow/dags/dbt_dag_parser.py took 0.038 seconds
[2025-10-06T21:09:06.050+0000] {processor.py:157} INFO - Started process (PID=640) to work on /opt/airflow/dags/dbt_dag_parser.py
[2025-10-06T21:09:06.060+0000] {processor.py:829} INFO - Processing file /opt/airflow/dags/dbt_dag_parser.py for tasks to queue
[2025-10-06T21:09:06.062+0000] {logging_mixin.py:151} INFO - [2025-10-06T21:09:06.062+0000] {dagbag.py:539} INFO - Filling up the DagBag from /opt/airflow/dags/dbt_dag_parser.py
[2025-10-06T21:09:06.065+0000] {processor.py:841} WARNING - No viable dags retrieved from /opt/airflow/dags/dbt_dag_parser.py
[2025-10-06T21:09:06.101+0000] {processor.py:179} INFO - Processing /opt/airflow/dags/dbt_dag_parser.py took 0.056 seconds
[2025-10-06T21:09:36.597+0000] {processor.py:157} INFO - Started process (PID=663) to work on /opt/airflow/dags/dbt_dag_parser.py
[2025-10-06T21:09:36.606+0000] {processor.py:829} INFO - Processing file /opt/airflow/dags/dbt_dag_parser.py for tasks to queue
[2025-10-06T21:09:36.609+0000] {logging_mixin.py:151} INFO - [2025-10-06T21:09:36.609+0000] {dagbag.py:539} INFO - Filling up the DagBag from /opt/airflow/dags/dbt_dag_parser.py
[2025-10-06T21:09:36.612+0000] {processor.py:841} WARNING - No viable dags retrieved from /opt/airflow/dags/dbt_dag_parser.py
[2025-10-06T21:09:36.654+0000] {processor.py:179} INFO - Processing /opt/airflow/dags/dbt_dag_parser.py took 0.066 seconds
[2025-10-06T21:10:06.871+0000] {processor.py:157} INFO - Started process (PID=683) to work on /opt/airflow/dags/dbt_dag_parser.py
[2025-10-06T21:10:06.873+0000] {processor.py:829} INFO - Processing file /opt/airflow/dags/dbt_dag_parser.py for tasks to queue
[2025-10-06T21:10:06.876+0000] {logging_mixin.py:151} INFO - [2025-10-06T21:10:06.875+0000] {dagbag.py:539} INFO - Filling up the DagBag from /opt/airflow/dags/dbt_dag_parser.py
[2025-10-06T21:10:06.879+0000] {processor.py:841} WARNING - No viable dags retrieved from /opt/airflow/dags/dbt_dag_parser.py
[2025-10-06T21:10:06.927+0000] {processor.py:179} INFO - Processing /opt/airflow/dags/dbt_dag_parser.py took 0.071 seconds
[2025-10-06T21:10:37.479+0000] {processor.py:157} INFO - Started process (PID=713) to work on /opt/airflow/dags/dbt_dag_parser.py
[2025-10-06T21:10:37.481+0000] {processor.py:829} INFO - Processing file /opt/airflow/dags/dbt_dag_parser.py for tasks to queue
[2025-10-06T21:10:37.483+0000] {logging_mixin.py:151} INFO - [2025-10-06T21:10:37.483+0000] {dagbag.py:539} INFO - Filling up the DagBag from /opt/airflow/dags/dbt_dag_parser.py
[2025-10-06T21:10:37.494+0000] {processor.py:841} WARNING - No viable dags retrieved from /opt/airflow/dags/dbt_dag_parser.py
[2025-10-06T21:10:37.526+0000] {processor.py:179} INFO - Processing /opt/airflow/dags/dbt_dag_parser.py took 0.060 seconds
[2025-10-06T21:11:07.992+0000] {processor.py:157} INFO - Started process (PID=737) to work on /opt/airflow/dags/dbt_dag_parser.py
[2025-10-06T21:11:07.993+0000] {processor.py:829} INFO - Processing file /opt/airflow/dags/dbt_dag_parser.py for tasks to queue
[2025-10-06T21:11:07.996+0000] {logging_mixin.py:151} INFO - [2025-10-06T21:11:07.996+0000] {dagbag.py:539} INFO - Filling up the DagBag from /opt/airflow/dags/dbt_dag_parser.py
[2025-10-06T21:11:08.007+0000] {processor.py:841} WARNING - No viable dags retrieved from /opt/airflow/dags/dbt_dag_parser.py
[2025-10-06T21:11:08.049+0000] {processor.py:179} INFO - Processing /opt/airflow/dags/dbt_dag_parser.py took 0.069 seconds
[2025-10-06T21:11:38.366+0000] {processor.py:157} INFO - Started process (PID=759) to work on /opt/airflow/dags/dbt_dag_parser.py
[2025-10-06T21:11:38.376+0000] {processor.py:829} INFO - Processing file /opt/airflow/dags/dbt_dag_parser.py for tasks to queue
[2025-10-06T21:11:38.379+0000] {logging_mixin.py:151} INFO - [2025-10-06T21:11:38.378+0000] {dagbag.py:539} INFO - Filling up the DagBag from /opt/airflow/dags/dbt_dag_parser.py
[2025-10-06T21:11:38.382+0000] {processor.py:841} WARNING - No viable dags retrieved from /opt/airflow/dags/dbt_dag_parser.py
[2025-10-06T21:11:38.430+0000] {processor.py:179} INFO - Processing /opt/airflow/dags/dbt_dag_parser.py took 0.070 seconds
[2025-10-06T21:12:08.620+0000] {processor.py:157} INFO - Started process (PID=782) to work on /opt/airflow/dags/dbt_dag_parser.py
[2025-10-06T21:12:08.622+0000] {processor.py:829} INFO - Processing file /opt/airflow/dags/dbt_dag_parser.py for tasks to queue
[2025-10-06T21:12:08.625+0000] {logging_mixin.py:151} INFO - [2025-10-06T21:12:08.625+0000] {dagbag.py:539} INFO - Filling up the DagBag from /opt/airflow/dags/dbt_dag_parser.py
[2025-10-06T21:12:08.636+0000] {processor.py:841} WARNING - No viable dags retrieved from /opt/airflow/dags/dbt_dag_parser.py
[2025-10-06T21:12:08.675+0000] {processor.py:179} INFO - Processing /opt/airflow/dags/dbt_dag_parser.py took 0.068 seconds
[2025-10-06T21:12:38.962+0000] {processor.py:157} INFO - Started process (PID=805) to work on /opt/airflow/dags/dbt_dag_parser.py
[2025-10-06T21:12:38.964+0000] {processor.py:829} INFO - Processing file /opt/airflow/dags/dbt_dag_parser.py for tasks to queue
[2025-10-06T21:12:38.967+0000] {logging_mixin.py:151} INFO - [2025-10-06T21:12:38.966+0000] {dagbag.py:539} INFO - Filling up the DagBag from /opt/airflow/dags/dbt_dag_parser.py
[2025-10-06T21:12:38.972+0000] {processor.py:841} WARNING - No viable dags retrieved from /opt/airflow/dags/dbt_dag_parser.py
[2025-10-06T21:12:39.001+0000] {processor.py:179} INFO - Processing /opt/airflow/dags/dbt_dag_parser.py took 0.044 seconds
[2025-10-06T21:13:09.324+0000] {processor.py:157} INFO - Started process (PID=828) to work on /opt/airflow/dags/dbt_dag_parser.py
[2025-10-06T21:13:09.325+0000] {processor.py:829} INFO - Processing file /opt/airflow/dags/dbt_dag_parser.py for tasks to queue
[2025-10-06T21:13:09.328+0000] {logging_mixin.py:151} INFO - [2025-10-06T21:13:09.328+0000] {dagbag.py:539} INFO - Filling up the DagBag from /opt/airflow/dags/dbt_dag_parser.py
[2025-10-06T21:13:09.338+0000] {processor.py:841} WARNING - No viable dags retrieved from /opt/airflow/dags/dbt_dag_parser.py
[2025-10-06T21:13:09.377+0000] {processor.py:179} INFO - Processing /opt/airflow/dags/dbt_dag_parser.py took 0.066 seconds
[2025-10-06T21:13:39.845+0000] {processor.py:157} INFO - Started process (PID=851) to work on /opt/airflow/dags/dbt_dag_parser.py
[2025-10-06T21:13:39.847+0000] {processor.py:829} INFO - Processing file /opt/airflow/dags/dbt_dag_parser.py for tasks to queue
[2025-10-06T21:13:39.850+0000] {logging_mixin.py:151} INFO - [2025-10-06T21:13:39.850+0000] {dagbag.py:539} INFO - Filling up the DagBag from /opt/airflow/dags/dbt_dag_parser.py
[2025-10-06T21:13:39.853+0000] {processor.py:841} WARNING - No viable dags retrieved from /opt/airflow/dags/dbt_dag_parser.py
[2025-10-06T21:13:39.878+0000] {processor.py:179} INFO - Processing /opt/airflow/dags/dbt_dag_parser.py took 0.037 seconds
[2025-10-06T21:14:10.323+0000] {processor.py:157} INFO - Started process (PID=872) to work on /opt/airflow/dags/dbt_dag_parser.py
[2025-10-06T21:14:10.325+0000] {processor.py:829} INFO - Processing file /opt/airflow/dags/dbt_dag_parser.py for tasks to queue
[2025-10-06T21:14:10.328+0000] {logging_mixin.py:151} INFO - [2025-10-06T21:14:10.327+0000] {dagbag.py:539} INFO - Filling up the DagBag from /opt/airflow/dags/dbt_dag_parser.py
[2025-10-06T21:14:10.339+0000] {processor.py:841} WARNING - No viable dags retrieved from /opt/airflow/dags/dbt_dag_parser.py
[2025-10-06T21:14:10.429+0000] {processor.py:179} INFO - Processing /opt/airflow/dags/dbt_dag_parser.py took 0.123 seconds
[2025-10-06T21:14:40.617+0000] {processor.py:157} INFO - Started process (PID=892) to work on /opt/airflow/dags/dbt_dag_parser.py
[2025-10-06T21:14:40.620+0000] {processor.py:829} INFO - Processing file /opt/airflow/dags/dbt_dag_parser.py for tasks to queue
[2025-10-06T21:14:40.633+0000] {logging_mixin.py:151} INFO - [2025-10-06T21:14:40.632+0000] {dagbag.py:539} INFO - Filling up the DagBag from /opt/airflow/dags/dbt_dag_parser.py
[2025-10-06T21:14:40.635+0000] {processor.py:841} WARNING - No viable dags retrieved from /opt/airflow/dags/dbt_dag_parser.py
[2025-10-06T21:14:40.674+0000] {processor.py:179} INFO - Processing /opt/airflow/dags/dbt_dag_parser.py took 0.061 seconds
[2025-10-06T21:15:10.917+0000] {processor.py:157} INFO - Started process (PID=915) to work on /opt/airflow/dags/dbt_dag_parser.py
[2025-10-06T21:15:10.932+0000] {processor.py:829} INFO - Processing file /opt/airflow/dags/dbt_dag_parser.py for tasks to queue
[2025-10-06T21:15:10.934+0000] {logging_mixin.py:151} INFO - [2025-10-06T21:15:10.934+0000] {dagbag.py:539} INFO - Filling up the DagBag from /opt/airflow/dags/dbt_dag_parser.py
[2025-10-06T21:15:10.937+0000] {processor.py:841} WARNING - No viable dags retrieved from /opt/airflow/dags/dbt_dag_parser.py
[2025-10-06T21:15:10.985+0000] {processor.py:179} INFO - Processing /opt/airflow/dags/dbt_dag_parser.py took 0.078 seconds
[2025-10-06T21:15:36.235+0000] {processor.py:157} INFO - Started process (PID=937) to work on /opt/airflow/dags/dbt_dag_parser.py
[2025-10-06T21:15:36.237+0000] {processor.py:829} INFO - Processing file /opt/airflow/dags/dbt_dag_parser.py for tasks to queue
[2025-10-06T21:15:36.240+0000] {logging_mixin.py:151} INFO - [2025-10-06T21:15:36.239+0000] {dagbag.py:539} INFO - Filling up the DagBag from /opt/airflow/dags/dbt_dag_parser.py
[2025-10-06T21:15:36.244+0000] {processor.py:841} WARNING - No viable dags retrieved from /opt/airflow/dags/dbt_dag_parser.py
[2025-10-06T21:15:36.264+0000] {processor.py:179} INFO - Processing /opt/airflow/dags/dbt_dag_parser.py took 0.035 seconds
[2025-10-06T21:16:06.608+0000] {processor.py:157} INFO - Started process (PID=961) to work on /opt/airflow/dags/dbt_dag_parser.py
[2025-10-06T21:16:06.610+0000] {processor.py:829} INFO - Processing file /opt/airflow/dags/dbt_dag_parser.py for tasks to queue
[2025-10-06T21:16:06.612+0000] {logging_mixin.py:151} INFO - [2025-10-06T21:16:06.612+0000] {dagbag.py:539} INFO - Filling up the DagBag from /opt/airflow/dags/dbt_dag_parser.py
[2025-10-06T21:16:06.616+0000] {processor.py:841} WARNING - No viable dags retrieved from /opt/airflow/dags/dbt_dag_parser.py
[2025-10-06T21:16:06.637+0000] {processor.py:179} INFO - Processing /opt/airflow/dags/dbt_dag_parser.py took 0.034 seconds
[2025-10-06T21:16:36.826+0000] {processor.py:157} INFO - Started process (PID=984) to work on /opt/airflow/dags/dbt_dag_parser.py
[2025-10-06T21:16:36.828+0000] {processor.py:829} INFO - Processing file /opt/airflow/dags/dbt_dag_parser.py for tasks to queue
[2025-10-06T21:16:36.831+0000] {logging_mixin.py:151} INFO - [2025-10-06T21:16:36.831+0000] {dagbag.py:539} INFO - Filling up the DagBag from /opt/airflow/dags/dbt_dag_parser.py
[2025-10-06T21:16:36.834+0000] {processor.py:841} WARNING - No viable dags retrieved from /opt/airflow/dags/dbt_dag_parser.py
[2025-10-06T21:16:36.855+0000] {processor.py:179} INFO - Processing /opt/airflow/dags/dbt_dag_parser.py took 0.034 seconds
[2025-10-06T21:17:07.137+0000] {processor.py:157} INFO - Started process (PID=1006) to work on /opt/airflow/dags/dbt_dag_parser.py
[2025-10-06T21:17:07.139+0000] {processor.py:829} INFO - Processing file /opt/airflow/dags/dbt_dag_parser.py for tasks to queue
[2025-10-06T21:17:07.141+0000] {logging_mixin.py:151} INFO - [2025-10-06T21:17:07.141+0000] {dagbag.py:539} INFO - Filling up the DagBag from /opt/airflow/dags/dbt_dag_parser.py
[2025-10-06T21:17:07.144+0000] {processor.py:841} WARNING - No viable dags retrieved from /opt/airflow/dags/dbt_dag_parser.py
[2025-10-06T21:17:07.167+0000] {processor.py:179} INFO - Processing /opt/airflow/dags/dbt_dag_parser.py took 0.035 seconds
[2025-10-06T21:17:37.358+0000] {processor.py:157} INFO - Started process (PID=1037) to work on /opt/airflow/dags/dbt_dag_parser.py
[2025-10-06T21:17:37.372+0000] {processor.py:829} INFO - Processing file /opt/airflow/dags/dbt_dag_parser.py for tasks to queue
[2025-10-06T21:17:37.374+0000] {logging_mixin.py:151} INFO - [2025-10-06T21:17:37.374+0000] {dagbag.py:539} INFO - Filling up the DagBag from /opt/airflow/dags/dbt_dag_parser.py
[2025-10-06T21:17:37.377+0000] {processor.py:841} WARNING - No viable dags retrieved from /opt/airflow/dags/dbt_dag_parser.py
[2025-10-06T21:17:37.421+0000] {processor.py:179} INFO - Processing /opt/airflow/dags/dbt_dag_parser.py took 0.080 seconds
[2025-10-06T21:18:07.917+0000] {processor.py:157} INFO - Started process (PID=1060) to work on /opt/airflow/dags/dbt_dag_parser.py
[2025-10-06T21:18:07.918+0000] {processor.py:829} INFO - Processing file /opt/airflow/dags/dbt_dag_parser.py for tasks to queue
[2025-10-06T21:18:07.920+0000] {logging_mixin.py:151} INFO - [2025-10-06T21:18:07.920+0000] {dagbag.py:539} INFO - Filling up the DagBag from /opt/airflow/dags/dbt_dag_parser.py
[2025-10-06T21:18:07.935+0000] {processor.py:841} WARNING - No viable dags retrieved from /opt/airflow/dags/dbt_dag_parser.py
[2025-10-06T21:18:07.967+0000] {processor.py:179} INFO - Processing /opt/airflow/dags/dbt_dag_parser.py took 0.073 seconds
[2025-10-06T21:18:38.164+0000] {processor.py:157} INFO - Started process (PID=1080) to work on /opt/airflow/dags/dbt_dag_parser.py
[2025-10-06T21:18:38.169+0000] {processor.py:829} INFO - Processing file /opt/airflow/dags/dbt_dag_parser.py for tasks to queue
[2025-10-06T21:18:38.172+0000] {logging_mixin.py:151} INFO - [2025-10-06T21:18:38.172+0000] {dagbag.py:539} INFO - Filling up the DagBag from /opt/airflow/dags/dbt_dag_parser.py
[2025-10-06T21:18:38.176+0000] {processor.py:841} WARNING - No viable dags retrieved from /opt/airflow/dags/dbt_dag_parser.py
[2025-10-06T21:18:38.221+0000] {processor.py:179} INFO - Processing /opt/airflow/dags/dbt_dag_parser.py took 0.070 seconds
[2025-10-06T21:19:08.432+0000] {processor.py:157} INFO - Started process (PID=1101) to work on /opt/airflow/dags/dbt_dag_parser.py
[2025-10-06T21:19:08.433+0000] {processor.py:829} INFO - Processing file /opt/airflow/dags/dbt_dag_parser.py for tasks to queue
[2025-10-06T21:19:08.448+0000] {logging_mixin.py:151} INFO - [2025-10-06T21:19:08.448+0000] {dagbag.py:539} INFO - Filling up the DagBag from /opt/airflow/dags/dbt_dag_parser.py
[2025-10-06T21:19:08.459+0000] {processor.py:841} WARNING - No viable dags retrieved from /opt/airflow/dags/dbt_dag_parser.py
[2025-10-06T21:19:08.529+0000] {processor.py:179} INFO - Processing /opt/airflow/dags/dbt_dag_parser.py took 0.106 seconds
[2025-10-06T21:19:38.746+0000] {processor.py:157} INFO - Started process (PID=1124) to work on /opt/airflow/dags/dbt_dag_parser.py
[2025-10-06T21:19:38.748+0000] {processor.py:829} INFO - Processing file /opt/airflow/dags/dbt_dag_parser.py for tasks to queue
[2025-10-06T21:19:38.751+0000] {logging_mixin.py:151} INFO - [2025-10-06T21:19:38.751+0000] {dagbag.py:539} INFO - Filling up the DagBag from /opt/airflow/dags/dbt_dag_parser.py
[2025-10-06T21:19:38.754+0000] {processor.py:841} WARNING - No viable dags retrieved from /opt/airflow/dags/dbt_dag_parser.py
[2025-10-06T21:19:38.775+0000] {processor.py:179} INFO - Processing /opt/airflow/dags/dbt_dag_parser.py took 0.034 seconds
[2025-10-06T21:20:09.012+0000] {processor.py:157} INFO - Started process (PID=1146) to work on /opt/airflow/dags/dbt_dag_parser.py
[2025-10-06T21:20:09.013+0000] {processor.py:829} INFO - Processing file /opt/airflow/dags/dbt_dag_parser.py for tasks to queue
[2025-10-06T21:20:09.016+0000] {logging_mixin.py:151} INFO - [2025-10-06T21:20:09.016+0000] {dagbag.py:539} INFO - Filling up the DagBag from /opt/airflow/dags/dbt_dag_parser.py
[2025-10-06T21:20:09.019+0000] {processor.py:841} WARNING - No viable dags retrieved from /opt/airflow/dags/dbt_dag_parser.py
[2025-10-06T21:20:09.039+0000] {processor.py:179} INFO - Processing /opt/airflow/dags/dbt_dag_parser.py took 0.031 seconds
[2025-10-06T21:20:39.217+0000] {processor.py:157} INFO - Started process (PID=1169) to work on /opt/airflow/dags/dbt_dag_parser.py
[2025-10-06T21:20:39.219+0000] {processor.py:829} INFO - Processing file /opt/airflow/dags/dbt_dag_parser.py for tasks to queue
[2025-10-06T21:20:39.221+0000] {logging_mixin.py:151} INFO - [2025-10-06T21:20:39.221+0000] {dagbag.py:539} INFO - Filling up the DagBag from /opt/airflow/dags/dbt_dag_parser.py
[2025-10-06T21:20:39.224+0000] {processor.py:841} WARNING - No viable dags retrieved from /opt/airflow/dags/dbt_dag_parser.py
[2025-10-06T21:20:39.244+0000] {processor.py:179} INFO - Processing /opt/airflow/dags/dbt_dag_parser.py took 0.032 seconds
[2025-10-06T21:21:09.471+0000] {processor.py:157} INFO - Started process (PID=1192) to work on /opt/airflow/dags/dbt_dag_parser.py
[2025-10-06T21:21:09.474+0000] {processor.py:829} INFO - Processing file /opt/airflow/dags/dbt_dag_parser.py for tasks to queue
[2025-10-06T21:21:09.477+0000] {logging_mixin.py:151} INFO - [2025-10-06T21:21:09.477+0000] {dagbag.py:539} INFO - Filling up the DagBag from /opt/airflow/dags/dbt_dag_parser.py
[2025-10-06T21:21:09.480+0000] {processor.py:841} WARNING - No viable dags retrieved from /opt/airflow/dags/dbt_dag_parser.py
[2025-10-06T21:21:09.501+0000] {processor.py:179} INFO - Processing /opt/airflow/dags/dbt_dag_parser.py took 0.034 seconds
[2025-10-06T21:21:39.724+0000] {processor.py:157} INFO - Started process (PID=1215) to work on /opt/airflow/dags/dbt_dag_parser.py
[2025-10-06T21:21:39.727+0000] {processor.py:829} INFO - Processing file /opt/airflow/dags/dbt_dag_parser.py for tasks to queue
[2025-10-06T21:21:39.730+0000] {logging_mixin.py:151} INFO - [2025-10-06T21:21:39.729+0000] {dagbag.py:539} INFO - Filling up the DagBag from /opt/airflow/dags/dbt_dag_parser.py
[2025-10-06T21:21:39.732+0000] {processor.py:841} WARNING - No viable dags retrieved from /opt/airflow/dags/dbt_dag_parser.py
[2025-10-06T21:21:39.754+0000] {processor.py:179} INFO - Processing /opt/airflow/dags/dbt_dag_parser.py took 0.035 seconds
[2025-10-06T21:22:09.944+0000] {processor.py:157} INFO - Started process (PID=1238) to work on /opt/airflow/dags/dbt_dag_parser.py
[2025-10-06T21:22:09.947+0000] {processor.py:829} INFO - Processing file /opt/airflow/dags/dbt_dag_parser.py for tasks to queue
[2025-10-06T21:22:09.949+0000] {logging_mixin.py:151} INFO - [2025-10-06T21:22:09.949+0000] {dagbag.py:539} INFO - Filling up the DagBag from /opt/airflow/dags/dbt_dag_parser.py
[2025-10-06T21:22:09.952+0000] {processor.py:841} WARNING - No viable dags retrieved from /opt/airflow/dags/dbt_dag_parser.py
[2025-10-06T21:22:09.973+0000] {processor.py:179} INFO - Processing /opt/airflow/dags/dbt_dag_parser.py took 0.033 seconds
[2025-10-06T21:22:40.261+0000] {processor.py:157} INFO - Started process (PID=1258) to work on /opt/airflow/dags/dbt_dag_parser.py
[2025-10-06T21:22:40.270+0000] {processor.py:829} INFO - Processing file /opt/airflow/dags/dbt_dag_parser.py for tasks to queue
[2025-10-06T21:22:40.273+0000] {logging_mixin.py:151} INFO - [2025-10-06T21:22:40.273+0000] {dagbag.py:539} INFO - Filling up the DagBag from /opt/airflow/dags/dbt_dag_parser.py
[2025-10-06T21:22:40.280+0000] {processor.py:841} WARNING - No viable dags retrieved from /opt/airflow/dags/dbt_dag_parser.py
[2025-10-06T21:22:40.354+0000] {processor.py:179} INFO - Processing /opt/airflow/dags/dbt_dag_parser.py took 0.119 seconds
[2025-10-06T21:23:10.543+0000] {processor.py:157} INFO - Started process (PID=1279) to work on /opt/airflow/dags/dbt_dag_parser.py
[2025-10-06T21:23:10.546+0000] {processor.py:829} INFO - Processing file /opt/airflow/dags/dbt_dag_parser.py for tasks to queue
[2025-10-06T21:23:10.549+0000] {logging_mixin.py:151} INFO - [2025-10-06T21:23:10.548+0000] {dagbag.py:539} INFO - Filling up the DagBag from /opt/airflow/dags/dbt_dag_parser.py
[2025-10-06T21:23:10.551+0000] {processor.py:841} WARNING - No viable dags retrieved from /opt/airflow/dags/dbt_dag_parser.py
[2025-10-06T21:23:10.572+0000] {processor.py:179} INFO - Processing /opt/airflow/dags/dbt_dag_parser.py took 0.033 seconds
